[ 2013-04-09T14:17:24+08:00 ] 10.10.4.41 /Product/index.php/Part/add
INFO: [ route_check ] --START--
INFO: Run CheckRoute Behavior [ RunTime:0.002133s ]
INFO: [ route_check ] --END-- [ RunTime:0.002255s ]
INFO: [ app_begin ] --START--
INFO: Run ReadHtmlCache Behavior [ RunTime:0.002408s ]
INFO: [ app_begin ] --END-- [ RunTime:0.002526s ]
INFO: [ view_template ] --START--
INFO: Run LocationTemplate Behavior [ RunTime:0.002460s ]
INFO: [ view_template ] --END-- [ RunTime:0.002580s ]
INFO: [ view_parse ] --START--
INFO: Run ParseTemplate Behavior [ RunTime:0.023095s ]
INFO: [ view_parse ] --END-- [ RunTime:0.023218s ]
INFO: [ view_filter ] --START--
INFO: Run ContentReplace Behavior [ RunTime:0.001310s ]
INFO: Run TokenBuild Behavior [ RunTime:0.002096s ]
INFO: Run WriteHtmlCache Behavior [ RunTime:0.001122s ]
INFO: Run ShowRuntime Behavior [ RunTime:0.001718s ]
INFO: [ view_filter ] --END-- [ RunTime:0.006563s ]
INFO: [ view_end ] --START--
INFO: Run ShowPageTrace Behavior [ RunTime:0.001790s ]
INFO: [ view_end ] --END-- [ RunTime:0.001876s ]

[ 2013-04-09T14:17:29+08:00 ] 10.10.4.41 /Product/index.php/Part/Add
INFO: [ route_check ] --START--
INFO: Run CheckRoute Behavior [ RunTime:0.001675s ]
INFO: [ route_check ] --END-- [ RunTime:0.001778s ]
INFO: [ app_begin ] --START--
INFO: Run ReadHtmlCache Behavior [ RunTime:0.001121s ]
INFO: [ app_begin ] --END-- [ RunTime:0.001197s ]
SQL: SHOW COLUMNS FROM `product_part` [ RunTime:0.007269s ]
SQL: INSERT INTO `product_part` (`part_no`,`part_name`,`part_spec`,`modify_type`,`modify_user`) VALUES ('1','2','3','新增','Administrator') [ RunTime:0.004044s ]
INFO: [ view_template ] --START--
INFO: Run LocationTemplate Behavior [ RunTime:0.001445s ]
INFO: [ view_template ] --END-- [ RunTime:0.001543s ]
INFO: [ view_parse ] --START--
INFO: Run ParseTemplate Behavior [ RunTime:0.013493s ]
INFO: [ view_parse ] --END-- [ RunTime:0.013599s ]
INFO: [ view_filter ] --START--
INFO: Run ContentReplace Behavior [ RunTime:0.001083s ]
INFO: Run TokenBuild Behavior [ RunTime:0.001101s ]
INFO: Run WriteHtmlCache Behavior [ RunTime:0.000911s ]
INFO: Run ShowRuntime Behavior [ RunTime:0.001013s ]
INFO: [ view_filter ] --END-- [ RunTime:0.004390s ]
INFO: [ view_end ] --START--
INFO: Run ShowPageTrace Behavior [ RunTime:0.001516s ]
INFO: [ view_end ] --END-- [ RunTime:0.001599s ]

[ 2013-04-09T14:17:30+08:00 ] 10.10.4.41 /Product/index.php/Part/add
INFO: [ route_check ] --START--
INFO: Run CheckRoute Behavior [ RunTime:0.001511s ]
INFO: [ route_check ] --END-- [ RunTime:0.001632s ]
INFO: [ app_begin ] --START--
INFO: Run ReadHtmlCache Behavior [ RunTime:0.001185s ]
INFO: [ app_begin ] --END-- [ RunTime:0.001276s ]
INFO: [ view_template ] --START--
INFO: Run LocationTemplate Behavior [ RunTime:0.000911s ]
INFO: [ view_template ] --END-- [ RunTime:0.001007s ]
INFO: [ view_parse ] --START--
INFO: Run ParseTemplate Behavior [ RunTime:0.016233s ]
INFO: [ view_parse ] --END-- [ RunTime:0.016342s ]
INFO: [ view_filter ] --START--
INFO: Run ContentReplace Behavior [ RunTime:0.001031s ]
INFO: Run TokenBuild Behavior [ RunTime:0.001133s ]
INFO: Run WriteHtmlCache Behavior [ RunTime:0.000923s ]
INFO: Run ShowRuntime Behavior [ RunTime:0.001088s ]
INFO: [ view_filter ] --END-- [ RunTime:0.004450s ]
INFO: [ view_end ] --START--
INFO: Run ShowPageTrace Behavior [ RunTime:0.001309s ]
INFO: [ view_end ] --END-- [ RunTime:0.001401s ]

[ 2013-04-09T14:17:37+08:00 ] ERR: (ThinkException) 非法操作:list
[ 2013-04-09T14:17:37+08:00 ] 10.10.4.41 /Product/index.php/Part/list
INFO: [ route_check ] --START--
INFO: Run CheckRoute Behavior [ RunTime:0.001586s ]
INFO: [ route_check ] --END-- [ RunTime:0.001701s ]
INFO: [ app_begin ] --START--
INFO: Run ReadHtmlCache Behavior [ RunTime:0.001119s ]
INFO: [ app_begin ] --END-- [ RunTime:0.001207s ]
NOTIC: [8] Undefined index: class D:\Product\ThinkPHP\Lib\Core\ThinkException.class.php 第 63 行.
NOTIC: [8] Undefined index: type D:\Product\ThinkPHP\Lib\Core\ThinkException.class.php 第 63 行.
NOTIC: [8] Undefined index: file D:\Product\ThinkPHP\Lib\Core\ThinkException.class.php 第 62 行.
NOTIC: [8] Undefined index: line D:\Product\ThinkPHP\Lib\Core\ThinkException.class.php 第 62 行.
NOTIC: [4096] Object of class PartAction could not be converted to string D:\Product\ThinkPHP\Lib\Core\ThinkException.class.php 第 64 行.
NOTIC: [8] Array to string conversion D:\Product\ThinkPHP\Lib\Core\ThinkException.class.php 第 64 行.
NOTIC: [8] Undefined index: class D:\Product\ThinkPHP\Lib\Core\ThinkException.class.php 第 63 行.
NOTIC: [8] Undefined index: type D:\Product\ThinkPHP\Lib\Core\ThinkException.class.php 第 63 行.
NOTIC: [8] Undefined index: class D:\Product\ThinkPHP\Lib\Core\ThinkException.class.php 第 63 行.
NOTIC: [8] Undefined index: type D:\Product\ThinkPHP\Lib\Core\ThinkException.class.php 第 63 行.

[ 2013-04-09T14:17:45+08:00 ] 10.10.4.41 /Product/index.php/Part/listgb
INFO: [ route_check ] --START--
INFO: Run CheckRoute Behavior [ RunTime:0.002888s ]
INFO: [ route_check ] --END-- [ RunTime:0.003018s ]
INFO: [ app_begin ] --START--
INFO: Run ReadHtmlCache Behavior [ RunTime:0.001300s ]
INFO: [ app_begin ] --END-- [ RunTime:0.001411s ]
SQL: SHOW COLUMNS FROM `product_part` [ RunTime:0.021850s ]
SQL: SELECT * FROM `product_part` ORDER BY id desc LIMIT 40   [ RunTime:0.003998s ]
INFO: [ view_template ] --START--
INFO: Run LocationTemplate Behavior [ RunTime:0.001470s ]
INFO: [ view_template ] --END-- [ RunTime:0.001571s ]
INFO: [ view_parse ] --START--
INFO: Run ParseTemplate Behavior [ RunTime:0.019232s ]
INFO: [ view_parse ] --END-- [ RunTime:0.019333s ]
INFO: [ view_filter ] --START--
INFO: Run ContentReplace Behavior [ RunTime:0.000954s ]
INFO: Run TokenBuild Behavior [ RunTime:0.000978s ]
INFO: Run WriteHtmlCache Behavior [ RunTime:0.000744s ]
INFO: Run ShowRuntime Behavior [ RunTime:0.001090s ]
INFO: [ view_filter ] --END-- [ RunTime:0.004023s ]
INFO: [ view_end ] --START--
INFO: Run ShowPageTrace Behavior [ RunTime:0.001666s ]
INFO: [ view_end ] --END-- [ RunTime:0.001753s ]

[ 2013-04-09T14:19:09+08:00 ] 10.10.4.41 /Product/index.php/Part/add
INFO: [ route_check ] --START--
INFO: Run CheckRoute Behavior [ RunTime:0.002196s ]
INFO: [ route_check ] --END-- [ RunTime:0.002340s ]
INFO: [ app_begin ] --START--
INFO: Run ReadHtmlCache Behavior [ RunTime:0.001294s ]
INFO: [ app_begin ] --END-- [ RunTime:0.001403s ]
INFO: [ view_template ] --START--
INFO: Run LocationTemplate Behavior [ RunTime:0.000992s ]
INFO: [ view_template ] --END-- [ RunTime:0.001093s ]
INFO: [ view_parse ] --START--
INFO: Run ParseTemplate Behavior [ RunTime:0.017905s ]
INFO: [ view_parse ] --END-- [ RunTime:0.018002s ]
INFO: [ view_filter ] --START--
INFO: Run ContentReplace Behavior [ RunTime:0.001020s ]
INFO: Run TokenBuild Behavior [ RunTime:0.000869s ]
INFO: Run WriteHtmlCache Behavior [ RunTime:0.001161s ]
INFO: Run ShowRuntime Behavior [ RunTime:0.001202s ]
INFO: [ view_filter ] --END-- [ RunTime:0.004509s ]
INFO: [ view_end ] --START--
INFO: Run ShowPageTrace Behavior [ RunTime:0.001996s ]
INFO: [ view_end ] --END-- [ RunTime:0.002106s ]

[ 2013-04-09T14:19:11+08:00 ] 10.10.4.41 /Product/index.php/Part/Add
INFO: [ route_check ] --START--
INFO: Run CheckRoute Behavior [ RunTime:0.003784s ]
INFO: [ route_check ] --END-- [ RunTime:0.004011s ]
INFO: [ app_begin ] --START--
INFO: Run ReadHtmlCache Behavior [ RunTime:0.001264s ]
INFO: [ app_begin ] --END-- [ RunTime:0.001354s ]
SQL: SHOW COLUMNS FROM `product_part` [ RunTime:0.007417s ]
SQL: INSERT INTO `product_part` (`part_no`,`part_name`,`part_spec`,`modify_type`,`modify_user`) VALUES ('','','','新增','Administrator') [ RunTime:0.004051s ]
INFO: [ view_template ] --START--
INFO: Run LocationTemplate Behavior [ RunTime:0.001060s ]
INFO: [ view_template ] --END-- [ RunTime:0.001165s ]
INFO: [ view_parse ] --START--
INFO: Run ParseTemplate Behavior [ RunTime:0.015427s ]
INFO: [ view_parse ] --END-- [ RunTime:0.015542s ]
INFO: [ view_filter ] --START--
INFO: Run ContentReplace Behavior [ RunTime:0.000915s ]
INFO: Run TokenBuild Behavior [ RunTime:0.000957s ]
INFO: Run WriteHtmlCache Behavior [ RunTime:0.000905s ]
INFO: Run ShowRuntime Behavior [ RunTime:0.001022s ]
INFO: [ view_filter ] --END-- [ RunTime:0.004078s ]
INFO: [ view_end ] --START--
INFO: Run ShowPageTrace Behavior [ RunTime:0.001312s ]
INFO: [ view_end ] --END-- [ RunTime:0.001413s ]

[ 2013-04-09T14:19:12+08:00 ] 10.10.4.41 /Product/index.php/Part/add
INFO: [ route_check ] --START--
INFO: Run CheckRoute Behavior [ RunTime:0.001404s ]
INFO: [ route_check ] --END-- [ RunTime:0.001520s ]
INFO: [ app_begin ] --START--
INFO: Run ReadHtmlCache Behavior [ RunTime:0.001100s ]
INFO: [ app_begin ] --END-- [ RunTime:0.001185s ]
INFO: [ view_template ] --START--
INFO: Run LocationTemplate Behavior [ RunTime:0.000947s ]
INFO: [ view_template ] --END-- [ RunTime:0.001050s ]
INFO: [ view_parse ] --START--
INFO: Run ParseTemplate Behavior [ RunTime:0.017651s ]
INFO: [ view_parse ] --END-- [ RunTime:0.017757s ]
INFO: [ view_filter ] --START--
INFO: Run ContentReplace Behavior [ RunTime:0.000966s ]
INFO: Run TokenBuild Behavior [ RunTime:0.000868s ]
INFO: Run WriteHtmlCache Behavior [ RunTime:0.000730s ]
INFO: Run ShowRuntime Behavior [ RunTime:0.000998s ]
INFO: [ view_filter ] --END-- [ RunTime:0.003810s ]
INFO: [ view_end ] --START--
INFO: Run ShowPageTrace Behavior [ RunTime:0.001722s ]
INFO: [ view_end ] --END-- [ RunTime:0.001825s ]

[ 2013-04-09T14:26:57+08:00 ] 10.10.4.41 /Product/
INFO: [ app_begin ] --START--
INFO: Run ReadHtmlCache Behavior [ RunTime:0.001740s ]
INFO: [ app_begin ] --END-- [ RunTime:0.001908s ]
SQL: SHOW COLUMNS FROM `product_modify` [ RunTime:0.026211s ]
SQL: SELECT * FROM `product_modify` WHERE ( status=1 ) ORDER BY id desc LIMIT 20   [ RunTime:0.003630s ]
INFO: [ view_template ] --START--
INFO: Run LocationTemplate Behavior [ RunTime:0.002275s ]
INFO: [ view_template ] --END-- [ RunTime:0.002384s ]
INFO: [ view_parse ] --START--
INFO: Run ParseTemplate Behavior [ RunTime:0.048344s ]
INFO: [ view_parse ] --END-- [ RunTime:0.048439s ]
INFO: [ view_filter ] --START--
INFO: Run ContentReplace Behavior [ RunTime:0.001392s ]
INFO: Run TokenBuild Behavior [ RunTime:0.001240s ]
INFO: Run WriteHtmlCache Behavior [ RunTime:0.001396s ]
INFO: Run ShowRuntime Behavior [ RunTime:0.001745s ]
INFO: [ view_filter ] --END-- [ RunTime:0.007625s ]
INFO: [ view_end ] --START--
INFO: Run ShowPageTrace Behavior [ RunTime:0.001746s ]
INFO: [ view_end ] --END-- [ RunTime:0.001828s ]

[ 2013-04-09T14:27:04+08:00 ] 10.10.4.41 /Product/index.php/Part/add
INFO: [ route_check ] --START--
INFO: Run CheckRoute Behavior [ RunTime:0.001866s ]
INFO: [ route_check ] --END-- [ RunTime:0.001994s ]
INFO: [ app_begin ] --START--
INFO: Run ReadHtmlCache Behavior [ RunTime:0.001597s ]
INFO: [ app_begin ] --END-- [ RunTime:0.001708s ]
INFO: [ view_template ] --START--
INFO: Run LocationTemplate Behavior [ RunTime:0.001927s ]
INFO: [ view_template ] --END-- [ RunTime:0.002185s ]
INFO: [ view_parse ] --START--
INFO: Run ParseTemplate Behavior [ RunTime:0.018416s ]
INFO: [ view_parse ] --END-- [ RunTime:0.018514s ]
INFO: [ view_filter ] --START--
INFO: Run ContentReplace Behavior [ RunTime:0.000915s ]
INFO: Run TokenBuild Behavior [ RunTime:0.000879s ]
INFO: Run WriteHtmlCache Behavior [ RunTime:0.001765s ]
INFO: Run ShowRuntime Behavior [ RunTime:0.001341s ]
INFO: [ view_filter ] --END-- [ RunTime:0.005175s ]
INFO: [ view_end ] --START--
INFO: Run ShowPageTrace Behavior [ RunTime:0.001217s ]
INFO: [ view_end ] --END-- [ RunTime:0.001297s ]

[ 2013-04-09T14:27:08+08:00 ] 10.10.4.41 /Product/index.php/Part/Add
INFO: [ route_check ] --START--
INFO: Run CheckRoute Behavior [ RunTime:0.001343s ]
INFO: [ route_check ] --END-- [ RunTime:0.001443s ]
INFO: [ app_begin ] --START--
INFO: Run ReadHtmlCache Behavior [ RunTime:0.001106s ]
INFO: [ app_begin ] --END-- [ RunTime:0.001183s ]
SQL: SHOW COLUMNS FROM `product_part` [ RunTime:0.026230s ]
SQL: INSERT INTO `product_part` (`part_no`,`part_name`,`part_spec`,`modify_type`,`modify_user`) VALUES ('1','z','','新增','Administrator') [ RunTime:0.003883s ]
INFO: [ view_template ] --START--
INFO: Run LocationTemplate Behavior [ RunTime:0.001338s ]
INFO: [ view_template ] --END-- [ RunTime:0.001437s ]
INFO: [ view_parse ] --START--
INFO: Run ParseTemplate Behavior [ RunTime:0.013444s ]
INFO: [ view_parse ] --END-- [ RunTime:0.013559s ]
INFO: [ view_filter ] --START--
INFO: Run ContentReplace Behavior [ RunTime:0.001084s ]
INFO: Run TokenBuild Behavior [ RunTime:0.001323s ]
INFO: Run WriteHtmlCache Behavior [ RunTime:0.000899s ]
INFO: Run ShowRuntime Behavior [ RunTime:0.000990s ]
INFO: [ view_filter ] --END-- [ RunTime:0.004589s ]
INFO: [ view_end ] --START--
INFO: Run ShowPageTrace Behavior [ RunTime:0.001191s ]
INFO: [ view_end ] --END-- [ RunTime:0.001267s ]

[ 2013-04-09T14:27:09+08:00 ] 10.10.4.41 /Product/index.php/Part/add
INFO: [ route_check ] --START--
INFO: Run CheckRoute Behavior [ RunTime:0.003581s ]
INFO: [ route_check ] --END-- [ RunTime:0.003733s ]
INFO: [ app_begin ] --START--
INFO: Run ReadHtmlCache Behavior [ RunTime:0.001212s ]
INFO: [ app_begin ] --END-- [ RunTime:0.001322s ]
INFO: [ view_template ] --START--
INFO: Run LocationTemplate Behavior [ RunTime:0.001166s ]
INFO: [ view_template ] --END-- [ RunTime:0.001282s ]
INFO: [ view_parse ] --START--
INFO: Run ParseTemplate Behavior [ RunTime:0.023605s ]
INFO: [ view_parse ] --END-- [ RunTime:0.023723s ]
INFO: [ view_filter ] --START--
INFO: Run ContentReplace Behavior [ RunTime:0.001147s ]
INFO: Run TokenBuild Behavior [ RunTime:0.001161s ]
INFO: Run WriteHtmlCache Behavior [ RunTime:0.000800s ]
INFO: Run ShowRuntime Behavior [ RunTime:0.000999s ]
INFO: [ view_filter ] --END-- [ RunTime:0.004363s ]
INFO: [ view_end ] --START--
INFO: Run ShowPageTrace Behavior [ RunTime:0.003480s ]
INFO: [ view_end ] --END-- [ RunTime:0.003579s ]

[ 2013-04-09T14:31:00+08:00 ] 10.10.4.41 /Product/index.php/Part/Add
INFO: [ route_check ] --START--
INFO: Run CheckRoute Behavior [ RunTime:0.002681s ]
INFO: [ route_check ] --END-- [ RunTime:0.002845s ]
INFO: [ app_begin ] --START--
INFO: Run ReadHtmlCache Behavior [ RunTime:0.001468s ]
INFO: [ app_begin ] --END-- [ RunTime:0.001583s ]
SQL: SHOW COLUMNS FROM `product_part` [ RunTime:0.024368s ]
INFO: [ view_template ] --START--
INFO: Run LocationTemplate Behavior [ RunTime:0.001925s ]
INFO: [ view_template ] --END-- [ RunTime:0.002050s ]
INFO: [ view_parse ] --START--
INFO: Run ParseTemplate Behavior [ RunTime:0.016306s ]
INFO: [ view_parse ] --END-- [ RunTime:0.016427s ]
INFO: [ view_filter ] --START--
INFO: Run ContentReplace Behavior [ RunTime:0.001375s ]
INFO: Run TokenBuild Behavior [ RunTime:0.001361s ]
INFO: Run WriteHtmlCache Behavior [ RunTime:0.001339s ]
INFO: Run ShowRuntime Behavior [ RunTime:0.001775s ]
INFO: [ view_filter ] --END-- [ RunTime:0.006136s ]
INFO: [ view_end ] --START--
INFO: Run ShowPageTrace Behavior [ RunTime:0.001731s ]
INFO: [ view_end ] --END-- [ RunTime:0.001814s ]

[ 2013-04-09T14:31:33+08:00 ] 10.10.4.41 /Product/index.php/Part/Add
INFO: [ route_check ] --START--
INFO: Run CheckRoute Behavior [ RunTime:0.001661s ]
INFO: [ route_check ] --END-- [ RunTime:0.001772s ]
INFO: [ app_begin ] --START--
INFO: Run ReadHtmlCache Behavior [ RunTime:0.001210s ]
INFO: [ app_begin ] --END-- [ RunTime:0.001290s ]
SQL: SHOW COLUMNS FROM `product_part` [ RunTime:0.012155s ]
INFO: [ view_template ] --START--
INFO: Run LocationTemplate Behavior [ RunTime:0.001100s ]
INFO: [ view_template ] --END-- [ RunTime:0.001191s ]
INFO: [ view_parse ] --START--
INFO: Run ParseTemplate Behavior [ RunTime:0.013206s ]
INFO: [ view_parse ] --END-- [ RunTime:0.013316s ]
INFO: [ view_filter ] --START--
INFO: Run ContentReplace Behavior [ RunTime:0.001138s ]
INFO: Run TokenBuild Behavior [ RunTime:0.001122s ]
INFO: Run WriteHtmlCache Behavior [ RunTime:0.000818s ]
INFO: Run ShowRuntime Behavior [ RunTime:0.001034s ]
INFO: [ view_filter ] --END-- [ RunTime:0.004376s ]
INFO: [ view_end ] --START--
INFO: Run ShowPageTrace Behavior [ RunTime:0.001175s ]
INFO: [ view_end ] --END-- [ RunTime:0.001267s ]

[ 2013-04-09T15:00:48+08:00 ] 127.0.0.1 /product/
INFO: [ app_begin ] --START--
INFO: Run ReadHtmlCache Behavior [ RunTime:0.001660s ]
INFO: [ app_begin ] --END-- [ RunTime:0.001849s ]
SQL: SHOW COLUMNS FROM `product_modify` [ RunTime:0.029289s ]
SQL: SELECT * FROM `product_modify` WHERE ( status=1 ) ORDER BY id desc LIMIT 20   [ RunTime:0.003251s ]
INFO: [ view_template ] --START--
INFO: Run LocationTemplate Behavior [ RunTime:0.002821s ]
INFO: [ view_template ] --END-- [ RunTime:0.002947s ]
INFO: [ view_parse ] --START--
NOTIC: [8] Undefined index: user_logined D:\Product\Runtime\Cache\70e4ac6229bd5f1254ecfd4db6987037.php 第 48 行.
INFO: Run ParseTemplate Behavior [ RunTime:0.046754s ]
INFO: [ view_parse ] --END-- [ RunTime:0.046853s ]
INFO: [ view_filter ] --START--
INFO: Run ContentReplace Behavior [ RunTime:0.001465s ]
INFO: Run TokenBuild Behavior [ RunTime:0.002948s ]
INFO: Run WriteHtmlCache Behavior [ RunTime:0.001649s ]
INFO: Run ShowRuntime Behavior [ RunTime:0.001973s ]
INFO: [ view_filter ] --END-- [ RunTime:0.008308s ]
INFO: [ view_end ] --START--
INFO: Run ShowPageTrace Behavior [ RunTime:0.002442s ]
INFO: [ view_end ] --END-- [ RunTime:0.002530s ]

[ 2013-04-09T15:00:54+08:00 ] 127.0.0.1 /product/index.php/Admin/login
INFO: [ route_check ] --START--
INFO: Run CheckRoute Behavior [ RunTime:0.001747s ]
INFO: [ route_check ] --END-- [ RunTime:0.001857s ]
INFO: [ app_begin ] --START--
INFO: Run ReadHtmlCache Behavior [ RunTime:0.001378s ]
INFO: [ app_begin ] --END-- [ RunTime:0.001471s ]
INFO: [ view_template ] --START--
INFO: Run LocationTemplate Behavior [ RunTime:0.001992s ]
INFO: [ view_template ] --END-- [ RunTime:0.002102s ]
INFO: [ view_parse ] --START--
INFO: Run ParseTemplate Behavior [ RunTime:0.016936s ]
INFO: [ view_parse ] --END-- [ RunTime:0.017037s ]
INFO: [ view_filter ] --START--
INFO: Run ContentReplace Behavior [ RunTime:0.000870s ]
INFO: Run TokenBuild Behavior [ RunTime:0.000854s ]
INFO: Run WriteHtmlCache Behavior [ RunTime:0.000716s ]
INFO: Run ShowRuntime Behavior [ RunTime:0.001055s ]
INFO: [ view_filter ] --END-- [ RunTime:0.003723s ]
INFO: [ view_end ] --START--
INFO: Run ShowPageTrace Behavior [ RunTime:0.001294s ]
INFO: [ view_end ] --END-- [ RunTime:0.001375s ]

[ 2013-04-09T15:01:01+08:00 ] 127.0.0.1 /product/index.php/Admin/login
INFO: [ route_check ] --START--
INFO: Run CheckRoute Behavior [ RunTime:0.001404s ]
INFO: [ route_check ] --END-- [ RunTime:0.001507s ]
INFO: [ app_begin ] --START--
INFO: Run ReadHtmlCache Behavior [ RunTime:0.001158s ]
INFO: [ app_begin ] --END-- [ RunTime:0.001244s ]
SQL: SHOW COLUMNS FROM `product_user` [ RunTime:0.021390s ]
SQL: SELECT COUNT(*) AS tp_count FROM `product_user` WHERE ( `username` = 'admin' ) AND ( `password` = 'e8856' ) AND ( `status` = 1 ) LIMIT 1   [ RunTime:0.003380s ]
SQL: SELECT `id` FROM `product_user` WHERE ( `username` = 'admin' ) AND ( `password` = 'e8856' ) AND ( `status` = 1 )  [ RunTime:0.003011s ]
SQL: UPDATE `product_user` SET `lastlogin`='2013-04-09 15:01:01' WHERE ( id=1 ) [ RunTime:0.003954s ]
SQL: SELECT role_right FROM product_role INNER JOIN product_user ON product_user.role_id=product_role.id WHERE product_user.id=1 [ RunTime:0.002552s ]
SQL: SELECT `realname` FROM `product_user` WHERE ( id=1 )  [ RunTime:0.000676s ]
INFO: [ view_template ] --START--
INFO: Run LocationTemplate Behavior [ RunTime:0.001387s ]
INFO: [ view_template ] --END-- [ RunTime:0.001486s ]
INFO: [ view_parse ] --START--
INFO: Run ParseTemplate Behavior [ RunTime:0.015640s ]
INFO: [ view_parse ] --END-- [ RunTime:0.015755s ]
INFO: [ view_filter ] --START--
INFO: Run ContentReplace Behavior [ RunTime:0.001211s ]
INFO: Run TokenBuild Behavior [ RunTime:0.001242s ]
INFO: Run WriteHtmlCache Behavior [ RunTime:0.000807s ]
INFO: Run ShowRuntime Behavior [ RunTime:0.001063s ]
INFO: [ view_filter ] --END-- [ RunTime:0.010210s ]
INFO: [ view_end ] --START--
INFO: Run ShowPageTrace Behavior [ RunTime:0.001247s ]
INFO: [ view_end ] --END-- [ RunTime:0.001330s ]

[ 2013-04-09T15:01:02+08:00 ] 127.0.0.1 /product/index.php/Admin/index
INFO: [ route_check ] --START--
INFO: Run CheckRoute Behavior [ RunTime:0.001573s ]
INFO: [ route_check ] --END-- [ RunTime:0.001701s ]
INFO: [ app_begin ] --START--
INFO: Run ReadHtmlCache Behavior [ RunTime:0.001354s ]
INFO: [ app_begin ] --END-- [ RunTime:0.001491s ]
INFO: [ view_template ] --START--
INFO: Run LocationTemplate Behavior [ RunTime:0.001593s ]
INFO: [ view_template ] --END-- [ RunTime:0.001717s ]
INFO: [ view_parse ] --START--
INFO: Run ParseTemplate Behavior [ RunTime:0.018082s ]
INFO: [ view_parse ] --END-- [ RunTime:0.018190s ]
INFO: [ view_filter ] --START--
INFO: Run ContentReplace Behavior [ RunTime:0.000926s ]
INFO: Run TokenBuild Behavior [ RunTime:0.000862s ]
INFO: Run WriteHtmlCache Behavior [ RunTime:0.000927s ]
INFO: Run ShowRuntime Behavior [ RunTime:0.001232s ]
INFO: [ view_filter ] --END-- [ RunTime:0.004201s ]
INFO: [ view_end ] --START--
INFO: Run ShowPageTrace Behavior [ RunTime:0.002455s ]
INFO: [ view_end ] --END-- [ RunTime:0.002541s ]

[ 2013-04-09T15:01:11+08:00 ] 127.0.0.1 /product/index.php/Part/add
INFO: [ route_check ] --START--
INFO: Run CheckRoute Behavior [ RunTime:0.001657s ]
INFO: [ route_check ] --END-- [ RunTime:0.001786s ]
INFO: [ app_begin ] --START--
INFO: Run ReadHtmlCache Behavior [ RunTime:0.001128s ]
INFO: [ app_begin ] --END-- [ RunTime:0.001213s ]
INFO: [ view_template ] --START--
INFO: Run LocationTemplate Behavior [ RunTime:0.001708s ]
INFO: [ view_template ] --END-- [ RunTime:0.001829s ]
INFO: [ view_parse ] --START--
INFO: Run ParseTemplate Behavior [ RunTime:0.018861s ]
INFO: [ view_parse ] --END-- [ RunTime:0.018963s ]
INFO: [ view_filter ] --START--
INFO: Run ContentReplace Behavior [ RunTime:0.001206s ]
INFO: Run TokenBuild Behavior [ RunTime:0.001338s ]
INFO: Run WriteHtmlCache Behavior [ RunTime:0.001053s ]
INFO: Run ShowRuntime Behavior [ RunTime:0.001193s ]
INFO: [ view_filter ] --END-- [ RunTime:0.005083s ]
INFO: [ view_end ] --START--
INFO: Run ShowPageTrace Behavior [ RunTime:0.001587s ]
INFO: [ view_end ] --END-- [ RunTime:0.001679s ]

[ 2013-04-09T15:01:20+08:00 ] 127.0.0.1 /product/index.php/Part/Add
INFO: [ route_check ] --START--
INFO: Run CheckRoute Behavior [ RunTime:0.002097s ]
INFO: [ route_check ] --END-- [ RunTime:0.002262s ]
INFO: [ app_begin ] --START--
INFO: Run ReadHtmlCache Behavior [ RunTime:0.001219s ]
INFO: [ app_begin ] --END-- [ RunTime:0.001302s ]
SQL: SHOW COLUMNS FROM `product_part` [ RunTime:0.049661s ]
SQL: INSERT INTO `product_part` (`part_no`,`part_name`,`part_spec`,`modify_type`,`modify_user`,`create_time`,`input_ip`) VALUES ('ee','ff','zzz','新增','Administrator','2013-04-09 15:01:20','127.0.0.1') [ RunTime:0.003597s ]
INFO: [ view_template ] --START--
INFO: Run LocationTemplate Behavior [ RunTime:0.000968s ]
INFO: [ view_template ] --END-- [ RunTime:0.001053s ]
INFO: [ view_parse ] --START--
INFO: Run ParseTemplate Behavior [ RunTime:0.014352s ]
INFO: [ view_parse ] --END-- [ RunTime:0.014467s ]
INFO: [ view_filter ] --START--
INFO: Run ContentReplace Behavior [ RunTime:0.001007s ]
INFO: Run TokenBuild Behavior [ RunTime:0.000869s ]
INFO: Run WriteHtmlCache Behavior [ RunTime:0.000727s ]
INFO: Run ShowRuntime Behavior [ RunTime:0.001323s ]
INFO: [ view_filter ] --END-- [ RunTime:0.004171s ]
INFO: [ view_end ] --START--
INFO: Run ShowPageTrace Behavior [ RunTime:0.001593s ]
INFO: [ view_end ] --END-- [ RunTime:0.001694s ]

[ 2013-04-09T15:01:21+08:00 ] 127.0.0.1 /product/index.php/Part/add
INFO: [ route_check ] --START--
INFO: Run CheckRoute Behavior [ RunTime:0.001639s ]
INFO: [ route_check ] --END-- [ RunTime:0.001749s ]
INFO: [ app_begin ] --START--
INFO: Run ReadHtmlCache Behavior [ RunTime:0.001402s ]
INFO: [ app_begin ] --END-- [ RunTime:0.001511s ]
INFO: [ view_template ] --START--
INFO: Run LocationTemplate Behavior [ RunTime:0.001173s ]
INFO: [ view_template ] --END-- [ RunTime:0.001279s ]
INFO: [ view_parse ] --START--
INFO: Run ParseTemplate Behavior [ RunTime:0.018346s ]
INFO: [ view_parse ] --END-- [ RunTime:0.018452s ]
INFO: [ view_filter ] --START--
INFO: Run ContentReplace Behavior [ RunTime:0.001076s ]
INFO: Run TokenBuild Behavior [ RunTime:0.001093s ]
INFO: Run WriteHtmlCache Behavior [ RunTime:0.000732s ]
INFO: Run ShowRuntime Behavior [ RunTime:0.001044s ]
INFO: [ view_filter ] --END-- [ RunTime:0.004219s ]
INFO: [ view_end ] --START--
INFO: Run ShowPageTrace Behavior [ RunTime:0.001170s ]
INFO: [ view_end ] --END-- [ RunTime:0.001250s ]

[ 2013-04-09T15:01:38+08:00 ] 127.0.0.1 /product/index.php/Part/listgb
INFO: [ route_check ] --START--
INFO: Run CheckRoute Behavior [ RunTime:0.001754s ]
INFO: [ route_check ] --END-- [ RunTime:0.001894s ]
INFO: [ app_begin ] --START--
INFO: Run ReadHtmlCache Behavior [ RunTime:0.001145s ]
INFO: [ app_begin ] --END-- [ RunTime:0.001235s ]
SQL: SHOW COLUMNS FROM `product_part` [ RunTime:0.012585s ]
SQL: SELECT * FROM `product_part` ORDER BY id desc LIMIT 40   [ RunTime:0.004197s ]
INFO: [ view_template ] --START--
INFO: Run LocationTemplate Behavior [ RunTime:0.001700s ]
INFO: [ view_template ] --END-- [ RunTime:0.001814s ]
INFO: [ view_parse ] --START--
INFO: Run ParseTemplate Behavior [ RunTime:0.018169s ]
INFO: [ view_parse ] --END-- [ RunTime:0.018268s ]
INFO: [ view_filter ] --START--
INFO: Run ContentReplace Behavior [ RunTime:0.000923s ]
INFO: Run TokenBuild Behavior [ RunTime:0.000862s ]
INFO: Run WriteHtmlCache Behavior [ RunTime:0.000712s ]
INFO: Run ShowRuntime Behavior [ RunTime:0.001632s ]
INFO: [ view_filter ] --END-- [ RunTime:0.004396s ]
INFO: [ view_end ] --START--
INFO: Run ShowPageTrace Behavior [ RunTime:0.004660s ]
INFO: [ view_end ] --END-- [ RunTime:0.004757s ]

[ 2013-04-09T15:09:24+08:00 ] 10.10.4.41 /Product/
INFO: [ app_begin ] --START--
INFO: Run ReadHtmlCache Behavior [ RunTime:0.001710s ]
INFO: [ app_begin ] --END-- [ RunTime:0.002100s ]
SQL: SHOW COLUMNS FROM `product_modify` [ RunTime:0.019834s ]
SQL: SELECT * FROM `product_modify` WHERE ( status=1 ) ORDER BY id desc LIMIT 20   [ RunTime:0.003833s ]
INFO: [ view_template ] --START--
INFO: Run LocationTemplate Behavior [ RunTime:0.002457s ]
INFO: [ view_template ] --END-- [ RunTime:0.002573s ]
INFO: [ view_parse ] --START--
INFO: Run ParseTemplate Behavior [ RunTime:0.021983s ]
INFO: [ view_parse ] --END-- [ RunTime:0.022083s ]
INFO: [ view_filter ] --START--
INFO: Run ContentReplace Behavior [ RunTime:0.002228s ]
INFO: Run TokenBuild Behavior [ RunTime:0.001417s ]
INFO: Run WriteHtmlCache Behavior [ RunTime:0.008791s ]
INFO: Run ShowRuntime Behavior [ RunTime:0.002539s ]
INFO: [ view_filter ] --END-- [ RunTime:0.015255s ]
INFO: [ view_end ] --START--
INFO: Run ShowPageTrace Behavior [ RunTime:0.001666s ]
INFO: [ view_end ] --END-- [ RunTime:0.001757s ]

[ 2013-04-09T15:10:11+08:00 ] 10.10.4.41 /Product/index.php/Admin/logout
INFO: [ route_check ] --START--
INFO: Run CheckRoute Behavior [ RunTime:0.002496s ]
INFO: [ route_check ] --END-- [ RunTime:0.002644s ]
INFO: [ app_begin ] --START--
INFO: Run ReadHtmlCache Behavior [ RunTime:0.001401s ]
INFO: [ app_begin ] --END-- [ RunTime:0.001515s ]
INFO: [ view_template ] --START--
INFO: Run LocationTemplate Behavior [ RunTime:0.001305s ]
INFO: [ view_template ] --END-- [ RunTime:0.001402s ]
INFO: [ view_parse ] --START--
INFO: Run ParseTemplate Behavior [ RunTime:0.014534s ]
INFO: [ view_parse ] --END-- [ RunTime:0.014644s ]
INFO: [ view_filter ] --START--
INFO: Run ContentReplace Behavior [ RunTime:0.000992s ]
INFO: Run TokenBuild Behavior [ RunTime:0.000939s ]
INFO: Run WriteHtmlCache Behavior [ RunTime:0.000814s ]
INFO: Run ShowRuntime Behavior [ RunTime:0.001408s ]
INFO: [ view_filter ] --END-- [ RunTime:0.004420s ]
INFO: [ view_end ] --START--
INFO: Run ShowPageTrace Behavior [ RunTime:0.001366s ]
INFO: [ view_end ] --END-- [ RunTime:0.001458s ]

[ 2013-04-09T15:10:13+08:00 ] 10.10.4.41 /Product/index.php
INFO: [ app_begin ] --START--
INFO: Run ReadHtmlCache Behavior [ RunTime:0.001124s ]
INFO: [ app_begin ] --END-- [ RunTime:0.001216s ]
SQL: SHOW COLUMNS FROM `product_modify` [ RunTime:0.024270s ]
SQL: SELECT * FROM `product_modify` WHERE ( status=1 ) ORDER BY id desc LIMIT 20   [ RunTime:0.003765s ]
INFO: [ view_template ] --START--
INFO: Run LocationTemplate Behavior [ RunTime:0.001046s ]
INFO: [ view_template ] --END-- [ RunTime:0.001139s ]
INFO: [ view_parse ] --START--
NOTIC: [8] Undefined index: user_logined D:\Product\Runtime\Cache\70e4ac6229bd5f1254ecfd4db6987037.php 第 48 行.
INFO: Run ParseTemplate Behavior [ RunTime:0.019540s ]
INFO: [ view_parse ] --END-- [ RunTime:0.021144s ]
INFO: [ view_filter ] --START--
INFO: Run ContentReplace Behavior [ RunTime:0.001630s ]
INFO: Run TokenBuild Behavior [ RunTime:0.001193s ]
INFO: Run WriteHtmlCache Behavior [ RunTime:0.000766s ]
INFO: Run ShowRuntime Behavior [ RunTime:0.000974s ]
INFO: [ view_filter ] --END-- [ RunTime:0.004869s ]
INFO: [ view_end ] --START--
INFO: Run ShowPageTrace Behavior [ RunTime:0.001189s ]
INFO: [ view_end ] --END-- [ RunTime:0.001268s ]

[ 2013-04-09T15:10:40+08:00 ] 10.10.4.41 /Product/index.php/Admin/login
INFO: [ route_check ] --START--
INFO: Run CheckRoute Behavior [ RunTime:0.001876s ]
INFO: [ route_check ] --END-- [ RunTime:0.002001s ]
INFO: [ app_begin ] --START--
INFO: Run ReadHtmlCache Behavior [ RunTime:0.001261s ]
INFO: [ app_begin ] --END-- [ RunTime:0.001362s ]
INFO: [ view_template ] --START--
INFO: Run LocationTemplate Behavior [ RunTime:0.001931s ]
INFO: [ view_template ] --END-- [ RunTime:0.002043s ]
INFO: [ view_parse ] --START--
INFO: Run ParseTemplate Behavior [ RunTime:0.017665s ]
INFO: [ view_parse ] --END-- [ RunTime:0.017771s ]
INFO: [ view_filter ] --START--
INFO: Run ContentReplace Behavior [ RunTime:0.000869s ]
INFO: Run TokenBuild Behavior [ RunTime:0.000854s ]
INFO: Run WriteHtmlCache Behavior [ RunTime:0.000747s ]
INFO: Run ShowRuntime Behavior [ RunTime:0.000968s ]
INFO: [ view_filter ] --END-- [ RunTime:0.003720s ]
INFO: [ view_end ] --START--
INFO: Run ShowPageTrace Behavior [ RunTime:0.001290s ]
INFO: [ view_end ] --END-- [ RunTime:0.001375s ]

[ 2013-04-09T15:10:48+08:00 ] 10.10.4.41 /Product/index.php/Admin/login
INFO: [ route_check ] --START--
INFO: Run CheckRoute Behavior [ RunTime:0.001550s ]
INFO: [ route_check ] --END-- [ RunTime:0.001960s ]
INFO: [ app_begin ] --START--
INFO: Run ReadHtmlCache Behavior [ RunTime:0.001353s ]
INFO: [ app_begin ] --END-- [ RunTime:0.001445s ]
SQL: SHOW COLUMNS FROM `product_user` [ RunTime:0.007683s ]
SQL: SELECT COUNT(*) AS tp_count FROM `product_user` WHERE ( `username` = 'admin' ) AND ( `password` = 'e8856' ) AND ( `status` = 1 ) LIMIT 1   [ RunTime:0.003180s ]
SQL: SELECT `id` FROM `product_user` WHERE ( `username` = 'admin' ) AND ( `password` = 'e8856' ) AND ( `status` = 1 )  [ RunTime:0.000578s ]
SQL: UPDATE `product_user` SET `lastlogin`='2013-04-09 15:10:48' WHERE ( id=1 ) [ RunTime:0.001151s ]
SQL: SELECT role_right FROM product_role INNER JOIN product_user ON product_user.role_id=product_role.id WHERE product_user.id=1 [ RunTime:0.000481s ]
SQL: SELECT `realname` FROM `product_user` WHERE ( id=1 )  [ RunTime:0.000324s ]
INFO: [ view_template ] --START--
INFO: Run LocationTemplate Behavior [ RunTime:0.001143s ]
INFO: [ view_template ] --END-- [ RunTime:0.001237s ]
INFO: [ view_parse ] --START--
INFO: Run ParseTemplate Behavior [ RunTime:0.014768s ]
INFO: [ view_parse ] --END-- [ RunTime:0.014873s ]
INFO: [ view_filter ] --START--
INFO: Run ContentReplace Behavior [ RunTime:0.000844s ]
INFO: Run TokenBuild Behavior [ RunTime:0.000850s ]
INFO: Run WriteHtmlCache Behavior [ RunTime:0.000708s ]
INFO: Run ShowRuntime Behavior [ RunTime:0.001702s ]
INFO: [ view_filter ] --END-- [ RunTime:0.004379s ]
INFO: [ view_end ] --START--
INFO: Run ShowPageTrace Behavior [ RunTime:0.001698s ]
INFO: [ view_end ] --END-- [ RunTime:0.001800s ]

[ 2013-04-09T15:10:49+08:00 ] 10.10.4.41 /Product/index.php/Admin/index
INFO: [ route_check ] --START--
INFO: Run CheckRoute Behavior [ RunTime:0.001383s ]
INFO: [ route_check ] --END-- [ RunTime:0.001497s ]
INFO: [ app_begin ] --START--
INFO: Run ReadHtmlCache Behavior [ RunTime:0.001109s ]
INFO: [ app_begin ] --END-- [ RunTime:0.001196s ]
INFO: [ view_template ] --START--
INFO: Run LocationTemplate Behavior [ RunTime:0.001866s ]
INFO: [ view_template ] --END-- [ RunTime:0.002005s ]
INFO: [ view_parse ] --START--
INFO: Run ParseTemplate Behavior [ RunTime:0.020036s ]
INFO: [ view_parse ] --END-- [ RunTime:0.020163s ]
INFO: [ view_filter ] --START--
INFO: Run ContentReplace Behavior [ RunTime:0.001082s ]
INFO: Run TokenBuild Behavior [ RunTime:0.001753s ]
INFO: Run WriteHtmlCache Behavior [ RunTime:0.001019s ]
INFO: Run ShowRuntime Behavior [ RunTime:0.001201s ]
INFO: [ view_filter ] --END-- [ RunTime:0.005328s ]
INFO: [ view_end ] --START--
INFO: Run ShowPageTrace Behavior [ RunTime:0.001185s ]
INFO: [ view_end ] --END-- [ RunTime:0.001265s ]

[ 2013-04-09T15:11:00+08:00 ] 10.10.4.41 /Product/index.php/Part/add
INFO: [ route_check ] --START--
INFO: Run CheckRoute Behavior [ RunTime:0.001428s ]
INFO: [ route_check ] --END-- [ RunTime:0.001547s ]
INFO: [ app_begin ] --START--
INFO: Run ReadHtmlCache Behavior [ RunTime:0.001122s ]
INFO: [ app_begin ] --END-- [ RunTime:0.001209s ]
INFO: [ view_template ] --START--
INFO: Run LocationTemplate Behavior [ RunTime:0.002397s ]
INFO: [ view_template ] --END-- [ RunTime:0.002507s ]
INFO: [ view_parse ] --START--
INFO: Run ParseTemplate Behavior [ RunTime:0.019680s ]
INFO: [ view_parse ] --END-- [ RunTime:0.019788s ]
INFO: [ view_filter ] --START--
INFO: Run ContentReplace Behavior [ RunTime:0.001165s ]
INFO: Run TokenBuild Behavior [ RunTime:0.000872s ]
INFO: Run WriteHtmlCache Behavior [ RunTime:0.000740s ]
INFO: Run ShowRuntime Behavior [ RunTime:0.000974s ]
INFO: [ view_filter ] --END-- [ RunTime:0.003998s ]
INFO: [ view_end ] --START--
INFO: Run ShowPageTrace Behavior [ RunTime:0.001162s ]
INFO: [ view_end ] --END-- [ RunTime:0.001242s ]

[ 2013-04-09T15:11:58+08:00 ] 10.10.4.41 /Product/index.php/Part/Add
INFO: [ route_check ] --START--
INFO: Run CheckRoute Behavior [ RunTime:0.001474s ]
INFO: [ route_check ] --END-- [ RunTime:0.001589s ]
INFO: [ app_begin ] --START--
INFO: Run ReadHtmlCache Behavior [ RunTime:0.002230s ]
INFO: [ app_begin ] --END-- [ RunTime:0.002337s ]
SQL: SHOW COLUMNS FROM `product_part` [ RunTime:0.022218s ]
SQL: INSERT INTO `product_part` (`part_no`,`part_name`,`part_spec`,`modify_type`,`modify_user`,`create_time`,`input_ip`) VALUES ('eee','zz','ff','新增','Administrator','2013-04-09 15:11:58','10.10.4.41') [ RunTime:0.004276s ]
INFO: [ view_template ] --START--
INFO: Run LocationTemplate Behavior [ RunTime:0.001294s ]
INFO: [ view_template ] --END-- [ RunTime:0.001377s ]
INFO: [ view_parse ] --START--
INFO: Run ParseTemplate Behavior [ RunTime:0.016245s ]
INFO: [ view_parse ] --END-- [ RunTime:0.016350s ]
INFO: [ view_filter ] --START--
INFO: Run ContentReplace Behavior [ RunTime:0.001287s ]
INFO: Run TokenBuild Behavior [ RunTime:0.001216s ]
INFO: Run WriteHtmlCache Behavior [ RunTime:0.001135s ]
INFO: Run ShowRuntime Behavior [ RunTime:0.001318s ]
INFO: [ view_filter ] --END-- [ RunTime:0.005202s ]
INFO: [ view_end ] --START--
INFO: Run ShowPageTrace Behavior [ RunTime:0.002539s ]
INFO: [ view_end ] --END-- [ RunTime:0.002639s ]

[ 2013-04-09T15:12:00+08:00 ] 10.10.4.41 /Product/index.php/Part/add
INFO: [ route_check ] --START--
INFO: Run CheckRoute Behavior [ RunTime:0.001361s ]
INFO: [ route_check ] --END-- [ RunTime:0.001473s ]
INFO: [ app_begin ] --START--
INFO: Run ReadHtmlCache Behavior [ RunTime:0.001330s ]
INFO: [ app_begin ] --END-- [ RunTime:0.001455s ]
INFO: [ view_template ] --START--
INFO: Run LocationTemplate Behavior [ RunTime:0.000927s ]
INFO: [ view_template ] --END-- [ RunTime:0.001106s ]
INFO: [ view_parse ] --START--
INFO: Run ParseTemplate Behavior [ RunTime:0.018359s ]
INFO: [ view_parse ] --END-- [ RunTime:0.018474s ]
INFO: [ view_filter ] --START--
INFO: Run ContentReplace Behavior [ RunTime:0.001194s ]
INFO: Run TokenBuild Behavior [ RunTime:0.001347s ]
INFO: Run WriteHtmlCache Behavior [ RunTime:0.000763s ]
INFO: Run ShowRuntime Behavior [ RunTime:0.001010s ]
INFO: [ view_filter ] --END-- [ RunTime:0.004570s ]
INFO: [ view_end ] --START--
INFO: Run ShowPageTrace Behavior [ RunTime:0.001170s ]
INFO: [ view_end ] --END-- [ RunTime:0.001249s ]

[ 2013-04-09T15:14:28+08:00 ] 10.10.4.41 /Product/index.php/Part/add
INFO: [ route_check ] --START--
INFO: Run CheckRoute Behavior [ RunTime:0.002244s ]
INFO: [ route_check ] --END-- [ RunTime:0.002369s ]
INFO: [ app_begin ] --START--
INFO: Run ReadHtmlCache Behavior [ RunTime:0.001507s ]
INFO: [ app_begin ] --END-- [ RunTime:0.001627s ]
INFO: [ view_template ] --START--
INFO: Run LocationTemplate Behavior [ RunTime:0.002567s ]
INFO: [ view_template ] --END-- [ RunTime:0.002679s ]
INFO: [ view_parse ] --START--
INFO: Run ParseTemplate Behavior [ RunTime:0.022763s ]
INFO: [ view_parse ] --END-- [ RunTime:0.022885s ]
INFO: [ view_filter ] --START--
INFO: Run ContentReplace Behavior [ RunTime:0.001657s ]
INFO: Run TokenBuild Behavior [ RunTime:0.001244s ]
INFO: Run WriteHtmlCache Behavior [ RunTime:0.001416s ]
INFO: Run ShowRuntime Behavior [ RunTime:0.001723s ]
INFO: [ view_filter ] --END-- [ RunTime:0.006299s ]
INFO: [ view_end ] --START--
INFO: Run ShowPageTrace Behavior [ RunTime:0.001569s ]
INFO: [ view_end ] --END-- [ RunTime:0.001650s ]

[ 2013-04-09T15:15:28+08:00 ] 10.10.4.41 /Product/index.php/Part/add
INFO: [ route_check ] --START--
INFO: Run CheckRoute Behavior [ RunTime:0.001597s ]
INFO: [ route_check ] --END-- [ RunTime:0.001733s ]
INFO: [ app_begin ] --START--
INFO: Run ReadHtmlCache Behavior [ RunTime:0.001400s ]
INFO: [ app_begin ] --END-- [ RunTime:0.001515s ]
INFO: [ view_template ] --START--
INFO: Run LocationTemplate Behavior [ RunTime:0.001172s ]
INFO: [ view_template ] --END-- [ RunTime:0.001275s ]
INFO: [ view_parse ] --START--
INFO: Run ParseTemplate Behavior [ RunTime:0.017672s ]
INFO: [ view_parse ] --END-- [ RunTime:0.017777s ]
INFO: [ view_filter ] --START--
INFO: Run ContentReplace Behavior [ RunTime:0.000963s ]
INFO: Run TokenBuild Behavior [ RunTime:0.001026s ]
INFO: Run WriteHtmlCache Behavior [ RunTime:0.000773s ]
INFO: Run ShowRuntime Behavior [ RunTime:0.001022s ]
INFO: [ view_filter ] --END-- [ RunTime:0.004028s ]
INFO: [ view_end ] --START--
INFO: Run ShowPageTrace Behavior [ RunTime:0.001204s ]
INFO: [ view_end ] --END-- [ RunTime:0.001283s ]

[ 2013-04-09T15:16:03+08:00 ] 10.10.4.41 /Product/index.php/Part/listgb
INFO: [ route_check ] --START--
INFO: Run CheckRoute Behavior [ RunTime:0.001365s ]
INFO: [ route_check ] --END-- [ RunTime:0.001475s ]
INFO: [ app_begin ] --START--
INFO: Run ReadHtmlCache Behavior [ RunTime:0.001099s ]
INFO: [ app_begin ] --END-- [ RunTime:0.001182s ]
SQL: SHOW COLUMNS FROM `product_part` [ RunTime:0.025560s ]
SQL: SELECT * FROM `product_part` ORDER BY id desc LIMIT 40   [ RunTime:0.003877s ]
INFO: [ view_template ] --START--
INFO: Run LocationTemplate Behavior [ RunTime:0.001715s ]
INFO: [ view_template ] --END-- [ RunTime:0.001821s ]
INFO: [ view_parse ] --START--
INFO: Run ParseTemplate Behavior [ RunTime:0.018224s ]
INFO: [ view_parse ] --END-- [ RunTime:0.018322s ]
INFO: [ view_filter ] --START--
INFO: Run ContentReplace Behavior [ RunTime:0.001105s ]
INFO: Run TokenBuild Behavior [ RunTime:0.001076s ]
INFO: Run WriteHtmlCache Behavior [ RunTime:0.000875s ]
INFO: Run ShowRuntime Behavior [ RunTime:0.000978s ]
INFO: [ view_filter ] --END-- [ RunTime:0.004308s ]
INFO: [ view_end ] --START--
INFO: Run ShowPageTrace Behavior [ RunTime:0.001660s ]
INFO: [ view_end ] --END-- [ RunTime:0.001760s ]

