[ 2013-04-08T13:46:30+08:00 ] ERR: [1] Call to undefined function toCsv() D:\Product\Lib\Action\ModifyAction.class.php 第 224 行.
[ 2013-04-08T13:46:56+08:00 ] ERR: [1] Call to undefined function toCsv() D:\Product\Lib\Action\ModifyAction.class.php 第 224 行.
[ 2013-04-08T13:47:58+08:00 ] ERR: [1] Call to undefined function toCsv() D:\Product\Lib\Action\ModifyAction.class.php 第 203 行.
[ 2013-04-08T13:49:21+08:00 ] 127.0.0.1 /product/
INFO: [ app_begin ] --START--
INFO: Run ReadHtmlCache Behavior [ RunTime:0.001656s ]
INFO: [ app_begin ] --END-- [ RunTime:0.001840s ]
SQL: SHOW COLUMNS FROM `product_modify` [ RunTime:0.025594s ]
SQL: SELECT * FROM `product_modify` WHERE ( status=1 ) ORDER BY id desc LIMIT 20   [ RunTime:0.003742s ]
INFO: [ view_template ] --START--
INFO: Run LocationTemplate Behavior [ RunTime:0.001854s ]
INFO: [ view_template ] --END-- [ RunTime:0.001954s ]
INFO: [ view_parse ] --START--
NOTIC: [8] Undefined index: user_logined D:\Product\Runtime\Cache\70e4ac6229bd5f1254ecfd4db6987037.php 第 48 行.
INFO: Run ParseTemplate Behavior [ RunTime:0.045751s ]
INFO: [ view_parse ] --END-- [ RunTime:0.045947s ]
INFO: [ view_filter ] --START--
INFO: Run ContentReplace Behavior [ RunTime:0.001264s ]
INFO: Run TokenBuild Behavior [ RunTime:0.001077s ]
INFO: Run WriteHtmlCache Behavior [ RunTime:0.001220s ]
INFO: Run ShowRuntime Behavior [ RunTime:0.001283s ]
INFO: [ view_filter ] --END-- [ RunTime:0.005222s ]
INFO: [ view_end ] --START--
INFO: Run ShowPageTrace Behavior [ RunTime:0.001533s ]
INFO: [ view_end ] --END-- [ RunTime:0.001616s ]

[ 2013-04-08T13:49:23+08:00 ] ERR: [1] Call to undefined function toCsv() D:\Product\Lib\Action\ModifyAction.class.php 第 224 行.
[ 2013-04-08T13:49:31+08:00 ] ERR: [1] Call to undefined function toCsv() D:\Product\Lib\Action\ModifyAction.class.php 第 203 行.
[ 2013-04-08T13:54:57+08:00 ] 127.0.0.1 /product/index.php/Modify/querythisweek
INFO: [ route_check ] --START--
INFO: Run CheckRoute Behavior [ RunTime:0.002080s ]
INFO: [ route_check ] --END-- [ RunTime:0.002195s ]
INFO: [ app_begin ] --START--
INFO: Run ReadHtmlCache Behavior [ RunTime:0.001653s ]
INFO: [ app_begin ] --END-- [ RunTime:0.001763s ]
SQL: select id,is_nuclear,drawing_no,drawing_name,id,modify_user_name,create_time,Version from product_modify where YEARWEEK(date_format(create_time,'%Y-%m-%d'))=YEARWEEK(now()) order by id desc [ RunTime:0.001241s ]

[ 2013-04-08T13:55:12+08:00 ] 127.0.0.1 /product/index.php/Modify/querythismonth
INFO: [ route_check ] --START--
INFO: Run CheckRoute Behavior [ RunTime:0.001262s ]
INFO: [ route_check ] --END-- [ RunTime:0.001379s ]
INFO: [ app_begin ] --START--
INFO: Run ReadHtmlCache Behavior [ RunTime:0.000993s ]
INFO: [ app_begin ] --END-- [ RunTime:0.001077s ]
SQL: select id,is_nuclear,drawing_no,drawing_name,id,modify_user_name,create_time,Version from product_modify where date_format(create_time,'%Y-%m')=date_format(now(),'%Y-%m') order by id desc [ RunTime:0.000999s ]

