[ 2013-04-12T09:23:28+08:00 ] 127.0.0.1 /product/
INFO: [ app_begin ] --START--
INFO: Run ReadHtmlCache Behavior [ RunTime:0.001942s ]
INFO: [ app_begin ] --END-- [ RunTime:0.002173s ]
SQL: SHOW COLUMNS FROM `product_modify` [ RunTime:0.037183s ]
SQL: SELECT * FROM `product_modify` WHERE ( status=1 ) ORDER BY id desc LIMIT 20   [ RunTime:0.003556s ]
INFO: [ view_template ] --START--
INFO: Run LocationTemplate Behavior [ RunTime:0.001757s ]
INFO: [ view_template ] --END-- [ RunTime:0.001857s ]
INFO: [ view_parse ] --START--
NOTIC: [8] Undefined index: user_logined D:\Product\Runtime\Cache\70e4ac6229bd5f1254ecfd4db6987037.php 第 48 行.
INFO: Run ParseTemplate Behavior [ RunTime:0.040927s ]
INFO: [ view_parse ] --END-- [ RunTime:0.041021s ]
INFO: [ view_filter ] --START--
INFO: Run ContentReplace Behavior [ RunTime:0.001266s ]
INFO: Run TokenBuild Behavior [ RunTime:0.001039s ]
INFO: Run WriteHtmlCache Behavior [ RunTime:0.000861s ]
INFO: Run ShowRuntime Behavior [ RunTime:0.001274s ]
INFO: [ view_filter ] --END-- [ RunTime:0.004685s ]
INFO: [ view_end ] --START--
INFO: Run ShowPageTrace Behavior [ RunTime:0.001364s ]
INFO: [ view_end ] --END-- [ RunTime:0.001442s ]

[ 2013-04-12T09:24:01+08:00 ] ERR: (ThinkException) 无法加载模块:og
[ 2013-04-12T09:24:06+08:00 ] ERR: (ThinkException) 无法加载模块:log
[ 2013-04-12T09:24:21+08:00 ] 127.0.0.1 /product/index.php/Log/change
INFO: [ route_check ] --START--
INFO: Run CheckRoute Behavior [ RunTime:0.001490s ]
INFO: [ route_check ] --END-- [ RunTime:0.001618s ]
INFO: [ app_begin ] --START--
INFO: Run ReadHtmlCache Behavior [ RunTime:0.001102s ]
INFO: [ app_begin ] --END-- [ RunTime:0.001190s ]
INFO: [ view_template ] --START--
INFO: Run LocationTemplate Behavior [ RunTime:0.001527s ]
INFO: [ view_template ] --END-- [ RunTime:0.001638s ]
INFO: [ view_parse ] --START--
NOTIC: [8] Undefined index: user_logined D:\Product\Runtime\Cache\c496382b446702bb7abf13857ec95149.php 第 48 行.
INFO: Run ParseTemplate Behavior [ RunTime:0.015046s ]
INFO: [ view_parse ] --END-- [ RunTime:0.015124s ]
INFO: [ view_filter ] --START--
INFO: Run ContentReplace Behavior [ RunTime:0.000887s ]
INFO: Run TokenBuild Behavior [ RunTime:0.000809s ]
INFO: Run WriteHtmlCache Behavior [ RunTime:0.000604s ]
INFO: Run ShowRuntime Behavior [ RunTime:0.000898s ]
INFO: [ view_filter ] --END-- [ RunTime:0.003448s ]
INFO: [ view_end ] --START--
INFO: Run ShowPageTrace Behavior [ RunTime:0.001081s ]
INFO: [ view_end ] --END-- [ RunTime:0.001163s ]

[ 2013-04-12T09:24:45+08:00 ] 127.0.0.1 /product/index.php/Log/change
INFO: [ route_check ] --START--
INFO: Run CheckRoute Behavior [ RunTime:0.001912s ]
INFO: [ route_check ] --END-- [ RunTime:0.002071s ]
INFO: [ app_begin ] --START--
INFO: Run ReadHtmlCache Behavior [ RunTime:0.001497s ]
INFO: [ app_begin ] --END-- [ RunTime:0.001626s ]
INFO: [ view_template ] --START--
INFO: Run LocationTemplate Behavior [ RunTime:0.001469s ]
INFO: [ view_template ] --END-- [ RunTime:0.001594s ]
INFO: [ view_parse ] --START--
NOTIC: [8] Undefined index: user_logined D:\Product\Runtime\Cache\c496382b446702bb7abf13857ec95149.php 第 48 行.
INFO: Run ParseTemplate Behavior [ RunTime:0.013898s ]
INFO: [ view_parse ] --END-- [ RunTime:0.013987s ]
INFO: [ view_filter ] --START--
INFO: Run ContentReplace Behavior [ RunTime:0.001012s ]
INFO: Run TokenBuild Behavior [ RunTime:0.000847s ]
INFO: Run WriteHtmlCache Behavior [ RunTime:0.000746s ]
INFO: Run ShowRuntime Behavior [ RunTime:0.001286s ]
INFO: [ view_filter ] --END-- [ RunTime:0.004572s ]
INFO: [ view_end ] --START--
INFO: Run ShowPageTrace Behavior [ RunTime:0.001216s ]
INFO: [ view_end ] --END-- [ RunTime:0.001308s ]

[ 2013-04-12T09:25:38+08:00 ] 127.0.0.1 /product/index.php/Log/change
INFO: [ route_check ] --START--
INFO: Run CheckRoute Behavior [ RunTime:0.001404s ]
INFO: [ route_check ] --END-- [ RunTime:0.001785s ]
INFO: [ app_begin ] --START--
INFO: Run ReadHtmlCache Behavior [ RunTime:0.001424s ]
INFO: [ app_begin ] --END-- [ RunTime:0.001535s ]
INFO: [ view_template ] --START--
INFO: Run LocationTemplate Behavior [ RunTime:0.001165s ]
INFO: [ view_template ] --END-- [ RunTime:0.001276s ]
INFO: [ view_parse ] --START--
NOTIC: [8] Undefined index: user_logined D:\Product\Runtime\Cache\c496382b446702bb7abf13857ec95149.php 第 48 行.
INFO: Run ParseTemplate Behavior [ RunTime:0.016910s ]
INFO: [ view_parse ] --END-- [ RunTime:0.017001s ]
INFO: [ view_filter ] --START--
INFO: Run ContentReplace Behavior [ RunTime:0.001052s ]
INFO: Run TokenBuild Behavior [ RunTime:0.001760s ]
INFO: Run WriteHtmlCache Behavior [ RunTime:0.001133s ]
INFO: Run ShowRuntime Behavior [ RunTime:0.001198s ]
INFO: [ view_filter ] --END-- [ RunTime:0.005411s ]
INFO: [ view_end ] --START--
INFO: Run ShowPageTrace Behavior [ RunTime:0.001611s ]
INFO: [ view_end ] --END-- [ RunTime:0.001721s ]

[ 2013-04-12T09:26:03+08:00 ] 127.0.0.1 /product/index.php/Log/change
INFO: [ route_check ] --START--
INFO: Run CheckRoute Behavior [ RunTime:0.001580s ]
INFO: [ route_check ] --END-- [ RunTime:0.001691s ]
INFO: [ app_begin ] --START--
INFO: Run ReadHtmlCache Behavior [ RunTime:0.001001s ]
INFO: [ app_begin ] --END-- [ RunTime:0.001087s ]
INFO: [ view_template ] --START--
INFO: Run LocationTemplate Behavior [ RunTime:0.000989s ]
INFO: [ view_template ] --END-- [ RunTime:0.001103s ]
INFO: [ view_parse ] --START--
NOTIC: [8] Undefined index: user_logined D:\Product\Runtime\Cache\c496382b446702bb7abf13857ec95149.php 第 48 行.
INFO: Run ParseTemplate Behavior [ RunTime:0.015417s ]
INFO: [ view_parse ] --END-- [ RunTime:0.015502s ]
INFO: [ view_filter ] --START--
INFO: Run ContentReplace Behavior [ RunTime:0.001057s ]
INFO: Run TokenBuild Behavior [ RunTime:0.000793s ]
INFO: Run WriteHtmlCache Behavior [ RunTime:0.000656s ]
INFO: Run ShowRuntime Behavior [ RunTime:0.001030s ]
INFO: [ view_filter ] --END-- [ RunTime:0.003798s ]
INFO: [ view_end ] --START--
INFO: Run ShowPageTrace Behavior [ RunTime:0.001747s ]
INFO: [ view_end ] --END-- [ RunTime:0.001848s ]

[ 2013-04-12T09:26:08+08:00 ] 127.0.0.1 /product/index.php
INFO: [ app_begin ] --START--
INFO: Run ReadHtmlCache Behavior [ RunTime:0.000967s ]
INFO: [ app_begin ] --END-- [ RunTime:0.001070s ]
SQL: SHOW COLUMNS FROM `product_modify` [ RunTime:0.034759s ]
SQL: SELECT * FROM `product_modify` WHERE ( status=1 ) ORDER BY id desc LIMIT 20   [ RunTime:0.003923s ]
INFO: [ view_template ] --START--
INFO: Run LocationTemplate Behavior [ RunTime:0.001537s ]
INFO: [ view_template ] --END-- [ RunTime:0.001649s ]
INFO: [ view_parse ] --START--
NOTIC: [8] Undefined index: user_logined D:\Product\Runtime\Cache\70e4ac6229bd5f1254ecfd4db6987037.php 第 48 行.
INFO: Run ParseTemplate Behavior [ RunTime:0.017406s ]
INFO: [ view_parse ] --END-- [ RunTime:0.017488s ]
INFO: [ view_filter ] --START--
INFO: Run ContentReplace Behavior [ RunTime:0.001109s ]
INFO: Run TokenBuild Behavior [ RunTime:0.001116s ]
INFO: Run WriteHtmlCache Behavior [ RunTime:0.000767s ]
INFO: Run ShowRuntime Behavior [ RunTime:0.000890s ]
INFO: [ view_filter ] --END-- [ RunTime:0.004146s ]
INFO: [ view_end ] --START--
INFO: Run ShowPageTrace Behavior [ RunTime:0.001113s ]
INFO: [ view_end ] --END-- [ RunTime:0.001190s ]

[ 2013-04-12T09:26:22+08:00 ] 127.0.0.1 /product/index.php
INFO: [ app_begin ] --START--
INFO: Run ReadHtmlCache Behavior [ RunTime:0.001270s ]
INFO: [ app_begin ] --END-- [ RunTime:0.001395s ]
SQL: SHOW COLUMNS FROM `product_modify` [ RunTime:0.025033s ]
SQL: SELECT * FROM `product_modify` WHERE ( status=1 ) ORDER BY id desc LIMIT 20   [ RunTime:0.003331s ]
INFO: [ view_template ] --START--
INFO: Run LocationTemplate Behavior [ RunTime:0.001009s ]
INFO: [ view_template ] --END-- [ RunTime:0.001112s ]
INFO: [ view_parse ] --START--
NOTIC: [8] Undefined index: user_logined D:\Product\Runtime\Cache\70e4ac6229bd5f1254ecfd4db6987037.php 第 48 行.
INFO: Run ParseTemplate Behavior [ RunTime:0.016821s ]
INFO: [ view_parse ] --END-- [ RunTime:0.016897s ]
INFO: [ view_filter ] --START--
INFO: Run ContentReplace Behavior [ RunTime:0.003287s ]
INFO: Run TokenBuild Behavior [ RunTime:0.001051s ]
INFO: Run WriteHtmlCache Behavior [ RunTime:0.000682s ]
INFO: Run ShowRuntime Behavior [ RunTime:0.000957s ]
INFO: [ view_filter ] --END-- [ RunTime:0.006239s ]
INFO: [ view_end ] --START--
INFO: Run ShowPageTrace Behavior [ RunTime:0.001200s ]
INFO: [ view_end ] --END-- [ RunTime:0.001279s ]

[ 2013-04-12T09:26:24+08:00 ] 127.0.0.1 /product/index.php/Admin/login
INFO: [ route_check ] --START--
INFO: Run CheckRoute Behavior [ RunTime:0.001251s ]
INFO: [ route_check ] --END-- [ RunTime:0.001349s ]
INFO: [ app_begin ] --START--
INFO: Run ReadHtmlCache Behavior [ RunTime:0.001066s ]
INFO: [ app_begin ] --END-- [ RunTime:0.001146s ]
INFO: [ view_template ] --START--
INFO: Run LocationTemplate Behavior [ RunTime:0.001269s ]
INFO: [ view_template ] --END-- [ RunTime:0.001370s ]
INFO: [ view_parse ] --START--
INFO: Run ParseTemplate Behavior [ RunTime:0.023377s ]
INFO: [ view_parse ] --END-- [ RunTime:0.023486s ]
INFO: [ view_filter ] --START--
INFO: Run ContentReplace Behavior [ RunTime:0.000780s ]
INFO: Run TokenBuild Behavior [ RunTime:0.000764s ]
INFO: Run WriteHtmlCache Behavior [ RunTime:0.000624s ]
INFO: Run ShowRuntime Behavior [ RunTime:0.000861s ]
INFO: [ view_filter ] --END-- [ RunTime:0.003260s ]
INFO: [ view_end ] --START--
INFO: Run ShowPageTrace Behavior [ RunTime:0.001524s ]
INFO: [ view_end ] --END-- [ RunTime:0.001609s ]

[ 2013-04-12T09:26:30+08:00 ] 127.0.0.1 /product/index.php/Admin/login
INFO: [ route_check ] --START--
INFO: Run CheckRoute Behavior [ RunTime:0.001738s ]
INFO: [ route_check ] --END-- [ RunTime:0.001848s ]
INFO: [ app_begin ] --START--
INFO: Run ReadHtmlCache Behavior [ RunTime:0.001184s ]
INFO: [ app_begin ] --END-- [ RunTime:0.001275s ]
SQL: SHOW COLUMNS FROM `product_user` [ RunTime:0.022805s ]
SQL: SELECT COUNT(*) AS tp_count FROM `product_user` WHERE ( `username` = 'admin' ) AND ( `password` = 'e8856' ) AND ( `status` = 1 ) LIMIT 1   [ RunTime:0.003084s ]
SQL: SELECT `id` FROM `product_user` WHERE ( `username` = 'admin' ) AND ( `password` = 'e8856' ) AND ( `status` = 1 )  [ RunTime:0.000778s ]
SQL: UPDATE `product_user` SET `lastlogin`='2013-04-12 09:26:30' WHERE ( id=1 ) [ RunTime:0.001440s ]
SQL: SELECT role_right FROM product_role INNER JOIN product_user ON product_user.role_id=product_role.id WHERE product_user.id=1 [ RunTime:0.017566s ]
SQL: SELECT `realname` FROM `product_user` WHERE ( id=1 )  [ RunTime:0.000822s ]
INFO: [ view_template ] --START--
INFO: Run LocationTemplate Behavior [ RunTime:0.001214s ]
INFO: [ view_template ] --END-- [ RunTime:0.001312s ]
INFO: [ view_parse ] --START--
INFO: Run ParseTemplate Behavior [ RunTime:0.012597s ]
INFO: [ view_parse ] --END-- [ RunTime:0.012701s ]
INFO: [ view_filter ] --START--
INFO: Run ContentReplace Behavior [ RunTime:0.000825s ]
INFO: Run TokenBuild Behavior [ RunTime:0.000785s ]
INFO: Run WriteHtmlCache Behavior [ RunTime:0.000636s ]
INFO: Run ShowRuntime Behavior [ RunTime:0.000966s ]
INFO: [ view_filter ] --END-- [ RunTime:0.003469s ]
INFO: [ view_end ] --START--
INFO: Run ShowPageTrace Behavior [ RunTime:0.001289s ]
INFO: [ view_end ] --END-- [ RunTime:0.001389s ]

[ 2013-04-12T09:26:31+08:00 ] 127.0.0.1 /product/index.php/Admin/index
INFO: [ route_check ] --START--
INFO: Run CheckRoute Behavior [ RunTime:0.002013s ]
INFO: [ route_check ] --END-- [ RunTime:0.002159s ]
INFO: [ app_begin ] --START--
INFO: Run ReadHtmlCache Behavior [ RunTime:0.001281s ]
INFO: [ app_begin ] --END-- [ RunTime:0.001390s ]
INFO: [ view_template ] --START--
INFO: Run LocationTemplate Behavior [ RunTime:0.001314s ]
INFO: [ view_template ] --END-- [ RunTime:0.001427s ]
INFO: [ view_parse ] --START--
INFO: Run ParseTemplate Behavior [ RunTime:0.016783s ]
INFO: [ view_parse ] --END-- [ RunTime:0.016886s ]
INFO: [ view_filter ] --START--
INFO: Run ContentReplace Behavior [ RunTime:0.000946s ]
INFO: Run TokenBuild Behavior [ RunTime:0.000841s ]
INFO: Run WriteHtmlCache Behavior [ RunTime:0.000650s ]
INFO: Run ShowRuntime Behavior [ RunTime:0.001055s ]
INFO: [ view_filter ] --END-- [ RunTime:0.003833s ]
INFO: [ view_end ] --START--
INFO: Run ShowPageTrace Behavior [ RunTime:0.001268s ]
INFO: [ view_end ] --END-- [ RunTime:0.001358s ]

[ 2013-04-12T09:26:33+08:00 ] 127.0.0.1 /product/index.php/Admin/changpassword
INFO: [ route_check ] --START--
INFO: Run CheckRoute Behavior [ RunTime:0.001650s ]
INFO: [ route_check ] --END-- [ RunTime:0.001788s ]
INFO: [ app_begin ] --START--
INFO: Run ReadHtmlCache Behavior [ RunTime:0.001329s ]
INFO: [ app_begin ] --END-- [ RunTime:0.001441s ]
INFO: [ view_template ] --START--
INFO: Run LocationTemplate Behavior [ RunTime:0.000932s ]
INFO: [ view_template ] --END-- [ RunTime:0.001041s ]
INFO: [ view_parse ] --START--
NOTIC: [8] Undefined variable: is_newable D:\Product\Runtime\Cache\c264b0ffcb94387be9cb2fa5b6a8a8f6.php 第 68 行.
NOTIC: [8] Undefined variable: is_editable D:\Product\Runtime\Cache\c264b0ffcb94387be9cb2fa5b6a8a8f6.php 第 70 行.
NOTIC: [8] Undefined variable: is_userable D:\Product\Runtime\Cache\c264b0ffcb94387be9cb2fa5b6a8a8f6.php 第 73 行.
INFO: Run ParseTemplate Behavior [ RunTime:0.020067s ]
INFO: [ view_parse ] --END-- [ RunTime:0.020153s ]
INFO: [ view_filter ] --START--
INFO: Run ContentReplace Behavior [ RunTime:0.000831s ]
INFO: Run TokenBuild Behavior [ RunTime:0.001230s ]
INFO: Run WriteHtmlCache Behavior [ RunTime:0.000670s ]
INFO: Run ShowRuntime Behavior [ RunTime:0.000888s ]
INFO: [ view_filter ] --END-- [ RunTime:0.003889s ]
INFO: [ view_end ] --START--
INFO: Run ShowPageTrace Behavior [ RunTime:0.001268s ]
INFO: [ view_end ] --END-- [ RunTime:0.001358s ]

[ 2013-04-12T09:26:52+08:00 ] ERR: (ThinkException) 非法操作:list
[ 2013-04-12T09:26:52+08:00 ] 127.0.0.1 /product/index.php/Part/list
INFO: [ route_check ] --START--
INFO: Run CheckRoute Behavior [ RunTime:0.001466s ]
INFO: [ route_check ] --END-- [ RunTime:0.001567s ]
INFO: [ app_begin ] --START--
INFO: Run ReadHtmlCache Behavior [ RunTime:0.001015s ]
INFO: [ app_begin ] --END-- [ RunTime:0.001095s ]
NOTIC: [8] Undefined index: class D:\Product\ThinkPHP\Lib\Core\ThinkException.class.php 第 63 行.
NOTIC: [8] Undefined index: type D:\Product\ThinkPHP\Lib\Core\ThinkException.class.php 第 63 行.
NOTIC: [8] Undefined index: file D:\Product\ThinkPHP\Lib\Core\ThinkException.class.php 第 62 行.
NOTIC: [8] Undefined index: line D:\Product\ThinkPHP\Lib\Core\ThinkException.class.php 第 62 行.
NOTIC: [4096] Object of class PartAction could not be converted to string D:\Product\ThinkPHP\Lib\Core\ThinkException.class.php 第 64 行.
NOTIC: [8] Array to string conversion D:\Product\ThinkPHP\Lib\Core\ThinkException.class.php 第 64 行.
NOTIC: [8] Undefined index: class D:\Product\ThinkPHP\Lib\Core\ThinkException.class.php 第 63 行.
NOTIC: [8] Undefined index: type D:\Product\ThinkPHP\Lib\Core\ThinkException.class.php 第 63 行.
NOTIC: [8] Undefined index: class D:\Product\ThinkPHP\Lib\Core\ThinkException.class.php 第 63 行.
NOTIC: [8] Undefined index: type D:\Product\ThinkPHP\Lib\Core\ThinkException.class.php 第 63 行.

[ 2013-04-12T09:27:04+08:00 ] 127.0.0.1 /product/index.php/Part/listgb
INFO: [ route_check ] --START--
INFO: Run CheckRoute Behavior [ RunTime:0.001292s ]
INFO: [ route_check ] --END-- [ RunTime:0.001400s ]
INFO: [ app_begin ] --START--
INFO: Run ReadHtmlCache Behavior [ RunTime:0.001144s ]
INFO: [ app_begin ] --END-- [ RunTime:0.001234s ]
SQL: SHOW COLUMNS FROM `product_part` [ RunTime:0.038258s ]
SQL: SELECT * FROM `product_part` ORDER BY id desc LIMIT 40   [ RunTime:0.003293s ]
INFO: [ view_template ] --START--
INFO: Run LocationTemplate Behavior [ RunTime:0.001479s ]
INFO: [ view_template ] --END-- [ RunTime:0.001575s ]
INFO: [ view_parse ] --START--
INFO: Run ParseTemplate Behavior [ RunTime:0.029843s ]
INFO: [ view_parse ] --END-- [ RunTime:0.029941s ]
INFO: [ view_filter ] --START--
INFO: Run ContentReplace Behavior [ RunTime:0.000854s ]
INFO: Run TokenBuild Behavior [ RunTime:0.001113s ]
INFO: Run WriteHtmlCache Behavior [ RunTime:0.000673s ]
INFO: Run ShowRuntime Behavior [ RunTime:0.001265s ]
INFO: [ view_filter ] --END-- [ RunTime:0.004158s ]
INFO: [ view_end ] --START--
INFO: Run ShowPageTrace Behavior [ RunTime:0.001128s ]
INFO: [ view_end ] --END-- [ RunTime:0.001206s ]

[ 2013-04-12T09:59:29+08:00 ] 10.10.4.21 /Product/
INFO: [ app_begin ] --START--
INFO: Run ReadHtmlCache Behavior [ RunTime:0.001769s ]
INFO: [ app_begin ] --END-- [ RunTime:0.001952s ]
SQL: SHOW COLUMNS FROM `product_modify` [ RunTime:0.051530s ]
SQL: SELECT * FROM `product_modify` WHERE ( status=1 ) ORDER BY id desc LIMIT 20   [ RunTime:0.003570s ]
INFO: [ view_template ] --START--
INFO: Run LocationTemplate Behavior [ RunTime:0.001987s ]
INFO: [ view_template ] --END-- [ RunTime:0.002101s ]
INFO: [ view_parse ] --START--
NOTIC: [8] Undefined index: user_logined D:\Product\Runtime\Cache\70e4ac6229bd5f1254ecfd4db6987037.php 第 48 行.
INFO: Run ParseTemplate Behavior [ RunTime:0.040517s ]
INFO: [ view_parse ] --END-- [ RunTime:0.040598s ]
INFO: [ view_filter ] --START--
INFO: Run ContentReplace Behavior [ RunTime:0.001236s ]
INFO: Run TokenBuild Behavior [ RunTime:0.001364s ]
INFO: Run WriteHtmlCache Behavior [ RunTime:0.001061s ]
INFO: Run ShowRuntime Behavior [ RunTime:0.001131s ]
INFO: [ view_filter ] --END-- [ RunTime:0.005124s ]
INFO: [ view_end ] --START--
INFO: Run ShowPageTrace Behavior [ RunTime:0.001321s ]
INFO: [ view_end ] --END-- [ RunTime:0.001398s ]

[ 2013-04-12T09:59:58+08:00 ] 10.10.4.21 /Product/index.php/Modify/select
INFO: [ route_check ] --START--
INFO: Run CheckRoute Behavior [ RunTime:0.001607s ]
INFO: [ route_check ] --END-- [ RunTime:0.001720s ]
INFO: [ app_begin ] --START--
INFO: Run ReadHtmlCache Behavior [ RunTime:0.000999s ]
INFO: [ app_begin ] --END-- [ RunTime:0.001085s ]
SQL: SHOW COLUMNS FROM `product_modify` [ RunTime:0.029098s ]
SQL: SELECT COUNT(*) AS tp_count FROM `product_modify` WHERE ( status=1 ) LIMIT 1   [ RunTime:0.000370s ]
SQL: SELECT * FROM `product_modify` WHERE ( status=1 ) ORDER BY id desc LIMIT 0,20   [ RunTime:0.000920s ]
INFO: [ view_template ] --START--
INFO: Run LocationTemplate Behavior [ RunTime:0.001649s ]
INFO: [ view_template ] --END-- [ RunTime:0.001764s ]
INFO: [ view_parse ] --START--
NOTIC: [8] Undefined index: user_logined D:\Product\Runtime\Cache\4de4075f737637df6c9b2a77f2a99477.php 第 48 行.
INFO: Run ParseTemplate Behavior [ RunTime:0.035031s ]
INFO: [ view_parse ] --END-- [ RunTime:0.035133s ]
INFO: [ view_filter ] --START--
INFO: Run ContentReplace Behavior [ RunTime:0.001029s ]
INFO: Run TokenBuild Behavior [ RunTime:0.000979s ]
INFO: Run WriteHtmlCache Behavior [ RunTime:0.000623s ]
INFO: Run ShowRuntime Behavior [ RunTime:0.001530s ]
INFO: [ view_filter ] --END-- [ RunTime:0.004485s ]
INFO: [ view_end ] --START--
INFO: Run ShowPageTrace Behavior [ RunTime:0.001207s ]
INFO: [ view_end ] --END-- [ RunTime:0.001285s ]

[ 2013-04-12T10:00:03+08:00 ] 10.10.4.21 /Product/index.php/Modify/select/p/2
INFO: [ route_check ] --START--
INFO: Run CheckRoute Behavior [ RunTime:0.001633s ]
INFO: [ route_check ] --END-- [ RunTime:0.001752s ]
INFO: [ app_begin ] --START--
INFO: Run ReadHtmlCache Behavior [ RunTime:0.001398s ]
INFO: [ app_begin ] --END-- [ RunTime:0.001498s ]
SQL: SHOW COLUMNS FROM `product_modify` [ RunTime:0.023574s ]
SQL: SELECT COUNT(*) AS tp_count FROM `product_modify` WHERE ( status=1 ) LIMIT 1   [ RunTime:0.002180s ]
SQL: SELECT * FROM `product_modify` WHERE ( status=1 ) ORDER BY id desc LIMIT 20,20   [ RunTime:0.001038s ]
INFO: [ view_template ] --START--
INFO: Run LocationTemplate Behavior [ RunTime:0.000977s ]
INFO: [ view_template ] --END-- [ RunTime:0.001067s ]
INFO: [ view_parse ] --START--
NOTIC: [8] Undefined index: user_logined D:\Product\Runtime\Cache\4de4075f737637df6c9b2a77f2a99477.php 第 48 行.
INFO: Run ParseTemplate Behavior [ RunTime:0.017578s ]
INFO: [ view_parse ] --END-- [ RunTime:0.017654s ]
INFO: [ view_filter ] --START--
INFO: Run ContentReplace Behavior [ RunTime:0.000852s ]
INFO: Run TokenBuild Behavior [ RunTime:0.000851s ]
INFO: Run WriteHtmlCache Behavior [ RunTime:0.000892s ]
INFO: Run ShowRuntime Behavior [ RunTime:0.000900s ]
INFO: [ view_filter ] --END-- [ RunTime:0.003742s ]
INFO: [ view_end ] --START--
INFO: Run ShowPageTrace Behavior [ RunTime:0.001102s ]
INFO: [ view_end ] --END-- [ RunTime:0.001180s ]

