[ 2013-04-19T09:14:28+08:00 ] 10.10.4.41 /Product/
INFO: [ app_begin ] --START--
INFO: Run ReadHtmlCache Behavior [ RunTime:0.001692s ]
INFO: [ app_begin ] --END-- [ RunTime:0.001880s ]
SQL: SHOW COLUMNS FROM `product_modify` [ RunTime:0.021689s ]
SQL: SELECT * FROM `product_modify` WHERE ( status=1 ) ORDER BY id desc LIMIT 10   [ RunTime:0.003334s ]
INFO: [ view_template ] --START--
INFO: Run LocationTemplate Behavior [ RunTime:0.002607s ]
INFO: [ view_template ] --END-- [ RunTime:0.002740s ]
INFO: [ view_parse ] --START--
NOTIC: [8] Undefined index: user_logined D:\Product\Runtime\Cache\70e4ac6229bd5f1254ecfd4db6987037.php 第 48 行.
INFO: Run ParseTemplate Behavior [ RunTime:0.044289s ]
INFO: [ view_parse ] --END-- [ RunTime:0.044374s ]
INFO: [ view_filter ] --START--
INFO: Run ContentReplace Behavior [ RunTime:0.001688s ]
INFO: Run TokenBuild Behavior [ RunTime:0.001314s ]
INFO: Run WriteHtmlCache Behavior [ RunTime:0.001058s ]
INFO: Run ShowRuntime Behavior [ RunTime:0.001709s ]
INFO: [ view_filter ] --END-- [ RunTime:0.006047s ]
INFO: [ view_end ] --START--
INFO: Run ShowPageTrace Behavior [ RunTime:0.001969s ]
INFO: [ view_end ] --END-- [ RunTime:0.002080s ]

[ 2013-04-19T09:14:32+08:00 ] ERR: [4] syntax error, unexpected ':', expecting ')' D:\Product\Lib\Action\CommonAction.class.php 第 8 行.
[ 2013-04-19T09:14:58+08:00 ] ERR: [4] syntax error, unexpected 'functio' (T_STRING), expecting variable (T_VARIABLE) D:\Product\Lib\Action\CommonAction.class.php 第 14 行.
[ 2013-04-19T09:15:12+08:00 ] 10.10.4.41 /Product/index.php/Modify/add
INFO: [ route_check ] --START--
INFO: Run CheckRoute Behavior [ RunTime:0.001589s ]
INFO: [ route_check ] --END-- [ RunTime:0.001714s ]
INFO: [ app_begin ] --START--
INFO: Run ReadHtmlCache Behavior [ RunTime:0.001448s ]
INFO: [ app_begin ] --END-- [ RunTime:0.001572s ]
INFO: [ view_template ] --START--
INFO: Run LocationTemplate Behavior [ RunTime:0.001539s ]
INFO: [ view_template ] --END-- [ RunTime:0.001693s ]
INFO: [ view_parse ] --START--
INFO: Run ParseTemplate Behavior [ RunTime:0.032410s ]
INFO: [ view_parse ] --END-- [ RunTime:0.032530s ]
INFO: [ view_filter ] --START--
INFO: Run ContentReplace Behavior [ RunTime:0.000851s ]
INFO: Run TokenBuild Behavior [ RunTime:0.001268s ]
INFO: Run WriteHtmlCache Behavior [ RunTime:0.000745s ]
INFO: Run ShowRuntime Behavior [ RunTime:0.001237s ]
INFO: [ view_filter ] --END-- [ RunTime:0.004373s ]
INFO: [ view_end ] --START--
INFO: Run ShowPageTrace Behavior [ RunTime:0.001417s ]
INFO: [ view_end ] --END-- [ RunTime:0.001514s ]

[ 2013-04-19T09:15:13+08:00 ] 10.10.4.41 /Product/index.php/Admin/login
INFO: [ route_check ] --START--
INFO: Run CheckRoute Behavior [ RunTime:0.001437s ]
INFO: [ route_check ] --END-- [ RunTime:0.001563s ]
INFO: [ app_begin ] --START--
INFO: Run ReadHtmlCache Behavior [ RunTime:0.001128s ]
INFO: [ app_begin ] --END-- [ RunTime:0.001252s ]
INFO: [ view_template ] --START--
INFO: Run LocationTemplate Behavior [ RunTime:0.001651s ]
INFO: [ view_template ] --END-- [ RunTime:0.001767s ]
INFO: [ view_parse ] --START--
INFO: Run ParseTemplate Behavior [ RunTime:0.037289s ]
INFO: [ view_parse ] --END-- [ RunTime:0.037401s ]
INFO: [ view_filter ] --START--
INFO: Run ContentReplace Behavior [ RunTime:0.001012s ]
INFO: Run TokenBuild Behavior [ RunTime:0.001215s ]
INFO: Run WriteHtmlCache Behavior [ RunTime:0.000734s ]
INFO: Run ShowRuntime Behavior [ RunTime:0.001142s ]
INFO: [ view_filter ] --END-- [ RunTime:0.004380s ]
INFO: [ view_end ] --START--
INFO: Run ShowPageTrace Behavior [ RunTime:0.001198s ]
INFO: [ view_end ] --END-- [ RunTime:0.001284s ]

[ 2013-04-19T09:15:20+08:00 ] 10.10.4.41 /Product/index.php/Admin/login
INFO: [ route_check ] --START--
INFO: Run CheckRoute Behavior [ RunTime:0.001457s ]
INFO: [ route_check ] --END-- [ RunTime:0.001578s ]
INFO: [ app_begin ] --START--
INFO: Run ReadHtmlCache Behavior [ RunTime:0.001153s ]
INFO: [ app_begin ] --END-- [ RunTime:0.001235s ]
SQL: SHOW COLUMNS FROM `product_user` [ RunTime:0.028151s ]
SQL: SELECT COUNT(*) AS tp_count FROM `product_user` WHERE ( `username` = 'admin' ) AND ( `password` = 'e8856' ) AND ( `status` = 1 ) LIMIT 1   [ RunTime:0.003102s ]
SQL: SELECT `id` FROM `product_user` WHERE ( `username` = 'admin' ) AND ( `password` = 'e8856' ) AND ( `status` = 1 )  [ RunTime:0.000375s ]
SQL: UPDATE `product_user` SET `lastlogin`='2013-04-19 09:15:20' WHERE ( id=1 ) [ RunTime:0.000831s ]
SQL: SELECT role_right FROM product_role INNER JOIN product_user ON product_user.role_id=product_role.id WHERE product_user.id=1 [ RunTime:0.000783s ]
SQL: SELECT `realname` FROM `product_user` WHERE ( id=1 )  [ RunTime:0.000319s ]
INFO: [ view_template ] --START--
INFO: Run LocationTemplate Behavior [ RunTime:0.000995s ]
INFO: [ view_template ] --END-- [ RunTime:0.001083s ]
INFO: [ view_parse ] --START--
INFO: Run ParseTemplate Behavior [ RunTime:0.013379s ]
INFO: [ view_parse ] --END-- [ RunTime:0.013485s ]
INFO: [ view_filter ] --START--
INFO: Run ContentReplace Behavior [ RunTime:0.000911s ]
INFO: Run TokenBuild Behavior [ RunTime:0.001180s ]
INFO: Run WriteHtmlCache Behavior [ RunTime:0.000772s ]
INFO: Run ShowRuntime Behavior [ RunTime:0.001290s ]
INFO: [ view_filter ] --END-- [ RunTime:0.004406s ]
INFO: [ view_end ] --START--
INFO: Run ShowPageTrace Behavior [ RunTime:0.001236s ]
INFO: [ view_end ] --END-- [ RunTime:0.001318s ]

[ 2013-04-19T09:15:21+08:00 ] 10.10.4.41 /Product/index.php/Admin/index
INFO: [ route_check ] --START--
INFO: Run CheckRoute Behavior [ RunTime:0.001386s ]
INFO: [ route_check ] --END-- [ RunTime:0.001499s ]
INFO: [ app_begin ] --START--
INFO: Run ReadHtmlCache Behavior [ RunTime:0.001145s ]
INFO: [ app_begin ] --END-- [ RunTime:0.001239s ]
INFO: [ view_template ] --START--
INFO: Run LocationTemplate Behavior [ RunTime:0.001565s ]
INFO: [ view_template ] --END-- [ RunTime:0.001680s ]
INFO: [ view_parse ] --START--
INFO: Run ParseTemplate Behavior [ RunTime:0.034951s ]
INFO: [ view_parse ] --END-- [ RunTime:0.035067s ]
INFO: [ view_filter ] --START--
INFO: Run ContentReplace Behavior [ RunTime:0.001122s ]
INFO: Run TokenBuild Behavior [ RunTime:0.001200s ]
INFO: Run WriteHtmlCache Behavior [ RunTime:0.001010s ]
INFO: Run ShowRuntime Behavior [ RunTime:0.001327s ]
INFO: [ view_filter ] --END-- [ RunTime:0.004927s ]
INFO: [ view_end ] --START--
INFO: Run ShowPageTrace Behavior [ RunTime:0.001531s ]
INFO: [ view_end ] --END-- [ RunTime:0.001618s ]

[ 2013-04-19T09:15:27+08:00 ] 10.10.4.41 /Product/index.php/Modify/add
INFO: [ route_check ] --START--
INFO: Run CheckRoute Behavior [ RunTime:0.001751s ]
INFO: [ route_check ] --END-- [ RunTime:0.001891s ]
INFO: [ app_begin ] --START--
INFO: Run ReadHtmlCache Behavior [ RunTime:0.001467s ]
INFO: [ app_begin ] --END-- [ RunTime:0.001583s ]
INFO: [ view_template ] --START--
INFO: Run LocationTemplate Behavior [ RunTime:0.001805s ]
INFO: [ view_template ] --END-- [ RunTime:0.001910s ]
INFO: [ view_parse ] --START--
INFO: Run ParseTemplate Behavior [ RunTime:0.049826s ]
INFO: [ view_parse ] --END-- [ RunTime:0.049931s ]
INFO: [ view_filter ] --START--
INFO: Run ContentReplace Behavior [ RunTime:0.000960s ]
INFO: Run TokenBuild Behavior [ RunTime:0.000956s ]
INFO: Run WriteHtmlCache Behavior [ RunTime:0.000874s ]
INFO: Run ShowRuntime Behavior [ RunTime:0.000999s ]
INFO: [ view_filter ] --END-- [ RunTime:0.004070s ]
INFO: [ view_end ] --START--
INFO: Run ShowPageTrace Behavior [ RunTime:0.001194s ]
INFO: [ view_end ] --END-- [ RunTime:0.001269s ]

[ 2013-04-19T09:15:36+08:00 ] 10.10.4.41 /Product/index.php/Modify/Insert
INFO: [ route_check ] --START--
INFO: Run CheckRoute Behavior [ RunTime:0.001383s ]
INFO: [ route_check ] --END-- [ RunTime:0.001498s ]
INFO: [ app_begin ] --START--
INFO: Run ReadHtmlCache Behavior [ RunTime:0.002667s ]
INFO: [ app_begin ] --END-- [ RunTime:0.002774s ]
SQL: SHOW COLUMNS FROM `product_modify` [ RunTime:0.019960s ]
SQL: INSERT INTO `product_modify` (`product_no`,`product_name`,`drawing_name`,`drawing_no`,`Version`,`modify_type`,`is_nuclear`,`note`,`modify_user_name`,`create_time`,`input_ip`) VALUES ('ee','zz','tt','xx','11','换图',1,'','Administrator','2013-04-19 09:15:36','10.10.4.41') [ RunTime:0.002992s ]
SQL: SELECT `is_nuclear` FROM `product_modify` WHERE ( id=71 )  [ RunTime:0.000462s ]
SQL: SHOW COLUMNS FROM `product_nuclear` [ RunTime:0.005463s ]
SQL: INSERT INTO `product_nuclear` (`modifyId`,`create_time`) VALUES (71,'2013-04-19') [ RunTime:0.003846s ]
NOTIC: [2] Missing argument 2 for CommonAction::GetThisYearId(), called in D:\Product\Lib\Action\ModifyAction.class.php on line 117 and defined D:\Product\Lib\Action\CommonAction.class.php 第 14 行.
NOTIC: [8] Undefined variable: b_is_nuclear D:\Product\Lib\Action\CommonAction.class.php 第 19 行.
NOTIC: [8] Use of undefined constant year - assumed 'year' D:\Product\Lib\Action\CommonAction.class.php 第 24 行.
NOTIC: [8] Undefined variable: Jizhun D:\Product\Lib\Action\CommonAction.class.php 第 24 行.
SQL: UPDATE `product_modify` SET `modify_id`='H13R-005' WHERE ( id=71 ) [ RunTime:0.000802s ]
INFO: [ view_template ] --START--
INFO: Run LocationTemplate Behavior [ RunTime:0.001260s ]
INFO: [ view_template ] --END-- [ RunTime:0.001394s ]
INFO: [ view_parse ] --START--
INFO: Run ParseTemplate Behavior [ RunTime:0.013119s ]
INFO: [ view_parse ] --END-- [ RunTime:0.013227s ]
INFO: [ view_filter ] --START--
INFO: Run ContentReplace Behavior [ RunTime:0.000863s ]
INFO: Run TokenBuild Behavior [ RunTime:0.000905s ]
INFO: Run WriteHtmlCache Behavior [ RunTime:0.000935s ]
INFO: Run ShowRuntime Behavior [ RunTime:0.001096s ]
INFO: [ view_filter ] --END-- [ RunTime:0.004234s ]
INFO: [ view_end ] --START--
INFO: Run ShowPageTrace Behavior [ RunTime:0.001219s ]
INFO: [ view_end ] --END-- [ RunTime:0.001301s ]

[ 2013-04-19T09:15:41+08:00 ] 10.10.4.41 /Product/index.php
INFO: [ app_begin ] --START--
INFO: Run ReadHtmlCache Behavior [ RunTime:0.001350s ]
INFO: [ app_begin ] --END-- [ RunTime:0.001468s ]
SQL: SHOW COLUMNS FROM `product_modify` [ RunTime:0.024895s ]
SQL: SELECT * FROM `product_modify` WHERE ( status=1 ) ORDER BY id desc LIMIT 10   [ RunTime:0.004291s ]
INFO: [ view_template ] --START--
INFO: Run LocationTemplate Behavior [ RunTime:0.000990s ]
INFO: [ view_template ] --END-- [ RunTime:0.001084s ]
INFO: [ view_parse ] --START--
INFO: Run ParseTemplate Behavior [ RunTime:0.019282s ]
INFO: [ view_parse ] --END-- [ RunTime:0.019378s ]
INFO: [ view_filter ] --START--
INFO: Run ContentReplace Behavior [ RunTime:0.001079s ]
INFO: Run TokenBuild Behavior [ RunTime:0.001109s ]
INFO: Run WriteHtmlCache Behavior [ RunTime:0.000922s ]
INFO: Run ShowRuntime Behavior [ RunTime:0.001248s ]
INFO: [ view_filter ] --END-- [ RunTime:0.004694s ]
INFO: [ view_end ] --START--
INFO: Run ShowPageTrace Behavior [ RunTime:0.001286s ]
INFO: [ view_end ] --END-- [ RunTime:0.001372s ]

[ 2013-04-19T09:16:33+08:00 ] 10.10.4.41 /Product/index.php/Modify/add
INFO: [ route_check ] --START--
INFO: Run CheckRoute Behavior [ RunTime:0.002324s ]
INFO: [ route_check ] --END-- [ RunTime:0.002456s ]
INFO: [ app_begin ] --START--
INFO: Run ReadHtmlCache Behavior [ RunTime:0.001487s ]
INFO: [ app_begin ] --END-- [ RunTime:0.001601s ]
INFO: [ view_template ] --START--
INFO: Run LocationTemplate Behavior [ RunTime:0.001472s ]
INFO: [ view_template ] --END-- [ RunTime:0.001569s ]
INFO: [ view_parse ] --START--
INFO: Run ParseTemplate Behavior [ RunTime:0.021274s ]
INFO: [ view_parse ] --END-- [ RunTime:0.021639s ]
INFO: [ view_filter ] --START--
INFO: Run ContentReplace Behavior [ RunTime:0.001358s ]
INFO: Run TokenBuild Behavior [ RunTime:0.001600s ]
INFO: Run WriteHtmlCache Behavior [ RunTime:0.001465s ]
INFO: Run ShowRuntime Behavior [ RunTime:0.001389s ]
INFO: [ view_filter ] --END-- [ RunTime:0.006101s ]
INFO: [ view_end ] --START--
INFO: Run ShowPageTrace Behavior [ RunTime:0.001904s ]
INFO: [ view_end ] --END-- [ RunTime:0.001984s ]

[ 2013-04-19T09:16:40+08:00 ] 10.10.4.41 /Product/index.php/Modify/Insert
INFO: [ route_check ] --START--
INFO: Run CheckRoute Behavior [ RunTime:0.001660s ]
INFO: [ route_check ] --END-- [ RunTime:0.001786s ]
INFO: [ app_begin ] --START--
INFO: Run ReadHtmlCache Behavior [ RunTime:0.001253s ]
INFO: [ app_begin ] --END-- [ RunTime:0.001351s ]
SQL: SHOW COLUMNS FROM `product_modify` [ RunTime:0.013042s ]
SQL: INSERT INTO `product_modify` (`product_no`,`product_name`,`drawing_name`,`drawing_no`,`Version`,`modify_type`,`note`,`modify_user_name`,`create_time`,`input_ip`) VALUES ('zz','cc','ff','tt','11','换图','','Administrator','2013-04-19 09:16:40','10.10.4.41') [ RunTime:0.003638s ]
SQL: SELECT `is_nuclear` FROM `product_modify` WHERE ( id=72 )  [ RunTime:0.000432s ]
NOTIC: [2] Missing argument 2 for CommonAction::GetThisYearId(), called in D:\Product\Lib\Action\ModifyAction.class.php on line 117 and defined D:\Product\Lib\Action\CommonAction.class.php 第 14 行.
NOTIC: [8] Undefined variable: b_is_nuclear D:\Product\Lib\Action\CommonAction.class.php 第 19 行.
NOTIC: [8] Use of undefined constant year - assumed 'year' D:\Product\Lib\Action\CommonAction.class.php 第 24 行.
NOTIC: [8] Undefined variable: Jizhun D:\Product\Lib\Action\CommonAction.class.php 第 24 行.
SQL: UPDATE `product_modify` SET `modify_id`='P13R-072' WHERE ( id=72 ) [ RunTime:0.000928s ]
INFO: [ view_template ] --START--
INFO: Run LocationTemplate Behavior [ RunTime:0.000997s ]
INFO: [ view_template ] --END-- [ RunTime:0.001079s ]
INFO: [ view_parse ] --START--
INFO: Run ParseTemplate Behavior [ RunTime:0.013118s ]
INFO: [ view_parse ] --END-- [ RunTime:0.013251s ]
INFO: [ view_filter ] --START--
INFO: Run ContentReplace Behavior [ RunTime:0.001109s ]
INFO: Run TokenBuild Behavior [ RunTime:0.000879s ]
INFO: Run WriteHtmlCache Behavior [ RunTime:0.001024s ]
INFO: Run ShowRuntime Behavior [ RunTime:0.001190s ]
INFO: [ view_filter ] --END-- [ RunTime:0.004479s ]
INFO: [ view_end ] --START--
INFO: Run ShowPageTrace Behavior [ RunTime:0.001476s ]
INFO: [ view_end ] --END-- [ RunTime:0.001562s ]

[ 2013-04-19T09:16:45+08:00 ] 10.10.4.41 /Product/index.php
INFO: [ app_begin ] --START--
INFO: Run ReadHtmlCache Behavior [ RunTime:0.001205s ]
INFO: [ app_begin ] --END-- [ RunTime:0.001300s ]
SQL: SHOW COLUMNS FROM `product_modify` [ RunTime:0.016252s ]
SQL: SELECT * FROM `product_modify` WHERE ( status=1 ) ORDER BY id desc LIMIT 10   [ RunTime:0.004073s ]
INFO: [ view_template ] --START--
INFO: Run LocationTemplate Behavior [ RunTime:0.001799s ]
INFO: [ view_template ] --END-- [ RunTime:0.001910s ]
INFO: [ view_parse ] --START--
INFO: Run ParseTemplate Behavior [ RunTime:0.019705s ]
INFO: [ view_parse ] --END-- [ RunTime:0.019816s ]
INFO: [ view_filter ] --START--
INFO: Run ContentReplace Behavior [ RunTime:0.001188s ]
INFO: Run TokenBuild Behavior [ RunTime:0.001044s ]
INFO: Run WriteHtmlCache Behavior [ RunTime:0.000743s ]
INFO: Run ShowRuntime Behavior [ RunTime:0.001025s ]
INFO: [ view_filter ] --END-- [ RunTime:0.004256s ]
INFO: [ view_end ] --START--
INFO: Run ShowPageTrace Behavior [ RunTime:0.001197s ]
INFO: [ view_end ] --END-- [ RunTime:0.001277s ]

[ 2013-04-19T09:43:54+08:00 ] 10.10.4.41 /Product/index.php/Modify/add
INFO: [ route_check ] --START--
INFO: Run CheckRoute Behavior [ RunTime:0.002130s ]
INFO: [ route_check ] --END-- [ RunTime:0.002299s ]
INFO: [ app_begin ] --START--
INFO: Run ReadHtmlCache Behavior [ RunTime:0.001585s ]
INFO: [ app_begin ] --END-- [ RunTime:0.001703s ]
INFO: [ view_template ] --START--
INFO: Run LocationTemplate Behavior [ RunTime:0.002925s ]
INFO: [ view_template ] --END-- [ RunTime:0.003103s ]
INFO: [ view_parse ] --START--
INFO: Run ParseTemplate Behavior [ RunTime:0.046408s ]
INFO: [ view_parse ] --END-- [ RunTime:0.046514s ]
INFO: [ view_filter ] --START--
INFO: Run ContentReplace Behavior [ RunTime:0.001875s ]
INFO: Run TokenBuild Behavior [ RunTime:0.001662s ]
INFO: Run WriteHtmlCache Behavior [ RunTime:0.001354s ]
INFO: Run ShowRuntime Behavior [ RunTime:0.001451s ]
INFO: [ view_filter ] --END-- [ RunTime:0.006626s ]
INFO: [ view_end ] --START--
INFO: Run ShowPageTrace Behavior [ RunTime:0.002963s ]
INFO: [ view_end ] --END-- [ RunTime:0.003056s ]

[ 2013-04-19T09:44:05+08:00 ] 10.10.4.41 /Product/index.php/Modify/Insert
INFO: [ route_check ] --START--
INFO: Run CheckRoute Behavior [ RunTime:0.001681s ]
INFO: [ route_check ] --END-- [ RunTime:0.001810s ]
INFO: [ app_begin ] --START--
INFO: Run ReadHtmlCache Behavior [ RunTime:0.001492s ]
INFO: [ app_begin ] --END-- [ RunTime:0.001596s ]
SQL: SHOW COLUMNS FROM `product_modify` [ RunTime:0.017149s ]
SQL: INSERT INTO `product_modify` (`product_no`,`product_name`,`drawing_name`,`drawing_no`,`Version`,`modify_type`,`note`,`modify_user_name`,`create_time`,`input_ip`) VALUES ('eeee','zz','ff','tt','11','换图','','Administrator','2013-04-19 09:44:05','10.10.4.41') [ RunTime:0.003697s ]
SQL: SELECT `is_nuclear` FROM `product_modify` WHERE ( id=73 )  [ RunTime:0.000988s ]
SQL: SHOW COLUMNS FROM `product_modiy_table` [ RunTime:0.006761s ]
ERR: Table 'product.product_modiy_table' doesn't exist
 [ SQL语句 ] : SHOW COLUMNS FROM `product_modiy_table`
NOTIC: [2] in_array() expects parameter 2 to be array, boolean given D:\Product\ThinkPHP\Lib\Core\Model.class.php 第 795 行.
NOTIC: [2] in_array() expects parameter 2 to be array, boolean given D:\Product\ThinkPHP\Lib\Core\Model.class.php 第 795 行.
NOTIC: [2] in_array() expects parameter 2 to be array, boolean given D:\Product\ThinkPHP\Lib\Core\Model.class.php 第 795 行.
NOTIC: [2] in_array() expects parameter 2 to be array, boolean given D:\Product\ThinkPHP\Lib\Core\Model.class.php 第 795 行.
NOTIC: [2] in_array() expects parameter 2 to be array, boolean given D:\Product\ThinkPHP\Lib\Core\Model.class.php 第 795 行.
NOTIC: [2] in_array() expects parameter 2 to be array, boolean given D:\Product\ThinkPHP\Lib\Core\Model.class.php 第 795 行.
NOTIC: [2] in_array() expects parameter 2 to be array, boolean given D:\Product\ThinkPHP\Lib\Core\Model.class.php 第 795 行.
NOTIC: [2] in_array() expects parameter 2 to be array, boolean given D:\Product\ThinkPHP\Lib\Core\Model.class.php 第 795 行.
SQL: INSERT INTO `product_modiy_table` (`modifyId`,`create_time`) VALUES (73,'2013-04-19') [ RunTime:0.000565s ]
ERR: Table 'product.product_modiy_table' doesn't exist
 [ SQL语句 ] : INSERT INTO `product_modiy_table` (`modifyId`,`create_time`) VALUES (73,'2013-04-19')
NOTIC: [2] Missing argument 2 for CommonAction::GetThisYearId(), called in D:\Product\Lib\Action\ModifyAction.class.php on line 131 and defined D:\Product\Lib\Action\CommonAction.class.php 第 14 行.
NOTIC: [8] Undefined variable: b_is_nuclear D:\Product\Lib\Action\CommonAction.class.php 第 19 行.
NOTIC: [8] Use of undefined constant year - assumed 'year' D:\Product\Lib\Action\CommonAction.class.php 第 24 行.
NOTIC: [8] Undefined variable: Jizhun D:\Product\Lib\Action\CommonAction.class.php 第 24 行.
SQL: UPDATE `product_modify` SET `modify_id`='P13R-000' WHERE ( id=73 ) [ RunTime:0.000887s ]
INFO: [ view_template ] --START--
INFO: Run LocationTemplate Behavior [ RunTime:0.001674s ]
INFO: [ view_template ] --END-- [ RunTime:0.001801s ]
INFO: [ view_parse ] --START--
INFO: Run ParseTemplate Behavior [ RunTime:0.015251s ]
INFO: [ view_parse ] --END-- [ RunTime:0.015367s ]
INFO: [ view_filter ] --START--
INFO: Run ContentReplace Behavior [ RunTime:0.001701s ]
INFO: Run TokenBuild Behavior [ RunTime:0.000985s ]
INFO: Run WriteHtmlCache Behavior [ RunTime:0.000764s ]
INFO: Run ShowRuntime Behavior [ RunTime:0.000976s ]
INFO: [ view_filter ] --END-- [ RunTime:0.004687s ]
INFO: [ view_end ] --START--
INFO: Run ShowPageTrace Behavior [ RunTime:0.001223s ]
INFO: [ view_end ] --END-- [ RunTime:0.001305s ]

[ 2013-04-19T09:44:10+08:00 ] 10.10.4.41 /Product/index.php
INFO: [ app_begin ] --START--
INFO: Run ReadHtmlCache Behavior [ RunTime:0.001103s ]
INFO: [ app_begin ] --END-- [ RunTime:0.001196s ]
SQL: SHOW COLUMNS FROM `product_modify` [ RunTime:0.024990s ]
SQL: SELECT * FROM `product_modify` WHERE ( status=1 ) ORDER BY id desc LIMIT 10   [ RunTime:0.005535s ]
INFO: [ view_template ] --START--
INFO: Run LocationTemplate Behavior [ RunTime:0.001657s ]
INFO: [ view_template ] --END-- [ RunTime:0.001772s ]
INFO: [ view_parse ] --START--
INFO: Run ParseTemplate Behavior [ RunTime:0.018144s ]
INFO: [ view_parse ] --END-- [ RunTime:0.018241s ]
INFO: [ view_filter ] --START--
INFO: Run ContentReplace Behavior [ RunTime:0.001004s ]
INFO: Run TokenBuild Behavior [ RunTime:0.000893s ]
INFO: Run WriteHtmlCache Behavior [ RunTime:0.000724s ]
INFO: Run ShowRuntime Behavior [ RunTime:0.000980s ]
INFO: [ view_filter ] --END-- [ RunTime:0.003845s ]
INFO: [ view_end ] --START--
INFO: Run ShowPageTrace Behavior [ RunTime:0.001178s ]
INFO: [ view_end ] --END-- [ RunTime:0.001256s ]

[ 2013-04-19T09:46:48+08:00 ] 10.10.4.41 /Product/index.php/Modify/add
INFO: [ route_check ] --START--
INFO: Run CheckRoute Behavior [ RunTime:0.002096s ]
INFO: [ route_check ] --END-- [ RunTime:0.002217s ]
INFO: [ app_begin ] --START--
INFO: Run ReadHtmlCache Behavior [ RunTime:0.001360s ]
INFO: [ app_begin ] --END-- [ RunTime:0.001466s ]
INFO: [ view_template ] --START--
INFO: Run LocationTemplate Behavior [ RunTime:0.002714s ]
INFO: [ view_template ] --END-- [ RunTime:0.002828s ]
INFO: [ view_parse ] --START--
INFO: Run ParseTemplate Behavior [ RunTime:0.024176s ]
INFO: [ view_parse ] --END-- [ RunTime:0.024284s ]
INFO: [ view_filter ] --START--
INFO: Run ContentReplace Behavior [ RunTime:0.001461s ]
INFO: Run TokenBuild Behavior [ RunTime:0.001195s ]
INFO: Run WriteHtmlCache Behavior [ RunTime:0.001029s ]
INFO: Run ShowRuntime Behavior [ RunTime:0.001335s ]
INFO: [ view_filter ] --END-- [ RunTime:0.005272s ]
INFO: [ view_end ] --START--
INFO: Run ShowPageTrace Behavior [ RunTime:0.001869s ]
INFO: [ view_end ] --END-- [ RunTime:0.001952s ]

[ 2013-04-19T09:46:54+08:00 ] ERR: [1] Call to a member function create() on a non-object D:\Product\Lib\Action\ModifyAction.class.php 第 119 行.
[ 2013-04-19T09:47:26+08:00 ] ERR: [1] Call to a member function create() on a non-object D:\Product\Lib\Action\ModifyAction.class.php 第 119 行.
[ 2013-04-19T09:48:13+08:00 ] 10.10.4.41 /Product/
INFO: [ app_begin ] --START--
INFO: Run ReadHtmlCache Behavior [ RunTime:0.001310s ]
INFO: [ app_begin ] --END-- [ RunTime:0.001433s ]
SQL: SHOW COLUMNS FROM `product_modify` [ RunTime:0.022291s ]
SQL: SELECT * FROM `product_modify` WHERE ( status=1 ) ORDER BY id desc LIMIT 10   [ RunTime:0.004067s ]
INFO: [ view_template ] --START--
INFO: Run LocationTemplate Behavior [ RunTime:0.001638s ]
INFO: [ view_template ] --END-- [ RunTime:0.001815s ]
INFO: [ view_parse ] --START--
INFO: Run ParseTemplate Behavior [ RunTime:0.019795s ]
INFO: [ view_parse ] --END-- [ RunTime:0.019904s ]
INFO: [ view_filter ] --START--
INFO: Run ContentReplace Behavior [ RunTime:0.001425s ]
INFO: Run TokenBuild Behavior [ RunTime:0.000954s ]
INFO: Run WriteHtmlCache Behavior [ RunTime:0.001527s ]
INFO: Run ShowRuntime Behavior [ RunTime:0.001305s ]
INFO: [ view_filter ] --END-- [ RunTime:0.005596s ]
INFO: [ view_end ] --START--
INFO: Run ShowPageTrace Behavior [ RunTime:0.001564s ]
INFO: [ view_end ] --END-- [ RunTime:0.001653s ]

[ 2013-04-19T09:48:15+08:00 ] 10.10.4.41 /Product/index.php/Admin/logout
INFO: [ route_check ] --START--
INFO: Run CheckRoute Behavior [ RunTime:0.001386s ]
INFO: [ route_check ] --END-- [ RunTime:0.001500s ]
INFO: [ app_begin ] --START--
INFO: Run ReadHtmlCache Behavior [ RunTime:0.001128s ]
INFO: [ app_begin ] --END-- [ RunTime:0.001219s ]
INFO: [ view_template ] --START--
INFO: Run LocationTemplate Behavior [ RunTime:0.002711s ]
INFO: [ view_template ] --END-- [ RunTime:0.002817s ]
INFO: [ view_parse ] --START--
INFO: Run ParseTemplate Behavior [ RunTime:0.013165s ]
INFO: [ view_parse ] --END-- [ RunTime:0.013280s ]
INFO: [ view_filter ] --START--
INFO: Run ContentReplace Behavior [ RunTime:0.001089s ]
INFO: Run TokenBuild Behavior [ RunTime:0.000956s ]
INFO: Run WriteHtmlCache Behavior [ RunTime:0.000874s ]
INFO: Run ShowRuntime Behavior [ RunTime:0.001169s ]
INFO: [ view_filter ] --END-- [ RunTime:0.004353s ]
INFO: [ view_end ] --START--
INFO: Run ShowPageTrace Behavior [ RunTime:0.001371s ]
INFO: [ view_end ] --END-- [ RunTime:0.001464s ]

[ 2013-04-19T09:48:16+08:00 ] 10.10.4.41 /Product/index.php
INFO: [ app_begin ] --START--
INFO: Run ReadHtmlCache Behavior [ RunTime:0.001141s ]
INFO: [ app_begin ] --END-- [ RunTime:0.001248s ]
SQL: SHOW COLUMNS FROM `product_modify` [ RunTime:0.019272s ]
SQL: SELECT * FROM `product_modify` WHERE ( status=1 ) ORDER BY id desc LIMIT 10   [ RunTime:0.003919s ]
INFO: [ view_template ] --START--
INFO: Run LocationTemplate Behavior [ RunTime:0.001464s ]
INFO: [ view_template ] --END-- [ RunTime:0.001579s ]
INFO: [ view_parse ] --START--
NOTIC: [8] Undefined index: user_logined D:\Product\Runtime\Cache\70e4ac6229bd5f1254ecfd4db6987037.php 第 48 行.
INFO: Run ParseTemplate Behavior [ RunTime:0.018997s ]
INFO: [ view_parse ] --END-- [ RunTime:0.019082s ]
INFO: [ view_filter ] --START--
INFO: Run ContentReplace Behavior [ RunTime:0.001325s ]
INFO: Run TokenBuild Behavior [ RunTime:0.001052s ]
INFO: Run WriteHtmlCache Behavior [ RunTime:0.000744s ]
INFO: Run ShowRuntime Behavior [ RunTime:0.000980s ]
INFO: [ view_filter ] --END-- [ RunTime:0.004367s ]
INFO: [ view_end ] --START--
INFO: Run ShowPageTrace Behavior [ RunTime:0.001174s ]
INFO: [ view_end ] --END-- [ RunTime:0.001259s ]

[ 2013-04-19T09:48:18+08:00 ] 10.10.4.41 /Product/index.php/Modify/add
INFO: [ route_check ] --START--
INFO: Run CheckRoute Behavior [ RunTime:0.001633s ]
INFO: [ route_check ] --END-- [ RunTime:0.001750s ]
INFO: [ app_begin ] --START--
INFO: Run ReadHtmlCache Behavior [ RunTime:0.001152s ]
INFO: [ app_begin ] --END-- [ RunTime:0.001243s ]
INFO: [ view_template ] --START--
INFO: Run LocationTemplate Behavior [ RunTime:0.000882s ]
INFO: [ view_template ] --END-- [ RunTime:0.000972s ]
INFO: [ view_parse ] --START--
INFO: Run ParseTemplate Behavior [ RunTime:0.014166s ]
INFO: [ view_parse ] --END-- [ RunTime:0.014279s ]
INFO: [ view_filter ] --START--
INFO: Run ContentReplace Behavior [ RunTime:0.001051s ]
INFO: Run TokenBuild Behavior [ RunTime:0.000983s ]
INFO: Run WriteHtmlCache Behavior [ RunTime:0.000868s ]
INFO: Run ShowRuntime Behavior [ RunTime:0.001375s ]
INFO: [ view_filter ] --END-- [ RunTime:0.004564s ]
INFO: [ view_end ] --START--
INFO: Run ShowPageTrace Behavior [ RunTime:0.001569s ]
INFO: [ view_end ] --END-- [ RunTime:0.002103s ]

[ 2013-04-19T09:48:19+08:00 ] 10.10.4.41 /Product/index.php/Admin/login
INFO: [ route_check ] --START--
INFO: Run CheckRoute Behavior [ RunTime:0.001535s ]
INFO: [ route_check ] --END-- [ RunTime:0.001655s ]
INFO: [ app_begin ] --START--
INFO: Run ReadHtmlCache Behavior [ RunTime:0.001176s ]
INFO: [ app_begin ] --END-- [ RunTime:0.001273s ]
INFO: [ view_template ] --START--
INFO: Run LocationTemplate Behavior [ RunTime:0.007396s ]
INFO: [ view_template ] --END-- [ RunTime:0.007535s ]
INFO: [ view_parse ] --START--
INFO: Run ParseTemplate Behavior [ RunTime:0.013551s ]
INFO: [ view_parse ] --END-- [ RunTime:0.013671s ]
INFO: [ view_filter ] --START--
INFO: Run ContentReplace Behavior [ RunTime:0.001045s ]
INFO: Run TokenBuild Behavior [ RunTime:0.001005s ]
INFO: Run WriteHtmlCache Behavior [ RunTime:0.001193s ]
INFO: Run ShowRuntime Behavior [ RunTime:0.001252s ]
INFO: [ view_filter ] --END-- [ RunTime:0.004782s ]
INFO: [ view_end ] --START--
INFO: Run ShowPageTrace Behavior [ RunTime:0.001462s ]
INFO: [ view_end ] --END-- [ RunTime:0.001550s ]

[ 2013-04-19T09:48:25+08:00 ] 10.10.4.41 /Product/index.php/Admin/login
INFO: [ route_check ] --START--
INFO: Run CheckRoute Behavior [ RunTime:0.001382s ]
INFO: [ route_check ] --END-- [ RunTime:0.001482s ]
INFO: [ app_begin ] --START--
INFO: Run ReadHtmlCache Behavior [ RunTime:0.001140s ]
INFO: [ app_begin ] --END-- [ RunTime:0.001221s ]
SQL: SHOW COLUMNS FROM `product_user` [ RunTime:0.015148s ]
SQL: SELECT COUNT(*) AS tp_count FROM `product_user` WHERE ( `username` = 'admin' ) AND ( `password` = 'e8856' ) AND ( `status` = 1 ) LIMIT 1   [ RunTime:0.003047s ]
SQL: SELECT `id` FROM `product_user` WHERE ( `username` = 'admin' ) AND ( `password` = 'e8856' ) AND ( `status` = 1 )  [ RunTime:0.000412s ]
SQL: UPDATE `product_user` SET `lastlogin`='2013-04-19 09:48:25' WHERE ( id=1 ) [ RunTime:0.000942s ]
SQL: SELECT role_right FROM product_role INNER JOIN product_user ON product_user.role_id=product_role.id WHERE product_user.id=1 [ RunTime:0.000892s ]
SQL: SELECT `realname` FROM `product_user` WHERE ( id=1 )  [ RunTime:0.000374s ]
INFO: [ view_template ] --START--
INFO: Run LocationTemplate Behavior [ RunTime:0.002175s ]
INFO: [ view_template ] --END-- [ RunTime:0.002276s ]
INFO: [ view_parse ] --START--
INFO: Run ParseTemplate Behavior [ RunTime:0.013077s ]
INFO: [ view_parse ] --END-- [ RunTime:0.013184s ]
INFO: [ view_filter ] --START--
INFO: Run ContentReplace Behavior [ RunTime:0.000865s ]
INFO: Run TokenBuild Behavior [ RunTime:0.000875s ]
INFO: Run WriteHtmlCache Behavior [ RunTime:0.000720s ]
INFO: Run ShowRuntime Behavior [ RunTime:0.000975s ]
INFO: [ view_filter ] --END-- [ RunTime:0.003680s ]
INFO: [ view_end ] --START--
INFO: Run ShowPageTrace Behavior [ RunTime:0.001232s ]
INFO: [ view_end ] --END-- [ RunTime:0.001316s ]

[ 2013-04-19T09:48:26+08:00 ] 10.10.4.41 /Product/index.php/Admin/index
INFO: [ route_check ] --START--
INFO: Run CheckRoute Behavior [ RunTime:0.001962s ]
INFO: [ route_check ] --END-- [ RunTime:0.002153s ]
INFO: [ app_begin ] --START--
INFO: Run ReadHtmlCache Behavior [ RunTime:0.001296s ]
INFO: [ app_begin ] --END-- [ RunTime:0.001402s ]
INFO: [ view_template ] --START--
INFO: Run LocationTemplate Behavior [ RunTime:0.001456s ]
INFO: [ view_template ] --END-- [ RunTime:0.001579s ]
INFO: [ view_parse ] --START--
INFO: Run ParseTemplate Behavior [ RunTime:0.017088s ]
INFO: [ view_parse ] --END-- [ RunTime:0.017198s ]
INFO: [ view_filter ] --START--
INFO: Run ContentReplace Behavior [ RunTime:0.001070s ]
INFO: Run TokenBuild Behavior [ RunTime:0.001018s ]
INFO: Run WriteHtmlCache Behavior [ RunTime:0.000918s ]
INFO: Run ShowRuntime Behavior [ RunTime:0.001122s ]
INFO: [ view_filter ] --END-- [ RunTime:0.004411s ]
INFO: [ view_end ] --START--
INFO: Run ShowPageTrace Behavior [ RunTime:0.001391s ]
INFO: [ view_end ] --END-- [ RunTime:0.001492s ]

[ 2013-04-19T09:48:28+08:00 ] 10.10.4.41 /Product/index.php/Modify/add
INFO: [ route_check ] --START--
INFO: Run CheckRoute Behavior [ RunTime:0.001667s ]
INFO: [ route_check ] --END-- [ RunTime:0.001800s ]
INFO: [ app_begin ] --START--
INFO: Run ReadHtmlCache Behavior [ RunTime:0.001163s ]
INFO: [ app_begin ] --END-- [ RunTime:0.001256s ]
INFO: [ view_template ] --START--
INFO: Run LocationTemplate Behavior [ RunTime:0.001719s ]
INFO: [ view_template ] --END-- [ RunTime:0.001827s ]
INFO: [ view_parse ] --START--
INFO: Run ParseTemplate Behavior [ RunTime:0.020142s ]
INFO: [ view_parse ] --END-- [ RunTime:0.020249s ]
INFO: [ view_filter ] --START--
INFO: Run ContentReplace Behavior [ RunTime:0.001228s ]
INFO: Run TokenBuild Behavior [ RunTime:0.000996s ]
INFO: Run WriteHtmlCache Behavior [ RunTime:0.000909s ]
INFO: Run ShowRuntime Behavior [ RunTime:0.001128s ]
INFO: [ view_filter ] --END-- [ RunTime:0.004544s ]
INFO: [ view_end ] --START--
INFO: Run ShowPageTrace Behavior [ RunTime:0.001418s ]
INFO: [ view_end ] --END-- [ RunTime:0.001512s ]

[ 2013-04-19T09:48:57+08:00 ] ERR: [1] Call to a member function create() on a non-object D:\Product\Lib\Action\ModifyAction.class.php 第 119 行.
[ 2013-04-19T09:49:18+08:00 ] 10.10.4.41 /Product/index.php/Modify/Insert
INFO: [ route_check ] --START--
INFO: Run CheckRoute Behavior [ RunTime:0.001383s ]
INFO: [ route_check ] --END-- [ RunTime:0.001493s ]
INFO: [ app_begin ] --START--
INFO: Run ReadHtmlCache Behavior [ RunTime:0.001115s ]
INFO: [ app_begin ] --END-- [ RunTime:0.001207s ]
SQL: SHOW COLUMNS FROM `product_modify` [ RunTime:0.020728s ]
SQL: INSERT INTO `product_modify` (`product_no`,`product_name`,`drawing_name`,`drawing_no`,`Version`,`modify_type`,`note`,`modify_user_name`,`create_time`,`input_ip`) VALUES ('ee','zz','ff','tt','1','换图','','Administrator','2013-04-19 09:49:18','10.10.4.41') [ RunTime:0.004048s ]
SQL: SELECT `is_nuclear` FROM `product_modify` WHERE ( id=77 )  [ RunTime:0.000474s ]
SQL: SHOW COLUMNS FROM `product_modify_table` [ RunTime:0.006340s ]
SQL: INSERT INTO `product_modify_table` (`create_time`) VALUES ('2013-04-19') [ RunTime:0.003885s ]
NOTIC: [2] Missing argument 2 for CommonAction::GetThisYearId(), called in D:\Product\Lib\Action\ModifyAction.class.php on line 131 and defined D:\Product\Lib\Action\CommonAction.class.php 第 14 行.
NOTIC: [8] Undefined variable: b_is_nuclear D:\Product\Lib\Action\CommonAction.class.php 第 19 行.
NOTIC: [8] Use of undefined constant year - assumed 'year' D:\Product\Lib\Action\CommonAction.class.php 第 24 行.
NOTIC: [8] Undefined variable: Jizhun D:\Product\Lib\Action\CommonAction.class.php 第 24 行.
SQL: UPDATE `product_modify` SET `modify_id`='P13R-073' WHERE ( id=77 ) [ RunTime:0.000742s ]
INFO: [ view_template ] --START--
INFO: Run LocationTemplate Behavior [ RunTime:0.001847s ]
INFO: [ view_template ] --END-- [ RunTime:0.001957s ]
INFO: [ view_parse ] --START--
INFO: Run ParseTemplate Behavior [ RunTime:0.015208s ]
INFO: [ view_parse ] --END-- [ RunTime:0.015322s ]
INFO: [ view_filter ] --START--
INFO: Run ContentReplace Behavior [ RunTime:0.001645s ]
INFO: Run TokenBuild Behavior [ RunTime:0.001620s ]
INFO: Run WriteHtmlCache Behavior [ RunTime:0.001345s ]
INFO: Run ShowRuntime Behavior [ RunTime:0.001404s ]
INFO: [ view_filter ] --END-- [ RunTime:0.006285s ]
INFO: [ view_end ] --START--
INFO: Run ShowPageTrace Behavior [ RunTime:0.001536s ]
INFO: [ view_end ] --END-- [ RunTime:0.001619s ]

[ 2013-04-19T09:49:23+08:00 ] 10.10.4.41 /Product/index.php
INFO: [ app_begin ] --START--
INFO: Run ReadHtmlCache Behavior [ RunTime:0.001073s ]
INFO: [ app_begin ] --END-- [ RunTime:0.001168s ]
SQL: SHOW COLUMNS FROM `product_modify` [ RunTime:0.008191s ]
SQL: SELECT * FROM `product_modify` WHERE ( status=1 ) ORDER BY id desc LIMIT 10   [ RunTime:0.005636s ]
INFO: [ view_template ] --START--
INFO: Run LocationTemplate Behavior [ RunTime:0.001165s ]
INFO: [ view_template ] --END-- [ RunTime:0.001269s ]
INFO: [ view_parse ] --START--
INFO: Run ParseTemplate Behavior [ RunTime:0.017870s ]
INFO: [ view_parse ] --END-- [ RunTime:0.017978s ]
INFO: [ view_filter ] --START--
INFO: Run ContentReplace Behavior [ RunTime:0.001237s ]
INFO: Run TokenBuild Behavior [ RunTime:0.001571s ]
INFO: Run WriteHtmlCache Behavior [ RunTime:0.000845s ]
INFO: Run ShowRuntime Behavior [ RunTime:0.001194s ]
INFO: [ view_filter ] --END-- [ RunTime:0.005126s ]
INFO: [ view_end ] --START--
INFO: Run ShowPageTrace Behavior [ RunTime:0.001321s ]
INFO: [ view_end ] --END-- [ RunTime:0.001414s ]

[ 2013-04-19T09:51:06+08:00 ] 10.10.4.41 /Product/index.php/Modify/add
INFO: [ route_check ] --START--
INFO: Run CheckRoute Behavior [ RunTime:0.002378s ]
INFO: [ route_check ] --END-- [ RunTime:0.002509s ]
INFO: [ app_begin ] --START--
INFO: Run ReadHtmlCache Behavior [ RunTime:0.001947s ]
INFO: [ app_begin ] --END-- [ RunTime:0.002057s ]
INFO: [ view_template ] --START--
INFO: Run LocationTemplate Behavior [ RunTime:0.001804s ]
INFO: [ view_template ] --END-- [ RunTime:0.001917s ]
INFO: [ view_parse ] --START--
INFO: Run ParseTemplate Behavior [ RunTime:0.023519s ]
INFO: [ view_parse ] --END-- [ RunTime:0.023622s ]
INFO: [ view_filter ] --START--
INFO: Run ContentReplace Behavior [ RunTime:0.000947s ]
INFO: Run TokenBuild Behavior [ RunTime:0.000883s ]
INFO: Run WriteHtmlCache Behavior [ RunTime:0.000713s ]
INFO: Run ShowRuntime Behavior [ RunTime:0.000973s ]
INFO: [ view_filter ] --END-- [ RunTime:0.003765s ]
INFO: [ view_end ] --START--
INFO: Run ShowPageTrace Behavior [ RunTime:0.003664s ]
INFO: [ view_end ] --END-- [ RunTime:0.003752s ]

[ 2013-04-19T09:51:14+08:00 ] 10.10.4.41 /Product/index.php/Modify/Insert
INFO: [ route_check ] --START--
INFO: Run CheckRoute Behavior [ RunTime:0.001662s ]
INFO: [ route_check ] --END-- [ RunTime:0.001794s ]
INFO: [ app_begin ] --START--
INFO: Run ReadHtmlCache Behavior [ RunTime:0.001387s ]
INFO: [ app_begin ] --END-- [ RunTime:0.001494s ]
SQL: SHOW COLUMNS FROM `product_modify` [ RunTime:0.025340s ]
INFO: [ view_template ] --START--
INFO: Run LocationTemplate Behavior [ RunTime:0.001324s ]
INFO: [ view_template ] --END-- [ RunTime:0.001440s ]
INFO: [ view_parse ] --START--
INFO: Run ParseTemplate Behavior [ RunTime:0.013473s ]
INFO: [ view_parse ] --END-- [ RunTime:0.013619s ]
INFO: [ view_filter ] --START--
INFO: Run ContentReplace Behavior [ RunTime:0.001047s ]
INFO: Run TokenBuild Behavior [ RunTime:0.001136s ]
INFO: Run WriteHtmlCache Behavior [ RunTime:0.001051s ]
INFO: Run ShowRuntime Behavior [ RunTime:0.001123s ]
INFO: [ view_filter ] --END-- [ RunTime:0.004652s ]
INFO: [ view_end ] --START--
INFO: Run ShowPageTrace Behavior [ RunTime:0.001494s ]
INFO: [ view_end ] --END-- [ RunTime:0.001582s ]

[ 2013-04-19T09:51:20+08:00 ] 10.10.4.41 /Product/index.php/Modify/Insert
INFO: [ route_check ] --START--
INFO: Run CheckRoute Behavior [ RunTime:0.001380s ]
INFO: [ route_check ] --END-- [ RunTime:0.001492s ]
INFO: [ app_begin ] --START--
INFO: Run ReadHtmlCache Behavior [ RunTime:0.001094s ]
INFO: [ app_begin ] --END-- [ RunTime:0.001174s ]
SQL: SHOW COLUMNS FROM `product_modify` [ RunTime:0.029409s ]
SQL: INSERT INTO `product_modify` (`product_no`,`product_name`,`drawing_name`,`drawing_no`,`Version`,`modify_type`,`is_nuclear`,`note`,`modify_user_name`,`create_time`,`input_ip`) VALUES ('ee','zz','tt','xx','111','换图',1,'','Administrator','2013-04-19 09:51:20','10.10.4.41') [ RunTime:0.003611s ]
SQL: SELECT `is_nuclear` FROM `product_modify` WHERE ( id=78 )  [ RunTime:0.000540s ]
SQL: SHOW COLUMNS FROM `product_nuclear` [ RunTime:0.006277s ]
SQL: INSERT INTO `product_nuclear` (`modifyId`,`create_time`) VALUES (78,'2013-04-19') [ RunTime:0.003750s ]
NOTIC: [8] Use of undefined constant year - assumed 'year' D:\Product\Lib\Action\CommonAction.class.php 第 20 行.
NOTIC: [8] Undefined variable: Jizhun D:\Product\Lib\Action\CommonAction.class.php 第 20 行.
SQL: UPDATE `product_modify` SET `modify_id`='H13R-006' WHERE ( id=78 ) [ RunTime:0.000824s ]
INFO: [ view_template ] --START--
INFO: Run LocationTemplate Behavior [ RunTime:0.001668s ]
INFO: [ view_template ] --END-- [ RunTime:0.001791s ]
INFO: [ view_parse ] --START--
INFO: Run ParseTemplate Behavior [ RunTime:0.016353s ]
INFO: [ view_parse ] --END-- [ RunTime:0.016456s ]
INFO: [ view_filter ] --START--
INFO: Run ContentReplace Behavior [ RunTime:0.001151s ]
INFO: Run TokenBuild Behavior [ RunTime:0.001159s ]
INFO: Run WriteHtmlCache Behavior [ RunTime:0.001326s ]
INFO: Run ShowRuntime Behavior [ RunTime:0.001334s ]
INFO: [ view_filter ] --END-- [ RunTime:0.005218s ]
INFO: [ view_end ] --START--
INFO: Run ShowPageTrace Behavior [ RunTime:0.001591s ]
INFO: [ view_end ] --END-- [ RunTime:0.001672s ]

[ 2013-04-19T09:51:26+08:00 ] 10.10.4.41 /Product/index.php
INFO: [ app_begin ] --START--
INFO: Run ReadHtmlCache Behavior [ RunTime:0.001127s ]
INFO: [ app_begin ] --END-- [ RunTime:0.001222s ]
SQL: SHOW COLUMNS FROM `product_modify` [ RunTime:0.026501s ]
SQL: SELECT * FROM `product_modify` WHERE ( status=1 ) ORDER BY id desc LIMIT 10   [ RunTime:0.003916s ]
INFO: [ view_template ] --START--
INFO: Run LocationTemplate Behavior [ RunTime:0.001857s ]
INFO: [ view_template ] --END-- [ RunTime:0.001963s ]
INFO: [ view_parse ] --START--
INFO: Run ParseTemplate Behavior [ RunTime:0.018822s ]
INFO: [ view_parse ] --END-- [ RunTime:0.018934s ]
INFO: [ view_filter ] --START--
INFO: Run ContentReplace Behavior [ RunTime:0.001225s ]
INFO: Run TokenBuild Behavior [ RunTime:0.001188s ]
INFO: Run WriteHtmlCache Behavior [ RunTime:0.001032s ]
INFO: Run ShowRuntime Behavior [ RunTime:0.001133s ]
INFO: [ view_filter ] --END-- [ RunTime:0.004862s ]
INFO: [ view_end ] --START--
INFO: Run ShowPageTrace Behavior [ RunTime:0.001240s ]
INFO: [ view_end ] --END-- [ RunTime:0.001318s ]

[ 2013-04-19T09:51:28+08:00 ] 10.10.4.41 /Product/index.php/Modify/add
INFO: [ route_check ] --START--
INFO: Run CheckRoute Behavior [ RunTime:0.001498s ]
INFO: [ route_check ] --END-- [ RunTime:0.001619s ]
INFO: [ app_begin ] --START--
INFO: Run ReadHtmlCache Behavior [ RunTime:0.001231s ]
INFO: [ app_begin ] --END-- [ RunTime:0.001328s ]
INFO: [ view_template ] --START--
INFO: Run LocationTemplate Behavior [ RunTime:0.001476s ]
INFO: [ view_template ] --END-- [ RunTime:0.001576s ]
INFO: [ view_parse ] --START--
INFO: Run ParseTemplate Behavior [ RunTime:0.016196s ]
INFO: [ view_parse ] --END-- [ RunTime:0.016310s ]
INFO: [ view_filter ] --START--
INFO: Run ContentReplace Behavior [ RunTime:0.001221s ]
INFO: Run TokenBuild Behavior [ RunTime:0.001181s ]
INFO: Run WriteHtmlCache Behavior [ RunTime:0.000926s ]
INFO: Run ShowRuntime Behavior [ RunTime:0.001215s ]
INFO: [ view_filter ] --END-- [ RunTime:0.004832s ]
INFO: [ view_end ] --START--
INFO: Run ShowPageTrace Behavior [ RunTime:0.001433s ]
INFO: [ view_end ] --END-- [ RunTime:0.001521s ]

[ 2013-04-19T09:51:36+08:00 ] 10.10.4.41 /Product/index.php/Modify/Insert
INFO: [ route_check ] --START--
INFO: Run CheckRoute Behavior [ RunTime:0.001442s ]
INFO: [ route_check ] --END-- [ RunTime:0.001545s ]
INFO: [ app_begin ] --START--
INFO: Run ReadHtmlCache Behavior [ RunTime:0.001227s ]
INFO: [ app_begin ] --END-- [ RunTime:0.001308s ]
SQL: SHOW COLUMNS FROM `product_modify` [ RunTime:0.023066s ]
SQL: INSERT INTO `product_modify` (`product_no`,`product_name`,`drawing_name`,`drawing_no`,`Version`,`modify_type`,`note`,`modify_user_name`,`create_time`,`input_ip`) VALUES ('zz','tt','xx','cc','ee','fff','','Administrator','2013-04-19 09:51:36','10.10.4.41') [ RunTime:0.003525s ]
SQL: SELECT `is_nuclear` FROM `product_modify` WHERE ( id=79 )  [ RunTime:0.000624s ]
SQL: SHOW COLUMNS FROM `product_modify_table` [ RunTime:0.006377s ]
SQL: INSERT INTO `product_modify_table` (`modifyid`,`create_time`) VALUES (79,'2013-04-19') [ RunTime:0.004355s ]
NOTIC: [8] Use of undefined constant year - assumed 'year' D:\Product\Lib\Action\CommonAction.class.php 第 24 行.
NOTIC: [8] Undefined variable: Jizhun D:\Product\Lib\Action\CommonAction.class.php 第 24 行.
SQL: UPDATE `product_modify` SET `modify_id`='P13R-074' WHERE ( id=79 ) [ RunTime:0.000802s ]
INFO: [ view_template ] --START--
INFO: Run LocationTemplate Behavior [ RunTime:0.001179s ]
INFO: [ view_template ] --END-- [ RunTime:0.001299s ]
INFO: [ view_parse ] --START--
INFO: Run ParseTemplate Behavior [ RunTime:0.015665s ]
INFO: [ view_parse ] --END-- [ RunTime:0.015784s ]
INFO: [ view_filter ] --START--
INFO: Run ContentReplace Behavior [ RunTime:0.001060s ]
INFO: Run TokenBuild Behavior [ RunTime:0.001163s ]
INFO: Run WriteHtmlCache Behavior [ RunTime:0.001036s ]
INFO: Run ShowRuntime Behavior [ RunTime:0.001184s ]
INFO: [ view_filter ] --END-- [ RunTime:0.004767s ]
INFO: [ view_end ] --START--
INFO: Run ShowPageTrace Behavior [ RunTime:0.001303s ]
INFO: [ view_end ] --END-- [ RunTime:0.001385s ]

[ 2013-04-19T09:51:42+08:00 ] 10.10.4.41 /Product/index.php
INFO: [ app_begin ] --START--
INFO: Run ReadHtmlCache Behavior [ RunTime:0.001218s ]
INFO: [ app_begin ] --END-- [ RunTime:0.001318s ]
SQL: SHOW COLUMNS FROM `product_modify` [ RunTime:0.007563s ]
SQL: SELECT * FROM `product_modify` WHERE ( status=1 ) ORDER BY id desc LIMIT 10   [ RunTime:0.004396s ]
INFO: [ view_template ] --START--
INFO: Run LocationTemplate Behavior [ RunTime:0.001336s ]
INFO: [ view_template ] --END-- [ RunTime:0.001452s ]
INFO: [ view_parse ] --START--
INFO: Run ParseTemplate Behavior [ RunTime:0.018871s ]
INFO: [ view_parse ] --END-- [ RunTime:0.018975s ]
INFO: [ view_filter ] --START--
INFO: Run ContentReplace Behavior [ RunTime:0.001250s ]
INFO: Run TokenBuild Behavior [ RunTime:0.001139s ]
INFO: Run WriteHtmlCache Behavior [ RunTime:0.000781s ]
INFO: Run ShowRuntime Behavior [ RunTime:0.001045s ]
INFO: [ view_filter ] --END-- [ RunTime:0.004490s ]
INFO: [ view_end ] --START--
INFO: Run ShowPageTrace Behavior [ RunTime:0.001365s ]
INFO: [ view_end ] --END-- [ RunTime:0.001448s ]

[ 2013-04-19T09:53:04+08:00 ] 10.10.4.41 /Product/index.php/Modify/add
INFO: [ route_check ] --START--
INFO: Run CheckRoute Behavior [ RunTime:0.001430s ]
INFO: [ route_check ] --END-- [ RunTime:0.001556s ]
INFO: [ app_begin ] --START--
INFO: Run ReadHtmlCache Behavior [ RunTime:0.001398s ]
INFO: [ app_begin ] --END-- [ RunTime:0.001504s ]
INFO: [ view_template ] --START--
INFO: Run LocationTemplate Behavior [ RunTime:0.001101s ]
INFO: [ view_template ] --END-- [ RunTime:0.001204s ]
INFO: [ view_parse ] --START--
INFO: Run ParseTemplate Behavior [ RunTime:0.017181s ]
INFO: [ view_parse ] --END-- [ RunTime:0.017276s ]
INFO: [ view_filter ] --START--
INFO: Run ContentReplace Behavior [ RunTime:0.001126s ]
INFO: Run TokenBuild Behavior [ RunTime:0.001012s ]
INFO: Run WriteHtmlCache Behavior [ RunTime:0.000894s ]
INFO: Run ShowRuntime Behavior [ RunTime:0.001989s ]
INFO: [ view_filter ] --END-- [ RunTime:0.005304s ]
INFO: [ view_end ] --START--
INFO: Run ShowPageTrace Behavior [ RunTime:0.002513s ]
INFO: [ view_end ] --END-- [ RunTime:0.002603s ]

[ 2013-04-19T09:53:12+08:00 ] 10.10.4.41 /Product/index.php/Modify/Insert
INFO: [ route_check ] --START--
INFO: Run CheckRoute Behavior [ RunTime:0.002669s ]
INFO: [ route_check ] --END-- [ RunTime:0.002800s ]
INFO: [ app_begin ] --START--
INFO: Run ReadHtmlCache Behavior [ RunTime:0.001502s ]
INFO: [ app_begin ] --END-- [ RunTime:0.001615s ]
SQL: SHOW COLUMNS FROM `product_modify` [ RunTime:0.012785s ]
SQL: INSERT INTO `product_modify` (`product_no`,`product_name`,`drawing_name`,`drawing_no`,`Version`,`modify_type`,`note`,`modify_user_name`,`create_time`,`input_ip`) VALUES ('ee','zz','ff','tt','111','换图','','Administrator','2013-04-19 09:53:12','10.10.4.41') [ RunTime:0.003769s ]
SQL: SELECT `is_nuclear` FROM `product_modify` WHERE ( id=80 )  [ RunTime:0.000465s ]
SQL: SHOW COLUMNS FROM `product_modify_table` [ RunTime:0.005999s ]
SQL: INSERT INTO `product_modify_table` (`modifyid`,`create_time`) VALUES (80,'2013-04-19') [ RunTime:0.003785s ]
NOTIC: [8] Undefined variable: Jizhun D:\Product\Lib\Action\CommonAction.class.php 第 24 行.
SQL: UPDATE `product_modify` SET `modify_id`='P13R-075' WHERE ( id=80 ) [ RunTime:0.001256s ]
INFO: [ view_template ] --START--
INFO: Run LocationTemplate Behavior [ RunTime:0.001011s ]
INFO: [ view_template ] --END-- [ RunTime:0.001117s ]
INFO: [ view_parse ] --START--
INFO: Run ParseTemplate Behavior [ RunTime:0.013670s ]
INFO: [ view_parse ] --END-- [ RunTime:0.013778s ]
INFO: [ view_filter ] --START--
INFO: Run ContentReplace Behavior [ RunTime:0.001095s ]
INFO: Run TokenBuild Behavior [ RunTime:0.001562s ]
INFO: Run WriteHtmlCache Behavior [ RunTime:0.000829s ]
INFO: Run ShowRuntime Behavior [ RunTime:0.001519s ]
INFO: [ view_filter ] --END-- [ RunTime:0.005268s ]
INFO: [ view_end ] --START--
INFO: Run ShowPageTrace Behavior [ RunTime:0.001251s ]
INFO: [ view_end ] --END-- [ RunTime:0.001330s ]

[ 2013-04-19T09:53:17+08:00 ] 10.10.4.41 /Product/index.php
INFO: [ app_begin ] --START--
INFO: Run ReadHtmlCache Behavior [ RunTime:0.001074s ]
INFO: [ app_begin ] --END-- [ RunTime:0.001168s ]
SQL: SHOW COLUMNS FROM `product_modify` [ RunTime:0.038792s ]
SQL: SELECT * FROM `product_modify` WHERE ( status=1 ) ORDER BY id desc LIMIT 10   [ RunTime:0.004039s ]
INFO: [ view_template ] --START--
INFO: Run LocationTemplate Behavior [ RunTime:0.000989s ]
INFO: [ view_template ] --END-- [ RunTime:0.001080s ]
INFO: [ view_parse ] --START--
INFO: Run ParseTemplate Behavior [ RunTime:0.017849s ]
INFO: [ view_parse ] --END-- [ RunTime:0.017950s ]
INFO: [ view_filter ] --START--
INFO: Run ContentReplace Behavior [ RunTime:0.001256s ]
INFO: Run TokenBuild Behavior [ RunTime:0.001151s ]
INFO: Run WriteHtmlCache Behavior [ RunTime:0.001196s ]
INFO: Run ShowRuntime Behavior [ RunTime:0.001093s ]
INFO: [ view_filter ] --END-- [ RunTime:0.005020s ]
INFO: [ view_end ] --START--
INFO: Run ShowPageTrace Behavior [ RunTime:0.001363s ]
INFO: [ view_end ] --END-- [ RunTime:0.001452s ]

[ 2013-04-19T09:53:20+08:00 ] 10.10.4.41 /Product/index.php/Modify/add
INFO: [ route_check ] --START--
INFO: Run CheckRoute Behavior [ RunTime:0.001472s ]
INFO: [ route_check ] --END-- [ RunTime:0.001588s ]
INFO: [ app_begin ] --START--
INFO: Run ReadHtmlCache Behavior [ RunTime:0.001121s ]
INFO: [ app_begin ] --END-- [ RunTime:0.001210s ]
INFO: [ view_template ] --START--
INFO: Run LocationTemplate Behavior [ RunTime:0.002213s ]
INFO: [ view_template ] --END-- [ RunTime:0.002423s ]
INFO: [ view_parse ] --START--
INFO: Run ParseTemplate Behavior [ RunTime:0.020242s ]
INFO: [ view_parse ] --END-- [ RunTime:0.020342s ]
INFO: [ view_filter ] --START--
INFO: Run ContentReplace Behavior [ RunTime:0.001110s ]
INFO: Run TokenBuild Behavior [ RunTime:0.001019s ]
INFO: Run WriteHtmlCache Behavior [ RunTime:0.000795s ]
INFO: Run ShowRuntime Behavior [ RunTime:0.002354s ]
INFO: [ view_filter ] --END-- [ RunTime:0.005566s ]
INFO: [ view_end ] --START--
INFO: Run ShowPageTrace Behavior [ RunTime:0.002069s ]
INFO: [ view_end ] --END-- [ RunTime:0.002166s ]

[ 2013-04-19T09:53:30+08:00 ] 10.10.4.41 /Product/index.php/Modify/Insert
INFO: [ route_check ] --START--
INFO: Run CheckRoute Behavior [ RunTime:0.001630s ]
INFO: [ route_check ] --END-- [ RunTime:0.001755s ]
INFO: [ app_begin ] --START--
INFO: Run ReadHtmlCache Behavior [ RunTime:0.002218s ]
INFO: [ app_begin ] --END-- [ RunTime:0.002313s ]
SQL: SHOW COLUMNS FROM `product_modify` [ RunTime:0.025227s ]
SQL: INSERT INTO `product_modify` (`product_no`,`product_name`,`drawing_name`,`drawing_no`,`Version`,`modify_type`,`is_nuclear`,`note`,`modify_user_name`,`create_time`,`input_ip`) VALUES ('xxx','cc','eee','xx','11','换图',1,'','Administrator','2013-04-19 09:53:30','10.10.4.41') [ RunTime:0.003055s ]
SQL: SELECT `is_nuclear` FROM `product_modify` WHERE ( id=81 )  [ RunTime:0.000497s ]
SQL: SHOW COLUMNS FROM `product_nuclear` [ RunTime:0.005971s ]
SQL: INSERT INTO `product_nuclear` (`modifyId`,`create_time`) VALUES (81,'2013-04-19') [ RunTime:0.003728s ]
NOTIC: [8] Undefined variable: Jizhun D:\Product\Lib\Action\CommonAction.class.php 第 20 行.
SQL: UPDATE `product_modify` SET `modify_id`='H13R-007' WHERE ( id=81 ) [ RunTime:0.000752s ]
INFO: [ view_template ] --START--
INFO: Run LocationTemplate Behavior [ RunTime:0.002479s ]
INFO: [ view_template ] --END-- [ RunTime:0.002630s ]
INFO: [ view_parse ] --START--
INFO: Run ParseTemplate Behavior [ RunTime:0.018298s ]
INFO: [ view_parse ] --END-- [ RunTime:0.018419s ]
INFO: [ view_filter ] --START--
INFO: Run ContentReplace Behavior [ RunTime:0.001255s ]
INFO: Run TokenBuild Behavior [ RunTime:0.001562s ]
INFO: Run WriteHtmlCache Behavior [ RunTime:0.001046s ]
INFO: Run ShowRuntime Behavior [ RunTime:0.001289s ]
INFO: [ view_filter ] --END-- [ RunTime:0.005404s ]
INFO: [ view_end ] --START--
INFO: Run ShowPageTrace Behavior [ RunTime:0.001495s ]
INFO: [ view_end ] --END-- [ RunTime:0.001576s ]

[ 2013-04-19T09:53:36+08:00 ] 10.10.4.41 /Product/index.php
INFO: [ app_begin ] --START--
INFO: Run ReadHtmlCache Behavior [ RunTime:0.002428s ]
INFO: [ app_begin ] --END-- [ RunTime:0.002553s ]
SQL: SHOW COLUMNS FROM `product_modify` [ RunTime:0.028737s ]
SQL: SELECT * FROM `product_modify` WHERE ( status=1 ) ORDER BY id desc LIMIT 10   [ RunTime:0.003976s ]
INFO: [ view_template ] --START--
INFO: Run LocationTemplate Behavior [ RunTime:0.002392s ]
INFO: [ view_template ] --END-- [ RunTime:0.002521s ]
INFO: [ view_parse ] --START--
INFO: Run ParseTemplate Behavior [ RunTime:0.019999s ]
INFO: [ view_parse ] --END-- [ RunTime:0.020108s ]
INFO: [ view_filter ] --START--
INFO: Run ContentReplace Behavior [ RunTime:0.001249s ]
INFO: Run TokenBuild Behavior [ RunTime:0.000936s ]
INFO: Run WriteHtmlCache Behavior [ RunTime:0.000730s ]
INFO: Run ShowRuntime Behavior [ RunTime:0.000964s ]
INFO: [ view_filter ] --END-- [ RunTime:0.004123s ]
INFO: [ view_end ] --START--
INFO: Run ShowPageTrace Behavior [ RunTime:0.001969s ]
INFO: [ view_end ] --END-- [ RunTime:0.002054s ]

[ 2013-04-19T09:55:22+08:00 ] 10.10.4.41 /Product/index.php/Modify/add
INFO: [ route_check ] --START--
INFO: Run CheckRoute Behavior [ RunTime:0.002269s ]
INFO: [ route_check ] --END-- [ RunTime:0.002403s ]
INFO: [ app_begin ] --START--
INFO: Run ReadHtmlCache Behavior [ RunTime:0.001828s ]
INFO: [ app_begin ] --END-- [ RunTime:0.001959s ]
INFO: [ view_template ] --START--
INFO: Run LocationTemplate Behavior [ RunTime:0.002028s ]
INFO: [ view_template ] --END-- [ RunTime:0.002150s ]
INFO: [ view_parse ] --START--
INFO: Run ParseTemplate Behavior [ RunTime:0.019772s ]
INFO: [ view_parse ] --END-- [ RunTime:0.019867s ]
INFO: [ view_filter ] --START--
INFO: Run ContentReplace Behavior [ RunTime:0.000955s ]
INFO: Run TokenBuild Behavior [ RunTime:0.000887s ]
INFO: Run WriteHtmlCache Behavior [ RunTime:0.000716s ]
INFO: Run ShowRuntime Behavior [ RunTime:0.000980s ]
INFO: [ view_filter ] --END-- [ RunTime:0.003785s ]
INFO: [ view_end ] --START--
INFO: Run ShowPageTrace Behavior [ RunTime:0.001188s ]
INFO: [ view_end ] --END-- [ RunTime:0.001265s ]

[ 2013-04-19T09:55:29+08:00 ] ERR: [1] Unsupported operand types D:\Product\Lib\Action\CommonAction.class.php 第 24 行.
[ 2013-04-19T09:55:51+08:00 ] 10.10.4.41 /Product/index.php/Modify/Insert
INFO: [ route_check ] --START--
INFO: Run CheckRoute Behavior [ RunTime:0.001678s ]
INFO: [ route_check ] --END-- [ RunTime:0.001801s ]
INFO: [ app_begin ] --START--
INFO: Run ReadHtmlCache Behavior [ RunTime:0.001192s ]
INFO: [ app_begin ] --END-- [ RunTime:0.001298s ]
SQL: SHOW COLUMNS FROM `product_modify` [ RunTime:0.025048s ]
SQL: INSERT INTO `product_modify` (`product_no`,`product_name`,`drawing_name`,`drawing_no`,`Version`,`modify_type`,`note`,`modify_user_name`,`create_time`,`input_ip`) VALUES ('ee','zz','ff','tt','11','换图','','Administrator','2013-04-19 09:55:51','10.10.4.41') [ RunTime:0.003701s ]
SQL: SELECT `is_nuclear` FROM `product_modify` WHERE ( id=83 )  [ RunTime:0.000532s ]
SQL: SHOW COLUMNS FROM `product_modify_table` [ RunTime:0.005988s ]
SQL: INSERT INTO `product_modify_table` (`modifyid`,`create_time`) VALUES (83,'2013-04-19') [ RunTime:0.003775s ]
SQL: UPDATE `product_modify` SET `modify_id`='P13R-077' WHERE ( id=83 ) [ RunTime:0.001140s ]
INFO: [ view_template ] --START--
INFO: Run LocationTemplate Behavior [ RunTime:0.002178s ]
INFO: [ view_template ] --END-- [ RunTime:0.002320s ]
INFO: [ view_parse ] --START--
INFO: Run ParseTemplate Behavior [ RunTime:0.017014s ]
INFO: [ view_parse ] --END-- [ RunTime:0.017140s ]
INFO: [ view_filter ] --START--
INFO: Run ContentReplace Behavior [ RunTime:0.001467s ]
INFO: Run TokenBuild Behavior [ RunTime:0.002015s ]
INFO: Run WriteHtmlCache Behavior [ RunTime:0.001256s ]
INFO: Run ShowRuntime Behavior [ RunTime:0.001296s ]
INFO: [ view_filter ] --END-- [ RunTime:0.006290s ]
INFO: [ view_end ] --START--
INFO: Run ShowPageTrace Behavior [ RunTime:0.002444s ]
INFO: [ view_end ] --END-- [ RunTime:0.002530s ]

[ 2013-04-19T09:55:56+08:00 ] 10.10.4.41 /Product/index.php
INFO: [ app_begin ] --START--
INFO: Run ReadHtmlCache Behavior [ RunTime:0.001119s ]
INFO: [ app_begin ] --END-- [ RunTime:0.001214s ]
SQL: SHOW COLUMNS FROM `product_modify` [ RunTime:0.025423s ]
SQL: SELECT * FROM `product_modify` WHERE ( status=1 ) ORDER BY id desc LIMIT 10   [ RunTime:0.004486s ]
INFO: [ view_template ] --START--
INFO: Run LocationTemplate Behavior [ RunTime:0.002780s ]
INFO: [ view_template ] --END-- [ RunTime:0.002899s ]
INFO: [ view_parse ] --START--
INFO: Run ParseTemplate Behavior [ RunTime:0.021185s ]
INFO: [ view_parse ] --END-- [ RunTime:0.021298s ]
INFO: [ view_filter ] --START--
INFO: Run ContentReplace Behavior [ RunTime:0.001028s ]
INFO: Run TokenBuild Behavior [ RunTime:0.001525s ]
INFO: Run WriteHtmlCache Behavior [ RunTime:0.000917s ]
INFO: Run ShowRuntime Behavior [ RunTime:0.001267s ]
INFO: [ view_filter ] --END-- [ RunTime:0.005004s ]
INFO: [ view_end ] --START--
INFO: Run ShowPageTrace Behavior [ RunTime:0.001235s ]
INFO: [ view_end ] --END-- [ RunTime:0.001324s ]

[ 2013-04-19T10:09:50+08:00 ] 10.10.4.41 /Product/index.php/Admin/logout
INFO: [ route_check ] --START--
INFO: Run CheckRoute Behavior [ RunTime:0.003202s ]
INFO: [ route_check ] --END-- [ RunTime:0.003382s ]
INFO: [ app_begin ] --START--
INFO: Run ReadHtmlCache Behavior [ RunTime:0.002391s ]
INFO: [ app_begin ] --END-- [ RunTime:0.002531s ]
INFO: [ view_template ] --START--
INFO: Run LocationTemplate Behavior [ RunTime:0.002521s ]
INFO: [ view_template ] --END-- [ RunTime:0.002797s ]
INFO: [ view_parse ] --START--
INFO: Run ParseTemplate Behavior [ RunTime:0.041320s ]
INFO: [ view_parse ] --END-- [ RunTime:0.041445s ]
INFO: [ view_filter ] --START--
INFO: Run ContentReplace Behavior [ RunTime:0.001756s ]
INFO: Run TokenBuild Behavior [ RunTime:0.001245s ]
INFO: Run WriteHtmlCache Behavior [ RunTime:0.002037s ]
INFO: Run ShowRuntime Behavior [ RunTime:0.002781s ]
INFO: [ view_filter ] --END-- [ RunTime:0.008094s ]
INFO: [ view_end ] --START--
INFO: Run ShowPageTrace Behavior [ RunTime:0.001997s ]
INFO: [ view_end ] --END-- [ RunTime:0.002095s ]

[ 2013-04-19T10:09:51+08:00 ] 10.10.4.41 /Product/index.php
INFO: [ app_begin ] --START--
INFO: Run ReadHtmlCache Behavior [ RunTime:0.001266s ]
INFO: [ app_begin ] --END-- [ RunTime:0.001401s ]
SQL: SHOW COLUMNS FROM `product_modify` [ RunTime:0.022555s ]
SQL: SELECT * FROM `product_modify` WHERE ( status=1 ) ORDER BY id desc LIMIT 10   [ RunTime:0.002023s ]
INFO: [ view_template ] --START--
INFO: Run LocationTemplate Behavior [ RunTime:0.002304s ]
INFO: [ view_template ] --END-- [ RunTime:0.002424s ]
INFO: [ view_parse ] --START--
NOTIC: [8] Undefined index: user_logined D:\Product\Runtime\Cache\70e4ac6229bd5f1254ecfd4db6987037.php 第 48 行.
INFO: Run ParseTemplate Behavior [ RunTime:0.024194s ]
INFO: [ view_parse ] --END-- [ RunTime:0.024311s ]
INFO: [ view_filter ] --START--
INFO: Run ContentReplace Behavior [ RunTime:0.001604s ]
INFO: Run TokenBuild Behavior [ RunTime:0.001257s ]
INFO: Run WriteHtmlCache Behavior [ RunTime:0.000904s ]
INFO: Run ShowRuntime Behavior [ RunTime:0.001328s ]
INFO: [ view_filter ] --END-- [ RunTime:0.005389s ]
INFO: [ view_end ] --START--
INFO: Run ShowPageTrace Behavior [ RunTime:0.001364s ]
INFO: [ view_end ] --END-- [ RunTime:0.001485s ]

[ 2013-04-19T10:09:53+08:00 ] 10.10.4.41 /Product/index.php/Modify/add
INFO: [ route_check ] --START--
INFO: Run CheckRoute Behavior [ RunTime:0.001380s ]
INFO: [ route_check ] --END-- [ RunTime:0.001499s ]
INFO: [ app_begin ] --START--
INFO: Run ReadHtmlCache Behavior [ RunTime:0.001119s ]
INFO: [ app_begin ] --END-- [ RunTime:0.001213s ]
INFO: [ view_template ] --START--
INFO: Run LocationTemplate Behavior [ RunTime:0.002460s ]
INFO: [ view_template ] --END-- [ RunTime:0.002581s ]
INFO: [ view_parse ] --START--
INFO: Run ParseTemplate Behavior [ RunTime:0.013898s ]
INFO: [ view_parse ] --END-- [ RunTime:0.014089s ]
INFO: [ view_filter ] --START--
INFO: Run ContentReplace Behavior [ RunTime:0.001675s ]
INFO: Run TokenBuild Behavior [ RunTime:0.001505s ]
INFO: Run WriteHtmlCache Behavior [ RunTime:0.001290s ]
INFO: Run ShowRuntime Behavior [ RunTime:0.001126s ]
INFO: [ view_filter ] --END-- [ RunTime:0.006018s ]
INFO: [ view_end ] --START--
INFO: Run ShowPageTrace Behavior [ RunTime:0.001442s ]
INFO: [ view_end ] --END-- [ RunTime:0.001532s ]

[ 2013-04-19T10:09:54+08:00 ] 10.10.4.41 /Product/index.php/Admin/login
INFO: [ route_check ] --START--
INFO: Run CheckRoute Behavior [ RunTime:0.001527s ]
INFO: [ route_check ] --END-- [ RunTime:0.001642s ]
INFO: [ app_begin ] --START--
INFO: Run ReadHtmlCache Behavior [ RunTime:0.001164s ]
INFO: [ app_begin ] --END-- [ RunTime:0.001258s ]
INFO: [ view_template ] --START--
INFO: Run LocationTemplate Behavior [ RunTime:0.001913s ]
INFO: [ view_template ] --END-- [ RunTime:0.002037s ]
INFO: [ view_parse ] --START--
INFO: Run ParseTemplate Behavior [ RunTime:0.014614s ]
INFO: [ view_parse ] --END-- [ RunTime:0.014729s ]
INFO: [ view_filter ] --START--
INFO: Run ContentReplace Behavior [ RunTime:0.000986s ]
INFO: Run TokenBuild Behavior [ RunTime:0.000958s ]
INFO: Run WriteHtmlCache Behavior [ RunTime:0.000872s ]
INFO: Run ShowRuntime Behavior [ RunTime:0.001577s ]
INFO: [ view_filter ] --END-- [ RunTime:0.004672s ]
INFO: [ view_end ] --START--
INFO: Run ShowPageTrace Behavior [ RunTime:0.001532s ]
INFO: [ view_end ] --END-- [ RunTime:0.001641s ]

[ 2013-04-19T10:11:05+08:00 ] 10.10.4.41 /Product/index.php/Admin/login
INFO: [ route_check ] --START--
INFO: Run CheckRoute Behavior [ RunTime:0.002500s ]
INFO: [ route_check ] --END-- [ RunTime:0.002614s ]
INFO: [ app_begin ] --START--
INFO: Run ReadHtmlCache Behavior [ RunTime:0.001425s ]
INFO: [ app_begin ] --END-- [ RunTime:0.001516s ]
SQL: SHOW COLUMNS FROM `product_user` [ RunTime:0.027181s ]
SQL: SELECT COUNT(*) AS tp_count FROM `product_user` WHERE ( `username` = 'admin' ) AND ( `password` = 'e8856' ) AND ( `status` = 1 ) LIMIT 1   [ RunTime:0.003122s ]
SQL: SELECT `id` FROM `product_user` WHERE ( `username` = 'admin' ) AND ( `password` = 'e8856' ) AND ( `status` = 1 )  [ RunTime:0.000759s ]
SQL: UPDATE `product_user` SET `lastlogin`='2013-04-19 10:11:05' WHERE ( id=1 ) [ RunTime:0.001237s ]
SQL: SELECT role_right FROM product_role INNER JOIN product_user ON product_user.role_id=product_role.id WHERE product_user.id=1 [ RunTime:0.000813s ]
SQL: SELECT `realname` FROM `product_user` WHERE ( id=1 )  [ RunTime:0.000930s ]
INFO: [ view_template ] --START--
INFO: Run LocationTemplate Behavior [ RunTime:0.001606s ]
INFO: [ view_template ] --END-- [ RunTime:0.001703s ]
INFO: [ view_parse ] --START--
INFO: Run ParseTemplate Behavior [ RunTime:0.013718s ]
INFO: [ view_parse ] --END-- [ RunTime:0.013839s ]
INFO: [ view_filter ] --START--
INFO: Run ContentReplace Behavior [ RunTime:0.001113s ]
INFO: Run TokenBuild Behavior [ RunTime:0.001205s ]
INFO: Run WriteHtmlCache Behavior [ RunTime:0.001233s ]
INFO: Run ShowRuntime Behavior [ RunTime:0.001346s ]
INFO: [ view_filter ] --END-- [ RunTime:0.005205s ]
INFO: [ view_end ] --START--
INFO: Run ShowPageTrace Behavior [ RunTime:0.001313s ]
INFO: [ view_end ] --END-- [ RunTime:0.001401s ]

[ 2013-04-19T10:11:06+08:00 ] 10.10.4.41 /Product/index.php/Admin/index
INFO: [ route_check ] --START--
INFO: Run CheckRoute Behavior [ RunTime:0.001686s ]
INFO: [ route_check ] --END-- [ RunTime:0.001816s ]
INFO: [ app_begin ] --START--
INFO: Run ReadHtmlCache Behavior [ RunTime:0.001240s ]
INFO: [ app_begin ] --END-- [ RunTime:0.001359s ]
INFO: [ view_template ] --START--
INFO: Run LocationTemplate Behavior [ RunTime:0.001400s ]
INFO: [ view_template ] --END-- [ RunTime:0.001527s ]
INFO: [ view_parse ] --START--
INFO: Run ParseTemplate Behavior [ RunTime:0.017163s ]
INFO: [ view_parse ] --END-- [ RunTime:0.017276s ]
INFO: [ view_filter ] --START--
INFO: Run ContentReplace Behavior [ RunTime:0.001194s ]
INFO: Run TokenBuild Behavior [ RunTime:0.001255s ]
INFO: Run WriteHtmlCache Behavior [ RunTime:0.000982s ]
INFO: Run ShowRuntime Behavior [ RunTime:0.001279s ]
INFO: [ view_filter ] --END-- [ RunTime:0.005013s ]
INFO: [ view_end ] --START--
INFO: Run ShowPageTrace Behavior [ RunTime:0.001399s ]
INFO: [ view_end ] --END-- [ RunTime:0.001491s ]

[ 2013-04-19T10:11:08+08:00 ] 10.10.4.41 /Product/index.php/Modify/add
INFO: [ route_check ] --START--
INFO: Run CheckRoute Behavior [ RunTime:0.001413s ]
INFO: [ route_check ] --END-- [ RunTime:0.001531s ]
INFO: [ app_begin ] --START--
INFO: Run ReadHtmlCache Behavior [ RunTime:0.001246s ]
INFO: [ app_begin ] --END-- [ RunTime:0.001355s ]
INFO: [ view_template ] --START--
INFO: Run LocationTemplate Behavior [ RunTime:0.001847s ]
INFO: [ view_template ] --END-- [ RunTime:0.001950s ]
INFO: [ view_parse ] --START--
INFO: Run ParseTemplate Behavior [ RunTime:0.016659s ]
INFO: [ view_parse ] --END-- [ RunTime:0.016770s ]
INFO: [ view_filter ] --START--
INFO: Run ContentReplace Behavior [ RunTime:0.001561s ]
INFO: Run TokenBuild Behavior [ RunTime:0.000993s ]
INFO: Run WriteHtmlCache Behavior [ RunTime:0.000736s ]
INFO: Run ShowRuntime Behavior [ RunTime:0.000985s ]
INFO: [ view_filter ] --END-- [ RunTime:0.004670s ]
INFO: [ view_end ] --START--
INFO: Run ShowPageTrace Behavior [ RunTime:0.001178s ]
INFO: [ view_end ] --END-- [ RunTime:0.001261s ]

[ 2013-04-19T10:11:15+08:00 ] 10.10.4.41 /Product/index.php/Modify/Insert
INFO: [ route_check ] --START--
INFO: Run CheckRoute Behavior [ RunTime:0.001377s ]
INFO: [ route_check ] --END-- [ RunTime:0.001488s ]
INFO: [ app_begin ] --START--
INFO: Run ReadHtmlCache Behavior [ RunTime:0.001276s ]
INFO: [ app_begin ] --END-- [ RunTime:0.001385s ]
SQL: SHOW COLUMNS FROM `product_modify` [ RunTime:0.038874s ]
SQL: INSERT INTO `product_modify` (`product_no`,`product_name`,`drawing_name`,`drawing_no`,`Version`,`modify_type`,`note`,`modify_user_name`,`create_time`,`input_ip`) VALUES ('ee','ff','zz','xx','1','换图','','Administrator','2013-04-19 10:11:15','10.10.4.41') [ RunTime:0.003644s ]
SQL: SELECT `is_nuclear` FROM `product_modify` WHERE ( id=84 )  [ RunTime:0.000485s ]
SQL: SHOW COLUMNS FROM `product_modify_table` [ RunTime:0.005998s ]
SQL: INSERT INTO `product_modify_table` (`modifyid`,`create_time`) VALUES (84,'2013-04-19') [ RunTime:0.003797s ]
SQL: UPDATE `product_modify` SET `modify_id`='P13R-078' WHERE ( id=84 ) [ RunTime:0.001162s ]
INFO: [ view_template ] --START--
INFO: Run LocationTemplate Behavior [ RunTime:0.001330s ]
INFO: [ view_template ] --END-- [ RunTime:0.001453s ]
INFO: [ view_parse ] --START--
INFO: Run ParseTemplate Behavior [ RunTime:0.013070s ]
INFO: [ view_parse ] --END-- [ RunTime:0.013187s ]
INFO: [ view_filter ] --START--
INFO: Run ContentReplace Behavior [ RunTime:0.001183s ]
INFO: Run TokenBuild Behavior [ RunTime:0.001106s ]
INFO: Run WriteHtmlCache Behavior [ RunTime:0.000725s ]
INFO: Run ShowRuntime Behavior [ RunTime:0.001016s ]
INFO: [ view_filter ] --END-- [ RunTime:0.004292s ]
INFO: [ view_end ] --START--
INFO: Run ShowPageTrace Behavior [ RunTime:0.001213s ]
INFO: [ view_end ] --END-- [ RunTime:0.001298s ]

[ 2013-04-19T10:11:20+08:00 ] 10.10.4.41 /Product/index.php
INFO: [ app_begin ] --START--
INFO: Run ReadHtmlCache Behavior [ RunTime:0.001371s ]
INFO: [ app_begin ] --END-- [ RunTime:0.001470s ]
SQL: SHOW COLUMNS FROM `product_modify` [ RunTime:0.030183s ]
SQL: SELECT * FROM `product_modify` WHERE ( status=1 ) ORDER BY id desc LIMIT 10   [ RunTime:0.005559s ]
INFO: [ view_template ] --START--
INFO: Run LocationTemplate Behavior [ RunTime:0.001343s ]
INFO: [ view_template ] --END-- [ RunTime:0.001448s ]
INFO: [ view_parse ] --START--
INFO: Run ParseTemplate Behavior [ RunTime:0.017507s ]
INFO: [ view_parse ] --END-- [ RunTime:0.017611s ]
INFO: [ view_filter ] --START--
INFO: Run ContentReplace Behavior [ RunTime:0.001199s ]
INFO: Run TokenBuild Behavior [ RunTime:0.001169s ]
INFO: Run WriteHtmlCache Behavior [ RunTime:0.000795s ]
INFO: Run ShowRuntime Behavior [ RunTime:0.001052s ]
INFO: [ view_filter ] --END-- [ RunTime:0.004484s ]
INFO: [ view_end ] --START--
INFO: Run ShowPageTrace Behavior [ RunTime:0.001414s ]
INFO: [ view_end ] --END-- [ RunTime:0.001499s ]

[ 2013-04-19T10:11:21+08:00 ] 10.10.4.41 /Product/index.php/Modify/add
INFO: [ route_check ] --START--
INFO: Run CheckRoute Behavior [ RunTime:0.001548s ]
INFO: [ route_check ] --END-- [ RunTime:0.001677s ]
INFO: [ app_begin ] --START--
INFO: Run ReadHtmlCache Behavior [ RunTime:0.001149s ]
INFO: [ app_begin ] --END-- [ RunTime:0.001247s ]
INFO: [ view_template ] --START--
INFO: Run LocationTemplate Behavior [ RunTime:0.000901s ]
INFO: [ view_template ] --END-- [ RunTime:0.001099s ]
INFO: [ view_parse ] --START--
INFO: Run ParseTemplate Behavior [ RunTime:0.018153s ]
INFO: [ view_parse ] --END-- [ RunTime:0.018254s ]
INFO: [ view_filter ] --START--
INFO: Run ContentReplace Behavior [ RunTime:0.001191s ]
INFO: Run TokenBuild Behavior [ RunTime:0.000998s ]
INFO: Run WriteHtmlCache Behavior [ RunTime:0.000861s ]
INFO: Run ShowRuntime Behavior [ RunTime:0.001291s ]
INFO: [ view_filter ] --END-- [ RunTime:0.004620s ]
INFO: [ view_end ] --START--
INFO: Run ShowPageTrace Behavior [ RunTime:0.001447s ]
INFO: [ view_end ] --END-- [ RunTime:0.001535s ]

[ 2013-04-19T10:11:31+08:00 ] 10.10.4.41 /Product/index.php/Modify/Insert
INFO: [ route_check ] --START--
INFO: Run CheckRoute Behavior [ RunTime:0.001375s ]
INFO: [ route_check ] --END-- [ RunTime:0.001491s ]
INFO: [ app_begin ] --START--
INFO: Run ReadHtmlCache Behavior [ RunTime:0.001093s ]
INFO: [ app_begin ] --END-- [ RunTime:0.001188s ]
SQL: SHOW COLUMNS FROM `product_modify` [ RunTime:0.035651s ]
SQL: INSERT INTO `product_modify` (`product_no`,`product_name`,`drawing_name`,`drawing_no`,`Version`,`modify_type`,`is_nuclear`,`note`,`modify_user_name`,`create_time`,`input_ip`) VALUES ('zzz','xx','cc','tt','ff','ee',1,'','Administrator','2013-04-19 10:11:31','10.10.4.41') [ RunTime:0.003688s ]
SQL: SELECT `is_nuclear` FROM `product_modify` WHERE ( id=85 )  [ RunTime:0.001058s ]
SQL: SHOW COLUMNS FROM `product_nuclear` [ RunTime:0.005748s ]
SQL: INSERT INTO `product_nuclear` (`modifyId`,`create_time`) VALUES (85,'2013-04-19') [ RunTime:0.003671s ]
SQL: UPDATE `product_modify` SET `modify_id`='H13R-008' WHERE ( id=85 ) [ RunTime:0.001390s ]
INFO: [ view_template ] --START--
INFO: Run LocationTemplate Behavior [ RunTime:0.001001s ]
INFO: [ view_template ] --END-- [ RunTime:0.001093s ]
INFO: [ view_parse ] --START--
INFO: Run ParseTemplate Behavior [ RunTime:0.013395s ]
INFO: [ view_parse ] --END-- [ RunTime:0.013532s ]
INFO: [ view_filter ] --START--
INFO: Run ContentReplace Behavior [ RunTime:0.001096s ]
INFO: Run TokenBuild Behavior [ RunTime:0.001123s ]
INFO: Run WriteHtmlCache Behavior [ RunTime:0.001056s ]
INFO: Run ShowRuntime Behavior [ RunTime:0.001287s ]
INFO: [ view_filter ] --END-- [ RunTime:0.004857s ]
INFO: [ view_end ] --START--
INFO: Run ShowPageTrace Behavior [ RunTime:0.001525s ]
INFO: [ view_end ] --END-- [ RunTime:0.001626s ]

[ 2013-04-19T10:11:37+08:00 ] 10.10.4.41 /Product/index.php
INFO: [ app_begin ] --START--
INFO: Run ReadHtmlCache Behavior [ RunTime:0.001304s ]
INFO: [ app_begin ] --END-- [ RunTime:0.001411s ]
SQL: SHOW COLUMNS FROM `product_modify` [ RunTime:0.017603s ]
SQL: SELECT * FROM `product_modify` WHERE ( status=1 ) ORDER BY id desc LIMIT 10   [ RunTime:0.003836s ]
INFO: [ view_template ] --START--
INFO: Run LocationTemplate Behavior [ RunTime:0.001110s ]
INFO: [ view_template ] --END-- [ RunTime:0.001207s ]
INFO: [ view_parse ] --START--
INFO: Run ParseTemplate Behavior [ RunTime:0.018801s ]
INFO: [ view_parse ] --END-- [ RunTime:0.018899s ]
INFO: [ view_filter ] --START--
INFO: Run ContentReplace Behavior [ RunTime:0.001466s ]
INFO: Run TokenBuild Behavior [ RunTime:0.001425s ]
INFO: Run WriteHtmlCache Behavior [ RunTime:0.000888s ]
INFO: Run ShowRuntime Behavior [ RunTime:0.001098s ]
INFO: [ view_filter ] --END-- [ RunTime:0.005161s ]
INFO: [ view_end ] --START--
INFO: Run ShowPageTrace Behavior [ RunTime:0.001244s ]
INFO: [ view_end ] --END-- [ RunTime:0.001326s ]

[ 2013-04-19T10:22:31+08:00 ] 10.10.4.41 /Product/
INFO: [ app_begin ] --START--
INFO: Run ReadHtmlCache Behavior [ RunTime:0.002072s ]
INFO: [ app_begin ] --END-- [ RunTime:0.002213s ]
SQL: SHOW COLUMNS FROM `product_modify` [ RunTime:0.007832s ]
SQL: SELECT * FROM `product_modify` WHERE ( status=1 ) ORDER BY id desc LIMIT 10   [ RunTime:0.003769s ]
INFO: [ view_template ] --START--
INFO: Run LocationTemplate Behavior [ RunTime:0.002450s ]
INFO: [ view_template ] --END-- [ RunTime:0.002568s ]
INFO: [ view_parse ] --START--
NOTIC: [8] Undefined index: user_logined D:\Product\Runtime\Cache\70e4ac6229bd5f1254ecfd4db6987037.php 第 48 行.
INFO: Run ParseTemplate Behavior [ RunTime:0.021360s ]
INFO: [ view_parse ] --END-- [ RunTime:0.021438s ]
INFO: [ view_filter ] --START--
INFO: Run ContentReplace Behavior [ RunTime:0.001269s ]
INFO: Run TokenBuild Behavior [ RunTime:0.001638s ]
INFO: Run WriteHtmlCache Behavior [ RunTime:0.001047s ]
INFO: Run ShowRuntime Behavior [ RunTime:0.001326s ]
INFO: [ view_filter ] --END-- [ RunTime:0.005538s ]
INFO: [ view_end ] --START--
INFO: Run ShowPageTrace Behavior [ RunTime:0.001695s ]
INFO: [ view_end ] --END-- [ RunTime:0.001804s ]

[ 2013-04-19T10:22:33+08:00 ] 10.10.4.41 /Product/index.php/Modify/add
INFO: [ route_check ] --START--
INFO: Run CheckRoute Behavior [ RunTime:0.002028s ]
INFO: [ route_check ] --END-- [ RunTime:0.002139s ]
INFO: [ app_begin ] --START--
INFO: Run ReadHtmlCache Behavior [ RunTime:0.001310s ]
INFO: [ app_begin ] --END-- [ RunTime:0.001406s ]
INFO: [ view_template ] --START--
INFO: Run LocationTemplate Behavior [ RunTime:0.001649s ]
INFO: [ view_template ] --END-- [ RunTime:0.001787s ]
INFO: [ view_parse ] --START--
INFO: Run ParseTemplate Behavior [ RunTime:0.013488s ]
INFO: [ view_parse ] --END-- [ RunTime:0.013610s ]
INFO: [ view_filter ] --START--
INFO: Run ContentReplace Behavior [ RunTime:0.001141s ]
INFO: Run TokenBuild Behavior [ RunTime:0.001072s ]
INFO: Run WriteHtmlCache Behavior [ RunTime:0.000838s ]
INFO: Run ShowRuntime Behavior [ RunTime:0.000980s ]
INFO: [ view_filter ] --END-- [ RunTime:0.004313s ]
INFO: [ view_end ] --START--
INFO: Run ShowPageTrace Behavior [ RunTime:0.001414s ]
INFO: [ view_end ] --END-- [ RunTime:0.001501s ]

[ 2013-04-19T10:22:34+08:00 ] 10.10.4.41 /Product/index.php/Admin/login
INFO: [ route_check ] --START--
INFO: Run CheckRoute Behavior [ RunTime:0.001788s ]
INFO: [ route_check ] --END-- [ RunTime:0.001903s ]
INFO: [ app_begin ] --START--
INFO: Run ReadHtmlCache Behavior [ RunTime:0.001570s ]
INFO: [ app_begin ] --END-- [ RunTime:0.001668s ]
INFO: [ view_template ] --START--
INFO: Run LocationTemplate Behavior [ RunTime:0.001507s ]
INFO: [ view_template ] --END-- [ RunTime:0.001620s ]
INFO: [ view_parse ] --START--
INFO: Run ParseTemplate Behavior [ RunTime:0.013605s ]
INFO: [ view_parse ] --END-- [ RunTime:0.013715s ]
INFO: [ view_filter ] --START--
INFO: Run ContentReplace Behavior [ RunTime:0.001009s ]
INFO: Run TokenBuild Behavior [ RunTime:0.001106s ]
INFO: Run WriteHtmlCache Behavior [ RunTime:0.000761s ]
INFO: Run ShowRuntime Behavior [ RunTime:0.001188s ]
INFO: [ view_filter ] --END-- [ RunTime:0.004328s ]
INFO: [ view_end ] --START--
INFO: Run ShowPageTrace Behavior [ RunTime:0.001236s ]
INFO: [ view_end ] --END-- [ RunTime:0.001319s ]

[ 2013-04-19T10:22:41+08:00 ] 10.10.4.41 /Product/index.php/Admin/login
INFO: [ route_check ] --START--
INFO: Run CheckRoute Behavior [ RunTime:0.001486s ]
INFO: [ route_check ] --END-- [ RunTime:0.001595s ]
INFO: [ app_begin ] --START--
INFO: Run ReadHtmlCache Behavior [ RunTime:0.001193s ]
INFO: [ app_begin ] --END-- [ RunTime:0.001286s ]
SQL: SHOW COLUMNS FROM `product_user` [ RunTime:0.020488s ]
SQL: SELECT COUNT(*) AS tp_count FROM `product_user` WHERE ( `username` = 'admin' ) AND ( `password` = 'e8856' ) AND ( `status` = 1 ) LIMIT 1   [ RunTime:0.003265s ]
SQL: SELECT `id` FROM `product_user` WHERE ( `username` = 'admin' ) AND ( `password` = 'e8856' ) AND ( `status` = 1 )  [ RunTime:0.000466s ]
SQL: UPDATE `product_user` SET `lastlogin`='2013-04-19 10:22:41' WHERE ( id=1 ) [ RunTime:0.001056s ]
SQL: SELECT role_right FROM product_role INNER JOIN product_user ON product_user.role_id=product_role.id WHERE product_user.id=1 [ RunTime:0.000959s ]
SQL: SELECT `realname` FROM `product_user` WHERE ( id=1 )  [ RunTime:0.000410s ]
INFO: [ view_template ] --START--
INFO: Run LocationTemplate Behavior [ RunTime:0.001186s ]
INFO: [ view_template ] --END-- [ RunTime:0.001330s ]
INFO: [ view_parse ] --START--
INFO: Run ParseTemplate Behavior [ RunTime:0.012532s ]
INFO: [ view_parse ] --END-- [ RunTime:0.012697s ]
INFO: [ view_filter ] --START--
INFO: Run ContentReplace Behavior [ RunTime:0.000936s ]
INFO: Run TokenBuild Behavior [ RunTime:0.001169s ]
INFO: Run WriteHtmlCache Behavior [ RunTime:0.001003s ]
INFO: Run ShowRuntime Behavior [ RunTime:0.001112s ]
INFO: [ view_filter ] --END-- [ RunTime:0.004542s ]
INFO: [ view_end ] --START--
INFO: Run ShowPageTrace Behavior [ RunTime:0.001181s ]
INFO: [ view_end ] --END-- [ RunTime:0.001264s ]

[ 2013-04-19T10:22:42+08:00 ] 10.10.4.41 /Product/index.php/Admin/index
INFO: [ route_check ] --START--
INFO: Run CheckRoute Behavior [ RunTime:0.001429s ]
INFO: [ route_check ] --END-- [ RunTime:0.001545s ]
INFO: [ app_begin ] --START--
INFO: Run ReadHtmlCache Behavior [ RunTime:0.001125s ]
INFO: [ app_begin ] --END-- [ RunTime:0.001218s ]
INFO: [ view_template ] --START--
INFO: Run LocationTemplate Behavior [ RunTime:0.001294s ]
INFO: [ view_template ] --END-- [ RunTime:0.001406s ]
INFO: [ view_parse ] --START--
INFO: Run ParseTemplate Behavior [ RunTime:0.016541s ]
INFO: [ view_parse ] --END-- [ RunTime:0.016651s ]
INFO: [ view_filter ] --START--
INFO: Run ContentReplace Behavior [ RunTime:0.001088s ]
INFO: Run TokenBuild Behavior [ RunTime:0.001003s ]
INFO: Run WriteHtmlCache Behavior [ RunTime:0.000912s ]
INFO: Run ShowRuntime Behavior [ RunTime:0.001192s ]
INFO: [ view_filter ] --END-- [ RunTime:0.004481s ]
INFO: [ view_end ] --START--
INFO: Run ShowPageTrace Behavior [ RunTime:0.001384s ]
INFO: [ view_end ] --END-- [ RunTime:0.001481s ]

[ 2013-04-19T10:22:43+08:00 ] 10.10.4.41 /Product/index.php/Modify/add
INFO: [ route_check ] --START--
INFO: Run CheckRoute Behavior [ RunTime:0.001370s ]
INFO: [ route_check ] --END-- [ RunTime:0.001483s ]
INFO: [ app_begin ] --START--
INFO: Run ReadHtmlCache Behavior [ RunTime:0.001095s ]
INFO: [ app_begin ] --END-- [ RunTime:0.001187s ]
INFO: [ view_template ] --START--
INFO: Run LocationTemplate Behavior [ RunTime:0.001761s ]
INFO: [ view_template ] --END-- [ RunTime:0.001869s ]
INFO: [ view_parse ] --START--
INFO: Run ParseTemplate Behavior [ RunTime:0.016612s ]
INFO: [ view_parse ] --END-- [ RunTime:0.016707s ]
INFO: [ view_filter ] --START--
INFO: Run ContentReplace Behavior [ RunTime:0.000945s ]
INFO: Run TokenBuild Behavior [ RunTime:0.001157s ]
INFO: Run WriteHtmlCache Behavior [ RunTime:0.000900s ]
INFO: Run ShowRuntime Behavior [ RunTime:0.001108s ]
INFO: [ view_filter ] --END-- [ RunTime:0.004391s ]
INFO: [ view_end ] --START--
INFO: Run ShowPageTrace Behavior [ RunTime:0.001363s ]
INFO: [ view_end ] --END-- [ RunTime:0.001456s ]

[ 2013-04-19T10:22:52+08:00 ] 10.10.4.41 /Product/index.php/Modify/Insert
INFO: [ route_check ] --START--
INFO: Run CheckRoute Behavior [ RunTime:0.001559s ]
INFO: [ route_check ] --END-- [ RunTime:0.001677s ]
INFO: [ app_begin ] --START--
INFO: Run ReadHtmlCache Behavior [ RunTime:0.001141s ]
INFO: [ app_begin ] --END-- [ RunTime:0.001233s ]
SQL: SHOW COLUMNS FROM `product_modify` [ RunTime:0.024977s ]
SQL: INSERT INTO `product_modify` (`product_no`,`product_name`,`drawing_name`,`drawing_no`,`Version`,`modify_type`,`note`,`modify_user_name`,`create_time`,`input_ip`) VALUES ('ee','zz','tt','xx','ff','换图','','Administrator','2013-04-19 10:22:52','10.10.4.41') [ RunTime:0.003509s ]
SQL: SELECT `is_nuclear` FROM `product_modify` WHERE ( id=86 )  [ RunTime:0.000438s ]
SQL: SHOW COLUMNS FROM `product_modify_table` [ RunTime:0.006027s ]
SQL: INSERT INTO `product_modify_table` (`modifyid`,`create_time`) VALUES (86,'2013-04-19') [ RunTime:0.003860s ]
SQL: UPDATE `product_modify` SET `modify_id`='P13R-079' WHERE ( id=86 ) [ RunTime:0.000779s ]
INFO: [ view_template ] --START--
INFO: Run LocationTemplate Behavior [ RunTime:0.000984s ]
INFO: [ view_template ] --END-- [ RunTime:0.001091s ]
INFO: [ view_parse ] --START--
INFO: Run ParseTemplate Behavior [ RunTime:0.012677s ]
INFO: [ view_parse ] --END-- [ RunTime:0.012783s ]
INFO: [ view_filter ] --START--
INFO: Run ContentReplace Behavior [ RunTime:0.000923s ]
INFO: Run TokenBuild Behavior [ RunTime:0.000995s ]
INFO: Run WriteHtmlCache Behavior [ RunTime:0.001220s ]
INFO: Run ShowRuntime Behavior [ RunTime:0.001094s ]
INFO: [ view_filter ] --END-- [ RunTime:0.004511s ]
INFO: [ view_end ] --START--
INFO: Run ShowPageTrace Behavior [ RunTime:0.001254s ]
INFO: [ view_end ] --END-- [ RunTime:0.001338s ]

[ 2013-04-19T10:22:57+08:00 ] 10.10.4.41 /Product/index.php
INFO: [ app_begin ] --START--
INFO: Run ReadHtmlCache Behavior [ RunTime:0.001219s ]
INFO: [ app_begin ] --END-- [ RunTime:0.001319s ]
SQL: SHOW COLUMNS FROM `product_modify` [ RunTime:0.022627s ]
SQL: SELECT * FROM `product_modify` WHERE ( status=1 ) ORDER BY id desc LIMIT 10   [ RunTime:0.003892s ]
INFO: [ view_template ] --START--
INFO: Run LocationTemplate Behavior [ RunTime:0.001195s ]
INFO: [ view_template ] --END-- [ RunTime:0.001314s ]
INFO: [ view_parse ] --START--
INFO: Run ParseTemplate Behavior [ RunTime:0.018201s ]
INFO: [ view_parse ] --END-- [ RunTime:0.018314s ]
INFO: [ view_filter ] --START--
INFO: Run ContentReplace Behavior [ RunTime:0.001213s ]
INFO: Run TokenBuild Behavior [ RunTime:0.000905s ]
INFO: Run WriteHtmlCache Behavior [ RunTime:0.000781s ]
INFO: Run ShowRuntime Behavior [ RunTime:0.000973s ]
INFO: [ view_filter ] --END-- [ RunTime:0.004165s ]
INFO: [ view_end ] --START--
INFO: Run ShowPageTrace Behavior [ RunTime:0.001195s ]
INFO: [ view_end ] --END-- [ RunTime:0.001276s ]

[ 2013-04-19T10:23:01+08:00 ] 10.10.4.41 /Product/index.php/Modify/add
INFO: [ route_check ] --START--
INFO: Run CheckRoute Behavior [ RunTime:0.001835s ]
INFO: [ route_check ] --END-- [ RunTime:0.001973s ]
INFO: [ app_begin ] --START--
INFO: Run ReadHtmlCache Behavior [ RunTime:0.001613s ]
INFO: [ app_begin ] --END-- [ RunTime:0.001729s ]
INFO: [ view_template ] --START--
INFO: Run LocationTemplate Behavior [ RunTime:0.001111s ]
INFO: [ view_template ] --END-- [ RunTime:0.001223s ]
INFO: [ view_parse ] --START--
INFO: Run ParseTemplate Behavior [ RunTime:0.017395s ]
INFO: [ view_parse ] --END-- [ RunTime:0.017495s ]
INFO: [ view_filter ] --START--
INFO: Run ContentReplace Behavior [ RunTime:0.001163s ]
INFO: Run TokenBuild Behavior [ RunTime:0.001064s ]
INFO: Run WriteHtmlCache Behavior [ RunTime:0.000737s ]
INFO: Run ShowRuntime Behavior [ RunTime:0.001278s ]
INFO: [ view_filter ] --END-- [ RunTime:0.004643s ]
INFO: [ view_end ] --START--
INFO: Run ShowPageTrace Behavior [ RunTime:0.001385s ]
INFO: [ view_end ] --END-- [ RunTime:0.001468s ]

[ 2013-04-19T10:23:12+08:00 ] 10.10.4.41 /Product/index.php/Modify/Insert
INFO: [ route_check ] --START--
INFO: Run CheckRoute Behavior [ RunTime:0.001689s ]
INFO: [ route_check ] --END-- [ RunTime:0.001819s ]
INFO: [ app_begin ] --START--
INFO: Run ReadHtmlCache Behavior [ RunTime:0.001147s ]
INFO: [ app_begin ] --END-- [ RunTime:0.001240s ]
SQL: SHOW COLUMNS FROM `product_modify` [ RunTime:0.022856s ]
SQL: INSERT INTO `product_modify` (`product_no`,`product_name`,`drawing_name`,`drawing_no`,`Version`,`modify_type`,`is_nuclear`,`note`,`modify_user_name`,`create_time`,`input_ip`) VALUES ('zz','ff','ee','xx','1','换图',1,'','Administrator','2013-04-19 10:23:12','10.10.4.41') [ RunTime:0.003203s ]
SQL: SELECT `is_nuclear` FROM `product_modify` WHERE ( id=87 )  [ RunTime:0.000453s ]
SQL: SHOW COLUMNS FROM `product_nuclear` [ RunTime:0.006527s ]
SQL: INSERT INTO `product_nuclear` (`modifyId`,`create_time`) VALUES (87,'2013-04-19') [ RunTime:0.004031s ]
SQL: UPDATE `product_modify` SET `modify_id`='H13R-009' WHERE ( id=87 ) [ RunTime:0.001081s ]
INFO: [ view_template ] --START--
INFO: Run LocationTemplate Behavior [ RunTime:0.000977s ]
INFO: [ view_template ] --END-- [ RunTime:0.001065s ]
INFO: [ view_parse ] --START--
INFO: Run ParseTemplate Behavior [ RunTime:0.012391s ]
INFO: [ view_parse ] --END-- [ RunTime:0.012516s ]
INFO: [ view_filter ] --START--
INFO: Run ContentReplace Behavior [ RunTime:0.001192s ]
INFO: Run TokenBuild Behavior [ RunTime:0.001053s ]
INFO: Run WriteHtmlCache Behavior [ RunTime:0.000956s ]
INFO: Run ShowRuntime Behavior [ RunTime:0.001236s ]
INFO: [ view_filter ] --END-- [ RunTime:0.004715s ]
INFO: [ view_end ] --START--
INFO: Run ShowPageTrace Behavior [ RunTime:0.001596s ]
INFO: [ view_end ] --END-- [ RunTime:0.001697s ]

[ 2013-04-19T10:23:17+08:00 ] 10.10.4.41 /Product/index.php
INFO: [ app_begin ] --START--
INFO: Run ReadHtmlCache Behavior [ RunTime:0.001242s ]
INFO: [ app_begin ] --END-- [ RunTime:0.001346s ]
SQL: SHOW COLUMNS FROM `product_modify` [ RunTime:0.023343s ]
SQL: SELECT * FROM `product_modify` WHERE ( status=1 ) ORDER BY id desc LIMIT 10   [ RunTime:0.003870s ]
INFO: [ view_template ] --START--
INFO: Run LocationTemplate Behavior [ RunTime:0.001027s ]
INFO: [ view_template ] --END-- [ RunTime:0.001169s ]
INFO: [ view_parse ] --START--
INFO: Run ParseTemplate Behavior [ RunTime:0.018097s ]
INFO: [ view_parse ] --END-- [ RunTime:0.018196s ]
INFO: [ view_filter ] --START--
INFO: Run ContentReplace Behavior [ RunTime:0.000977s ]
INFO: Run TokenBuild Behavior [ RunTime:0.000928s ]
INFO: Run WriteHtmlCache Behavior [ RunTime:0.000750s ]
INFO: Run ShowRuntime Behavior [ RunTime:0.000974s ]
INFO: [ view_filter ] --END-- [ RunTime:0.003874s ]
INFO: [ view_end ] --START--
INFO: Run ShowPageTrace Behavior [ RunTime:0.001200s ]
INFO: [ view_end ] --END-- [ RunTime:0.001282s ]

[ 2013-04-19T10:23:53+08:00 ] 10.10.4.41 /Product/index.php/Modify/querythisweek
INFO: [ route_check ] --START--
INFO: Run CheckRoute Behavior [ RunTime:0.001446s ]
INFO: [ route_check ] --END-- [ RunTime:0.001559s ]
INFO: [ app_begin ] --START--
INFO: Run ReadHtmlCache Behavior [ RunTime:0.001115s ]
INFO: [ app_begin ] --END-- [ RunTime:0.001209s ]
SQL: select modify_id,is_nuclear,drawing_no,drawing_name,id,modify_user_name,create_time,Version from product_modify where YEARWEEK(date_format(create_time,'%Y-%m-%d'))=YEARWEEK(now()) and status=1 order by id desc [ RunTime:0.001355s ]

[ 2013-04-19T10:25:12+08:00 ] 10.10.4.41 /Product/index.php/Admin/logout
INFO: [ route_check ] --START--
INFO: Run CheckRoute Behavior [ RunTime:0.002871s ]
INFO: [ route_check ] --END-- [ RunTime:0.003013s ]
INFO: [ app_begin ] --START--
INFO: Run ReadHtmlCache Behavior [ RunTime:0.001806s ]
INFO: [ app_begin ] --END-- [ RunTime:0.001933s ]
INFO: [ view_template ] --START--
INFO: Run LocationTemplate Behavior [ RunTime:0.001545s ]
INFO: [ view_template ] --END-- [ RunTime:0.001656s ]
INFO: [ view_parse ] --START--
INFO: Run ParseTemplate Behavior [ RunTime:0.016081s ]
INFO: [ view_parse ] --END-- [ RunTime:0.016186s ]
INFO: [ view_filter ] --START--
INFO: Run ContentReplace Behavior [ RunTime:0.001292s ]
INFO: Run TokenBuild Behavior [ RunTime:0.001173s ]
INFO: Run WriteHtmlCache Behavior [ RunTime:0.001277s ]
INFO: Run ShowRuntime Behavior [ RunTime:0.001304s ]
INFO: [ view_filter ] --END-- [ RunTime:0.005625s ]
INFO: [ view_end ] --START--
INFO: Run ShowPageTrace Behavior [ RunTime:0.001585s ]
INFO: [ view_end ] --END-- [ RunTime:0.001671s ]

[ 2013-04-19T10:25:13+08:00 ] 10.10.4.41 /Product/index.php
INFO: [ app_begin ] --START--
INFO: Run ReadHtmlCache Behavior [ RunTime:0.001174s ]
INFO: [ app_begin ] --END-- [ RunTime:0.001274s ]
SQL: SHOW COLUMNS FROM `product_modify` [ RunTime:0.018092s ]
SQL: SELECT * FROM `product_modify` WHERE ( status=1 ) ORDER BY id desc LIMIT 10   [ RunTime:0.003959s ]
INFO: [ view_template ] --START--
INFO: Run LocationTemplate Behavior [ RunTime:0.002082s ]
INFO: [ view_template ] --END-- [ RunTime:0.002187s ]
INFO: [ view_parse ] --START--
NOTIC: [8] Undefined index: user_logined D:\Product\Runtime\Cache\70e4ac6229bd5f1254ecfd4db6987037.php 第 48 行.
INFO: Run ParseTemplate Behavior [ RunTime:0.019467s ]
INFO: [ view_parse ] --END-- [ RunTime:0.019557s ]
INFO: [ view_filter ] --START--
INFO: Run ContentReplace Behavior [ RunTime:0.001106s ]
INFO: Run TokenBuild Behavior [ RunTime:0.000954s ]
INFO: Run WriteHtmlCache Behavior [ RunTime:0.000729s ]
INFO: Run ShowRuntime Behavior [ RunTime:0.000976s ]
INFO: [ view_filter ] --END-- [ RunTime:0.004021s ]
INFO: [ view_end ] --START--
INFO: Run ShowPageTrace Behavior [ RunTime:0.001178s ]
INFO: [ view_end ] --END-- [ RunTime:0.001264s ]

[ 2013-04-19T11:03:20+08:00 ] 10.10.4.41 /Product/
INFO: [ app_begin ] --START--
INFO: Run ReadHtmlCache Behavior [ RunTime:0.001716s ]
INFO: [ app_begin ] --END-- [ RunTime:0.001892s ]
SQL: SHOW COLUMNS FROM `product_modify` [ RunTime:0.030977s ]
SQL: SELECT * FROM `product_modify` WHERE ( status=1 ) ORDER BY id desc LIMIT 10   [ RunTime:0.003525s ]
INFO: [ view_template ] --START--
INFO: Run LocationTemplate Behavior [ RunTime:0.002879s ]
INFO: [ view_template ] --END-- [ RunTime:0.002993s ]
INFO: [ view_parse ] --START--
NOTIC: [8] Undefined index: user_logined D:\Product\Runtime\Cache\70e4ac6229bd5f1254ecfd4db6987037.php 第 48 行.
INFO: Run ParseTemplate Behavior [ RunTime:0.042567s ]
INFO: [ view_parse ] --END-- [ RunTime:0.042672s ]
INFO: [ view_filter ] --START--
INFO: Run ContentReplace Behavior [ RunTime:0.001978s ]
INFO: Run TokenBuild Behavior [ RunTime:0.001583s ]
INFO: Run WriteHtmlCache Behavior [ RunTime:0.001106s ]
INFO: Run ShowRuntime Behavior [ RunTime:0.001406s ]
INFO: [ view_filter ] --END-- [ RunTime:0.006325s ]
INFO: [ view_end ] --START--
INFO: Run ShowPageTrace Behavior [ RunTime:0.001634s ]
INFO: [ view_end ] --END-- [ RunTime:0.001725s ]

[ 2013-04-19T11:03:21+08:00 ] 10.10.4.41 /Product/index.php/Modify/select
INFO: [ route_check ] --START--
INFO: Run CheckRoute Behavior [ RunTime:0.001936s ]
INFO: [ route_check ] --END-- [ RunTime:0.002050s ]
INFO: [ app_begin ] --START--
INFO: Run ReadHtmlCache Behavior [ RunTime:0.001308s ]
INFO: [ app_begin ] --END-- [ RunTime:0.001406s ]
SQL: SHOW COLUMNS FROM `product_modify` [ RunTime:0.029400s ]
SQL: SELECT COUNT(*) AS tp_count FROM `product_modify` WHERE ( status=1 ) LIMIT 1   [ RunTime:0.001101s ]
SQL: SELECT * FROM `product_modify` WHERE ( status=1 ) ORDER BY id desc LIMIT 0,20   [ RunTime:0.002595s ]
INFO: [ view_template ] --START--
INFO: Run LocationTemplate Behavior [ RunTime:0.001596s ]
INFO: [ view_template ] --END-- [ RunTime:0.001785s ]
INFO: [ view_parse ] --START--
NOTIC: [8] Undefined index: user_logined D:\Product\Runtime\Cache\4de4075f737637df6c9b2a77f2a99477.php 第 48 行.
INFO: Run ParseTemplate Behavior [ RunTime:0.062799s ]
INFO: [ view_parse ] --END-- [ RunTime:0.062909s ]
INFO: [ view_filter ] --START--
INFO: Run ContentReplace Behavior [ RunTime:0.001222s ]
INFO: Run TokenBuild Behavior [ RunTime:0.001099s ]
INFO: Run WriteHtmlCache Behavior [ RunTime:0.000811s ]
INFO: Run ShowRuntime Behavior [ RunTime:0.000986s ]
INFO: [ view_filter ] --END-- [ RunTime:0.004404s ]
INFO: [ view_end ] --START--
INFO: Run ShowPageTrace Behavior [ RunTime:0.001465s ]
INFO: [ view_end ] --END-- [ RunTime:0.001606s ]

